In file included from C:\Users\extanke\AppData\Local\Temp\tdd_build_w7_q4gh4\src\gtm_tom_3_phase_inverter_pwm.c:21:
C:\Users\extanke\AppData\Local\Temp\tdd_build_w7_q4gh4\include/IfxGtm_Pwm.h:79:5: error: redeclaration of enumerator 'IfxGtm_Dtm_ClockSource_systemClock'
   79 |     IfxGtm_Dtm_ClockSource_systemClock,
      |     ^~~~~~~~~~~~~~~~~~~~~~~~~~~~~~~~~~
In file included from C:\Users\extanke\AppData\Local\Temp\tdd_build_w7_q4gh4\include/IfxGtm_Pwm.h:6:
C:\Users\extanke\AppData\Local\Temp\tdd_build_w7_q4gh4\include/IfxGtm_Cmu.h:41:5: note: previous definition of 'IfxGtm_Dtm_ClockSource_systemClock' with type 'enum <anonymous>'
   41 |     IfxGtm_Dtm_ClockSource_systemClock,
      |     ^~~~~~~~~~~~~~~~~~~~~~~~~~~~~~~~~~
C:\Users\extanke\AppData\Local\Temp\tdd_build_w7_q4gh4\include/IfxGtm_Pwm.h:80:5: error: redeclaration of enumerator 'IfxGtm_Dtm_ClockSource_cmuClock0'
   80 |     IfxGtm_Dtm_ClockSource_cmuClock0,
      |     ^~~~~~~~~~~~~~~~~~~~~~~~~~~~~~~~
C:\Users\extanke\AppData\Local\Temp\tdd_build_w7_q4gh4\include/IfxGtm_Cmu.h:42:5: note: previous definition of 'IfxGtm_Dtm_ClockSource_cmuClock0' with type 'enum <anonymous>'
   42 |     IfxGtm_Dtm_ClockSource_cmuClock0,
      |     ^~~~~~~~~~~~~~~~~~~~~~~~~~~~~~~~
C:\Users\extanke\AppData\Local\Temp\tdd_build_w7_q4gh4\include/IfxGtm_Pwm.h:81:5: error: redeclaration of enumerator 'IfxGtm_Dtm_ClockSource_cmuClock1'
   81 |     IfxGtm_Dtm_ClockSource_cmuClock1,
      |     ^~~~~~~~~~~~~~~~~~~~~~~~~~~~~~~~
C:\Users\extanke\AppData\Local\Temp\tdd_build_w7_q4gh4\include/IfxGtm_Cmu.h:43:5: note: previous definition of 'IfxGtm_Dtm_ClockSource_cmuClock1' with type 'enum <anonymous>'
   43 |     IfxGtm_Dtm_ClockSource_cmuClock1,
      |     ^~~~~~~~~~~~~~~~~~~~~~~~~~~~~~~~
C:\Users\extanke\AppData\Local\Temp\tdd_build_w7_q4gh4\include/IfxGtm_Pwm.h:82:5: error: redeclaration of enumerator 'IfxGtm_Dtm_ClockSource_cmuClock2'
   82 |     IfxGtm_Dtm_ClockSource_cmuClock2
      |     ^~~~~~~~~~~~~~~~~~~~~~~~~~~~~~~~
C:\Users\extanke\AppData\Local\Temp\tdd_build_w7_q4gh4\include/IfxGtm_Cmu.h:44:5: note: previous definition of 'IfxGtm_Dtm_ClockSource_cmuClock2' with type 'enum <anonymous>'
   44 |     IfxGtm_Dtm_ClockSource_cmuClock2
      |     ^~~~~~~~~~~~~~~~~~~~~~~~~~~~~~~~
C:\Users\extanke\AppData\Local\Temp\tdd_build_w7_q4gh4\include/IfxGtm_Pwm.h:83:3: error: conflicting types for 'IfxGtm_Dtm_ClockSource'; have 'enum <anonymous>'
   83 | } IfxGtm_Dtm_ClockSource;
      |   ^~~~~~~~~~~~~~~~~~~~~~
C:\Users\extanke\AppData\Local\Temp\tdd_build_w7_q4gh4\include/IfxGtm_Cmu.h:45:3: note: previous declaration of 'IfxGtm_Dtm_ClockSource' with type 'IfxGtm_Dtm_ClockSource'
   45 | } IfxGtm_Dtm_ClockSource;
      |   ^~~~~~~~~~~~~~~~~~~~~~
C:\Users\extanke\AppData\Local\Temp\tdd_build_w7_q4gh4\include/IfxGtm_Pwm.h:167:5: error: unknown type name 'IfxGtm_Trig_MscOut'
  167 |     IfxGtm_Trig_MscOut         *mscOut;
      |     ^~~~~~~~~~~~~~~~~~

In file included from C:\Users\extanke\AppData\Local\Temp\tdd_build_w7_q4gh4\mocks\mock_gtm_tom_3_phase_inverter_pwm.c:4:
C:\Users\extanke\AppData\Local\Temp\tdd_build_w7_q4gh4\include/IfxGtm_Pwm.h:79:5: error: redeclaration of enumerator 'IfxGtm_Dtm_ClockSource_systemClock'
   79 |     IfxGtm_Dtm_ClockSource_systemClock,
      |     ^~~~~~~~~~~~~~~~~~~~~~~~~~~~~~~~~~
In file included from C:\Users\extanke\AppData\Local\Temp\tdd_build_w7_q4gh4\mocks\mock_gtm_tom_3_phase_inverter_pwm.c:3:
C:\Users\extanke\AppData\Local\Temp\tdd_build_w7_q4gh4\include/IfxGtm_Cmu.h:41:5: note: previous definition of 'IfxGtm_Dtm_ClockSource_systemClock' with type 'enum <anonymous>'
   41 |     IfxGtm_Dtm_ClockSource_systemClock,
      |     ^~~~~~~~~~~~~~~~~~~~~~~~~~~~~~~~~~
C:\Users\extanke\AppData\Local\Temp\tdd_build_w7_q4gh4\include/IfxGtm_Pwm.h:80:5: error: redeclaration of enumerator 'IfxGtm_Dtm_ClockSource_cmuClock0'
   80 |     IfxGtm_Dtm_ClockSource_cmuClock0,
      |     ^~~~~~~~~~~~~~~~~~~~~~~~~~~~~~~~
C:\Users\extanke\AppData\Local\Temp\tdd_build_w7_q4gh4\include/IfxGtm_Cmu.h:42:5: note: previous definition of 'IfxGtm_Dtm_ClockSource_cmuClock0' with type 'enum <anonymous>'
   42 |     IfxGtm_Dtm_ClockSource_cmuClock0,
      |     ^~~~~~~~~~~~~~~~~~~~~~~~~~~~~~~~
C:\Users\extanke\AppData\Local\Temp\tdd_build_w7_q4gh4\include/IfxGtm_Pwm.h:81:5: error: redeclaration of enumerator 'IfxGtm_Dtm_ClockSource_cmuClock1'
   81 |     IfxGtm_Dtm_ClockSource_cmuClock1,
      |     ^~~~~~~~~~~~~~~~~~~~~~~~~~~~~~~~
C:\Users\extanke\AppData\Local\Temp\tdd_build_w7_q4gh4\include/IfxGtm_Cmu.h:43:5: note: previous definition of 'IfxGtm_Dtm_ClockSource_cmuClock1' with type 'enum <anonymous>'
   43 |     IfxGtm_Dtm_ClockSource_cmuClock1,
      |     ^~~~~~~~~~~~~~~~~~~~~~~~~~~~~~~~
C:\Users\extanke\AppData\Local\Temp\tdd_build_w7_q4gh4\include/IfxGtm_Pwm.h:82:5: error: redeclaration of enumerator 'IfxGtm_Dtm_ClockSource_cmuClock2'
   82 |     IfxGtm_Dtm_ClockSource_cmuClock2
      |     ^~~~~~~~~~~~~~~~~~~~~~~~~~~~~~~~
C:\Users\extanke\AppData\Local\Temp\tdd_build_w7_q4gh4\include/IfxGtm_Cmu.h:44:5: note: previous definition of 'IfxGtm_Dtm_ClockSource_cmuClock2' with type 'enum <anonymous>'
   44 |     IfxGtm_Dtm_ClockSource_cmuClock2
      |     ^~~~~~~~~~~~~~~~~~~~~~~~~~~~~~~~
C:\Users\extanke\AppData\Local\Temp\tdd_build_w7_q4gh4\include/IfxGtm_Pwm.h:83:3: error: conflicting types for 'IfxGtm_Dtm_ClockSource'; have 'enum <anonymous>'
   83 | } IfxGtm_Dtm_ClockSource;
      |   ^~~~~~~~~~~~~~~~~~~~~~
C:\Users\extanke\AppData\Local\Temp\tdd_build_w7_q4gh4\include/IfxGtm_Cmu.h:45:3: note: previous declaration of 'IfxGtm_Dtm_ClockSource' with type 'IfxGtm_Dtm_ClockSource'
   45 | } IfxGtm_Dtm_ClockSource;
      |   ^~~~~~~~~~~~~~~~~~~~~~
C:\Users\extanke\AppData\Local\Temp\tdd_build_w7_q4gh4\include/IfxGtm_Pwm.h:167:5: error: unknown type name 'IfxGtm_Trig_MscOut'
  167 |     IfxGtm_Trig_MscOut         *mscOut;
      |     ^~~~~~~~~~~~~~~~~~

In file included from C:\Users\extanke\Downloads\merge\infineon_POC_MVP\unity/unity.h:22,
                 from C:\Users\extanke\AppData\Local\Temp\tdd_build_w7_q4gh4\test\test_gtm_tom_3_phase_inverter_pwm.c:1:
C:\Users\extanke\AppData\Local\Temp\tdd_build_w7_q4gh4\test\test_gtm_tom_3_phase_inverter_pwm.c: In function 'test_TC_G2_001_config_num_channels_and_frequency':
C:\Users\extanke\AppData\Local\Temp\tdd_build_w7_q4gh4\test\test_gtm_tom_3_phase_inverter_pwm.c:97:91: error: 'mock_IfxGtm_Pwm_updateFrequencyImmediate_lastFrequency' undeclared (first use in this function); did you mean 'mock_IfxGtm_Pwm_updateFrequencyImmediate_callCount'?
   97 |     TEST_ASSERT_FLOAT_WITHIN_MESSAGE(UT_FLOAT_EPSILON, (float)UT_PWM_FREQUENCY_HZ, (float)mock_IfxGtm_Pwm_updateFrequencyImmediate_lastFrequency, "Immediate frequency update must be 20 kHz");
      |                                                                                           ^~~~~~~~~~~~~~~~~~~~~~~~~~~~~~~~~~~~~~~~~~~~~~~~~~~~~~
C:\Users\extanke\Downloads\merge\infineon_POC_MVP\unity/unity_internals.h:1119:183: note: in definition of macro 'UNITY_TEST_ASSERT_FLOAT_WITHIN'
 1119 | #define UNITY_TEST_ASSERT_FLOAT_WITHIN(delta, expected, actual, line, message)                   UnityAssertFloatsWithin((UNITY_FLOAT)(delta), (UNITY_FLOAT)(expected), (UNITY_FLOAT)(actual), (message), (UNITY_LINE_TYPE)(line))
      |                                                                                                                                                                                       ^~~~~~
C:\Users\extanke\AppData\Local\Temp\tdd_build_w7_q4gh4\test\test_gtm_tom_3_phase_inverter_pwm.c:97:5: note: in expansion of macro 'TEST_ASSERT_FLOAT_WITHIN_MESSAGE'
   97 |     TEST_ASSERT_FLOAT_WITHIN_MESSAGE(UT_FLOAT_EPSILON, (float)UT_PWM_FREQUENCY_HZ, (float)mock_IfxGtm_Pwm_updateFrequencyImmediate_lastFrequency, "Immediate frequency update must be 20 kHz");
      |     ^~~~~~~~~~~~~~~~~~~~~~~~~~~~~~~~
C:\Users\extanke\AppData\Local\Temp\tdd_build_w7_q4gh4\test\test_gtm_tom_3_phase_inverter_pwm.c:97:91: note: each undeclared identifier is reported only once for each function it appears in
   97 |     TEST_ASSERT_FLOAT_WITHIN_MESSAGE(UT_FLOAT_EPSILON, (float)UT_PWM_FREQUENCY_HZ, (float)mock_IfxGtm_Pwm_updateFrequencyImmediate_lastFrequency, "Immediate frequency update must be 20 kHz");
      |                                                                                           ^~~~~~~~~~~~~~~~~~~~~~~~~~~~~~~~~~~~~~~~~~~~~~~~~~~~~~
C:\Users\extanke\Downloads\merge\infineon_POC_MVP\unity/unity_internals.h:1119:183: note: in definition of macro 'UNITY_TEST_ASSERT_FLOAT_WITHIN'
 1119 | #define UNITY_TEST_ASSERT_FLOAT_WITHIN(delta, expected, actual, line, message)                   UnityAssertFloatsWithin((UNITY_FLOAT)(delta), (UNITY_FLOAT)(expected), (UNITY_FLOAT)(actual), (message), (UNITY_LINE_TYPE)(line))
      |                                                                                                                                                                                       ^~~~~~
C:\Users\extanke\AppData\Local\Temp\tdd_build_w7_q4gh4\test\test_gtm_tom_3_phase_inverter_pwm.c:97:5: note: in expansion of macro 'TEST_ASSERT_FLOAT_WITHIN_MESSAGE'
   97 |     TEST_ASSERT_FLOAT_WITHIN_MESSAGE(UT_FLOAT_EPSILON, (float)UT_PWM_FREQUENCY_HZ, (float)mock_IfxGtm_Pwm_updateFrequencyImmediate_lastFrequency, "Immediate frequency update must be 20 kHz");
      |     ^~~~~~~~~~~~~~~~~~~~~~~~~~~~~~~~
C:\Users\extanke\AppData\Local\Temp\tdd_build_w7_q4gh4\test\test_gtm_tom_3_phase_inverter_pwm.c: In function 'test_TC_G3_002_runtime_update_frequency_value_is_pwm_frequency_not_module_clock':
C:\Users\extanke\AppData\Local\Temp\tdd_build_w7_q4gh4\test\test_gtm_tom_3_phase_inverter_pwm.c:149:91: error: 'mock_IfxGtm_Pwm_updateFrequencyImmediate_lastFrequency' undeclared (first use in this function); did you mean 'mock_IfxGtm_Pwm_updateFrequencyImmediate_callCount'?
  149 |     TEST_ASSERT_FLOAT_WITHIN_MESSAGE(UT_FLOAT_EPSILON, (float)UT_PWM_FREQUENCY_HZ, (float)mock_IfxGtm_Pwm_updateFrequencyImmediate_lastFrequency, "Immediate frequency update must use PWM frequency (20 kHz), not module frequency");
      |                                                                                           ^~~~~~~~~~~~~~~~~~~~~~~~~~~~~~~~~~~~~~~~~~~~~~~~~~~~~~
C:\Users\extanke\Downloads\merge\infineon_POC_MVP\unity/unity_internals.h:1119:183: note: in definition of macro 'UNITY_TEST_ASSERT_FLOAT_WITHIN'
 1119 | #define UNITY_TEST_ASSERT_FLOAT_WITHIN(delta, expected, actual, line, message)                   UnityAssertFloatsWithin((UNITY_FLOAT)(delta), (UNITY_FLOAT)(expected), (UNITY_FLOAT)(actual), (message), (UNITY_LINE_TYPE)(line))
      |                                                                                                                                                                                       ^~~~~~
C:\Users\extanke\AppData\Local\Temp\tdd_build_w7_q4gh4\test\test_gtm_tom_3_phase_inverter_pwm.c:149:5: note: in expansion of macro 'TEST_ASSERT_FLOAT_WITHIN_MESSAGE'
  149 |     TEST_ASSERT_FLOAT_WITHIN_MESSAGE(UT_FLOAT_EPSILON, (float)UT_PWM_FREQUENCY_HZ, (float)mock_IfxGtm_Pwm_updateFrequencyImmediate_lastFrequency, "Immediate frequency update must use PWM frequency (20 kHz), not module frequency");
      |     ^~~~~~~~~~~~~~~~~~~~~~~~~~~~~~~~
