In file included from C:\Users\extpedj\Desktop\infineon_POC_MVP\outputs_20260325-042646-3f0f46f0\6ee0b236-20b\Upgrade_the_KIT_A2G_TC387_5V_TFT_TC38x_3-phase_i_r_20260325_131656\attempts\phase_003_build\include/Ifx_Types.h:5,
                 from C:\Users\extpedj\Desktop\infineon_POC_MVP\outputs_20260325-042646-3f0f46f0\6ee0b236-20b\Upgrade_the_KIT_A2G_TC387_5V_TFT_TC38x_3-phase_i_r_20260325_131656\attempts\phase_003_build\include/gtm_tom_3_phase_inverter_pwm.h:11,
                 from C:\Users\extpedj\Desktop\infineon_POC_MVP\outputs_20260325-042646-3f0f46f0\6ee0b236-20b\Upgrade_the_KIT_A2G_TC387_5V_TFT_TC38x_3-phase_i_r_20260325_131656\attempts\phase_003_build\src\gtm_tom_3_phase_inverter_pwm.c:17:
C:\Users\extpedj\Desktop\infineon_POC_MVP\outputs_20260325-042646-3f0f46f0\6ee0b236-20b\Upgrade_the_KIT_A2G_TC387_5V_TFT_TC38x_3-phase_i_r_20260325_131656\attempts\phase_003_build\include/illd_types/Ifx_Types.h:1123:8: error: unknown type name 'Ifx_STMx'; did you mean 'Ifx_STM'?
 1123 | extern Ifx_STMx MODULE_STMx;
      |        ^~~~~~~~
      |        Ifx_STM
In file included from C:\Users\extpedj\Desktop\infineon_POC_MVP\outputs_20260325-042646-3f0f46f0\6ee0b236-20b\Upgrade_the_KIT_A2G_TC387_5V_TFT_TC38x_3-phase_i_r_20260325_131656\attempts\phase_003_build\src\gtm_tom_3_phase_inverter_pwm.c:19:
C:\Users\extpedj\Desktop\infineon_POC_MVP\outputs_20260325-042646-3f0f46f0\6ee0b236-20b\Upgrade_the_KIT_A2G_TC387_5V_TFT_TC38x_3-phase_i_r_20260325_131656\attempts\phase_003_build\include/IfxGtm.h:8:16: fatal error: IfxGtm.h: No such file or directory
    8 | # include_next "IfxGtm.h"
      |                ^~~~~~~~~~
compilation terminated.

In file included from C:\Users\extpedj\Desktop\infineon_POC_MVP\outputs_20260325-042646-3f0f46f0\6ee0b236-20b\Upgrade_the_KIT_A2G_TC387_5V_TFT_TC38x_3-phase_i_r_20260325_131656\attempts\phase_003_build\mocks\IfxEgtm_Pwm.c:1:
C:\Users\extpedj\Desktop\infineon_POC_MVP\outputs_20260325-042646-3f0f46f0\6ee0b236-20b\Upgrade_the_KIT_A2G_TC387_5V_TFT_TC38x_3-phase_i_r_20260325_131656\attempts\phase_003_build\include\illd_types/Ifx_Types.h:1123:8: error: unknown type name 'Ifx_STMx'; did you mean 'Ifx_STM'?
 1123 | extern Ifx_STMx MODULE_STMx;
      |        ^~~~~~~~
      |        Ifx_STM

In file included from C:\Users\extpedj\Desktop\infineon_POC_MVP\outputs_20260325-042646-3f0f46f0\6ee0b236-20b\Upgrade_the_KIT_A2G_TC387_5V_TFT_TC38x_3-phase_i_r_20260325_131656\attempts\phase_003_build\include/IfxGtm.h:4,
                 from C:\Users\extpedj\Desktop\infineon_POC_MVP\outputs_20260325-042646-3f0f46f0\6ee0b236-20b\Upgrade_the_KIT_A2G_TC387_5V_TFT_TC38x_3-phase_i_r_20260325_131656\attempts\phase_003_build\mocks\IfxGtm.c:1:
C:\Users\extpedj\Desktop\infineon_POC_MVP\outputs_20260325-042646-3f0f46f0\6ee0b236-20b\Upgrade_the_KIT_A2G_TC387_5V_TFT_TC38x_3-phase_i_r_20260325_131656\attempts\phase_003_build\include/illd_types/Ifx_Types.h:1123:8: error: unknown type name 'Ifx_STMx'; did you mean 'Ifx_STM'?
 1123 | extern Ifx_STMx MODULE_STMx;
      |        ^~~~~~~~
      |        Ifx_STM
C:\Users\extpedj\Desktop\infineon_POC_MVP\outputs_20260325-042646-3f0f46f0\6ee0b236-20b\Upgrade_the_KIT_A2G_TC387_5V_TFT_TC38x_3-phase_i_r_20260325_131656\attempts\phase_003_build\include/IfxGtm.h:8:16: fatal error: IfxGtm.h: No such file or directory
    8 | # include_next "IfxGtm.h"
      |                ^~~~~~~~~~
compilation terminated.

In file included from C:\Users\extpedj\Desktop\infineon_POC_MVP\outputs_20260325-042646-3f0f46f0\6ee0b236-20b\Upgrade_the_KIT_A2G_TC387_5V_TFT_TC38x_3-phase_i_r_20260325_131656\attempts\phase_003_build\include/IfxGtm_Cmu.h:4,
                 from C:\Users\extpedj\Desktop\infineon_POC_MVP\outputs_20260325-042646-3f0f46f0\6ee0b236-20b\Upgrade_the_KIT_A2G_TC387_5V_TFT_TC38x_3-phase_i_r_20260325_131656\attempts\phase_003_build\mocks\IfxGtm_Cmu.c:1:
C:\Users\extpedj\Desktop\infineon_POC_MVP\outputs_20260325-042646-3f0f46f0\6ee0b236-20b\Upgrade_the_KIT_A2G_TC387_5V_TFT_TC38x_3-phase_i_r_20260325_131656\attempts\phase_003_build\include/illd_types/Ifx_Types.h:1123:8: error: unknown type name 'Ifx_STMx'; did you mean 'Ifx_STM'?
 1123 | extern Ifx_STMx MODULE_STMx;
      |        ^~~~~~~~
      |        Ifx_STM
In file included from C:\Users\extpedj\Desktop\infineon_POC_MVP\outputs_20260325-042646-3f0f46f0\6ee0b236-20b\Upgrade_the_KIT_A2G_TC387_5V_TFT_TC38x_3-phase_i_r_20260325_131656\attempts\phase_003_build\include/IfxGtm.h:8,
                 from C:\Users\extpedj\Desktop\infineon_POC_MVP\outputs_20260325-042646-3f0f46f0\6ee0b236-20b\Upgrade_the_KIT_A2G_TC387_5V_TFT_TC38x_3-phase_i_r_20260325_131656\attempts\phase_003_build\include/IfxGtm_Cmu.h:5:
C:\Users\extpedj\Desktop\infineon_POC_MVP\outputs_20260325-042646-3f0f46f0\6ee0b236-20b\Upgrade_the_KIT_A2G_TC387_5V_TFT_TC38x_3-phase_i_r_20260325_131656\attempts\phase_003_build\include/IfxGtm.h:1: error: unterminated #ifndef
    1 | #ifndef IFXGTM_H
C:\Users\extpedj\Desktop\infineon_POC_MVP\outputs_20260325-042646-3f0f46f0\6ee0b236-20b\Upgrade_the_KIT_A2G_TC387_5V_TFT_TC38x_3-phase_i_r_20260325_131656\attempts\phase_003_build\include/IfxGtm.h:1: error: unterminated #ifndef
    1 | #ifndef IFXGTM_H
C:\Users\extpedj\Desktop\infineon_POC_MVP\outputs_20260325-042646-3f0f46f0\6ee0b236-20b\Upgrade_the_KIT_A2G_TC387_5V_TFT_TC38x_3-phase_i_r_20260325_131656\attempts\phase_003_build\include/IfxGtm_Cmu.h:12:16: fatal error: IfxGtm_Cmu.h: No such file or directory
   12 | # include_next "IfxGtm_Cmu.h"
      |                ^~~~~~~~~~~~~~
compilation terminated.

In file included from C:\Users\extpedj\Desktop\infineon_POC_MVP\outputs_20260325-042646-3f0f46f0\6ee0b236-20b\Upgrade_the_KIT_A2G_TC387_5V_TFT_TC38x_3-phase_i_r_20260325_131656\attempts\phase_003_build\include/IfxGtm_PinMap.h:4,
                 from C:\Users\extpedj\Desktop\infineon_POC_MVP\outputs_20260325-042646-3f0f46f0\6ee0b236-20b\Upgrade_the_KIT_A2G_TC387_5V_TFT_TC38x_3-phase_i_r_20260325_131656\attempts\phase_003_build\mocks\IfxGtm_PinMap.c:1:
C:\Users\extpedj\Desktop\infineon_POC_MVP\outputs_20260325-042646-3f0f46f0\6ee0b236-20b\Upgrade_the_KIT_A2G_TC387_5V_TFT_TC38x_3-phase_i_r_20260325_131656\attempts\phase_003_build\include/illd_types/Ifx_Types.h:1123:8: error: unknown type name 'Ifx_STMx'; did you mean 'Ifx_STM'?
 1123 | extern Ifx_STMx MODULE_STMx;
      |        ^~~~~~~~
      |        Ifx_STM
In file included from C:\Users\extpedj\Desktop\infineon_POC_MVP\outputs_20260325-042646-3f0f46f0\6ee0b236-20b\Upgrade_the_KIT_A2G_TC387_5V_TFT_TC38x_3-phase_i_r_20260325_131656\attempts\phase_003_build\include/IfxGtm.h:8,
                 from C:\Users\extpedj\Desktop\infineon_POC_MVP\outputs_20260325-042646-3f0f46f0\6ee0b236-20b\Upgrade_the_KIT_A2G_TC387_5V_TFT_TC38x_3-phase_i_r_20260325_131656\attempts\phase_003_build\include/IfxGtm_Tom.h:5,
                 from C:\Users\extpedj\Desktop\infineon_POC_MVP\outputs_20260325-042646-3f0f46f0\6ee0b236-20b\Upgrade_the_KIT_A2G_TC387_5V_TFT_TC38x_3-phase_i_r_20260325_131656\attempts\phase_003_build\include/IfxGtm_PinMap.h:6:
C:\Users\extpedj\Desktop\infineon_POC_MVP\outputs_20260325-042646-3f0f46f0\6ee0b236-20b\Upgrade_the_KIT_A2G_TC387_5V_TFT_TC38x_3-phase_i_r_20260325_131656\attempts\phase_003_build\include/IfxGtm.h:1: error: unterminated #ifndef
    1 | #ifndef IFXGTM_H
C:\Users\extpedj\Desktop\infineon_POC_MVP\outputs_20260325-042646-3f0f46f0\6ee0b236-20b\Upgrade_the_KIT_A2G_TC387_5V_TFT_TC38x_3-phase_i_r_20260325_131656\attempts\phase_003_build\include/IfxGtm.h:1: error: unterminated #ifndef
    1 | #ifndef IFXGTM_H
C:\Users\extpedj\Desktop\infineon_POC_MVP\outputs_20260325-042646-3f0f46f0\6ee0b236-20b\Upgrade_the_KIT_A2G_TC387_5V_TFT_TC38x_3-phase_i_r_20260325_131656\attempts\phase_003_build\include/IfxGtm_PinMap.h:12:16: fatal error: IfxGtm_PinMap.h: No such file or directory
   12 | # include_next "IfxGtm_PinMap.h"
      |                ^~~~~~~~~~~~~~~~~
compilation terminated.

In file included from C:\Users\extpedj\Desktop\infineon_POC_MVP\outputs_20260325-042646-3f0f46f0\6ee0b236-20b\Upgrade_the_KIT_A2G_TC387_5V_TFT_TC38x_3-phase_i_r_20260325_131656\attempts\phase_003_build\include/IfxGtm_Pwm.h:4,
                 from C:\Users\extpedj\Desktop\infineon_POC_MVP\outputs_20260325-042646-3f0f46f0\6ee0b236-20b\Upgrade_the_KIT_A2G_TC387_5V_TFT_TC38x_3-phase_i_r_20260325_131656\attempts\phase_003_build\mocks\IfxGtm_Pwm.c:1:
C:\Users\extpedj\Desktop\infineon_POC_MVP\outputs_20260325-042646-3f0f46f0\6ee0b236-20b\Upgrade_the_KIT_A2G_TC387_5V_TFT_TC38x_3-phase_i_r_20260325_131656\attempts\phase_003_build\include/illd_types/Ifx_Types.h:1123:8: error: unknown type name 'Ifx_STMx'; did you mean 'Ifx_STM'?
 1123 | extern Ifx_STMx MODULE_STMx;
      |        ^~~~~~~~
      |        Ifx_STM
In file included from C:\Users\extpedj\Desktop\infineon_POC_MVP\outputs_20260325-042646-3f0f46f0\6ee0b236-20b\Upgrade_the_KIT_A2G_TC387_5V_TFT_TC38x_3-phase_i_r_20260325_131656\attempts\phase_003_build\include/IfxGtm.h:8,
                 from C:\Users\extpedj\Desktop\infineon_POC_MVP\outputs_20260325-042646-3f0f46f0\6ee0b236-20b\Upgrade_the_KIT_A2G_TC387_5V_TFT_TC38x_3-phase_i_r_20260325_131656\attempts\phase_003_build\include/IfxGtm_Pwm.h:5:
C:\Users\extpedj\Desktop\infineon_POC_MVP\outputs_20260325-042646-3f0f46f0\6ee0b236-20b\Upgrade_the_KIT_A2G_TC387_5V_TFT_TC38x_3-phase_i_r_20260325_131656\attempts\phase_003_build\include/IfxGtm.h:1: error: unterminated #ifndef
    1 | #ifndef IFXGTM_H
C:\Users\extpedj\Desktop\infineon_POC_MVP\outputs_20260325-042646-3f0f46f0\6ee0b236-20b\Upgrade_the_KIT_A2G_TC387_5V_TFT_TC38x_3-phase_i_r_20260325_131656\attempts\phase_003_build\include/IfxGtm.h:1: error: unterminated #ifndef
    1 | #ifndef IFXGTM_H
C:\Users\extpedj\Desktop\infineon_POC_MVP\outputs_20260325-042646-3f0f46f0\6ee0b236-20b\Upgrade_the_KIT_A2G_TC387_5V_TFT_TC38x_3-phase_i_r_20260325_131656\attempts\phase_003_build\include/IfxGtm_Pwm.h:9:16: fatal error: IfxGtm_Pwm.h: No such file or directory
    9 | # include_next "IfxGtm_Pwm.h"
      |                ^~~~~~~~~~~~~~
compilation terminated.

In file included from C:\Users\extpedj\Desktop\infineon_POC_MVP\outputs_20260325-042646-3f0f46f0\6ee0b236-20b\Upgrade_the_KIT_A2G_TC387_5V_TFT_TC38x_3-phase_i_r_20260325_131656\attempts\phase_003_build\include/IfxGtm_Tom.h:4,
                 from C:\Users\extpedj\Desktop\infineon_POC_MVP\outputs_20260325-042646-3f0f46f0\6ee0b236-20b\Upgrade_the_KIT_A2G_TC387_5V_TFT_TC38x_3-phase_i_r_20260325_131656\attempts\phase_003_build\mocks\IfxGtm_Tom.c:1:
C:\Users\extpedj\Desktop\infineon_POC_MVP\outputs_20260325-042646-3f0f46f0\6ee0b236-20b\Upgrade_the_KIT_A2G_TC387_5V_TFT_TC38x_3-phase_i_r_20260325_131656\attempts\phase_003_build\include/illd_types/Ifx_Types.h:1123:8: error: unknown type name 'Ifx_STMx'; did you mean 'Ifx_STM'?
 1123 | extern Ifx_STMx MODULE_STMx;
      |        ^~~~~~~~
      |        Ifx_STM
In file included from C:\Users\extpedj\Desktop\infineon_POC_MVP\outputs_20260325-042646-3f0f46f0\6ee0b236-20b\Upgrade_the_KIT_A2G_TC387_5V_TFT_TC38x_3-phase_i_r_20260325_131656\attempts\phase_003_build\include/IfxGtm.h:8,
                 from C:\Users\extpedj\Desktop\infineon_POC_MVP\outputs_20260325-042646-3f0f46f0\6ee0b236-20b\Upgrade_the_KIT_A2G_TC387_5V_TFT_TC38x_3-phase_i_r_20260325_131656\attempts\phase_003_build\include/IfxGtm_Tom.h:5:
C:\Users\extpedj\Desktop\infineon_POC_MVP\outputs_20260325-042646-3f0f46f0\6ee0b236-20b\Upgrade_the_KIT_A2G_TC387_5V_TFT_TC38x_3-phase_i_r_20260325_131656\attempts\phase_003_build\include/IfxGtm.h:1: error: unterminated #ifndef
    1 | #ifndef IFXGTM_H
C:\Users\extpedj\Desktop\infineon_POC_MVP\outputs_20260325-042646-3f0f46f0\6ee0b236-20b\Upgrade_the_KIT_A2G_TC387_5V_TFT_TC38x_3-phase_i_r_20260325_131656\attempts\phase_003_build\include/IfxGtm.h:1: error: unterminated #ifndef
    1 | #ifndef IFXGTM_H

In file included from C:\Users\extpedj\Desktop\infineon_POC_MVP\outputs_20260325-042646-3f0f46f0\6ee0b236-20b\Upgrade_the_KIT_A2G_TC387_5V_TFT_TC38x_3-phase_i_r_20260325_131656\attempts\phase_003_build\mocks\IfxPort.c:1:
C:\Users\extpedj\Desktop\infineon_POC_MVP\outputs_20260325-042646-3f0f46f0\6ee0b236-20b\Upgrade_the_KIT_A2G_TC387_5V_TFT_TC38x_3-phase_i_r_20260325_131656\attempts\phase_003_build\include\illd_types/Ifx_Types.h:1123:8: error: unknown type name 'Ifx_STMx'; did you mean 'Ifx_STM'?
 1123 | extern Ifx_STMx MODULE_STMx;
      |        ^~~~~~~~
      |        Ifx_STM

In file included from C:\Users\extpedj\Desktop\infineon_POC_MVP\outputs_20260325-042646-3f0f46f0\6ee0b236-20b\Upgrade_the_KIT_A2G_TC387_5V_TFT_TC38x_3-phase_i_r_20260325_131656\attempts\phase_003_build\mocks\IfxPort_PinMap.c:1:
C:\Users\extpedj\Desktop\infineon_POC_MVP\outputs_20260325-042646-3f0f46f0\6ee0b236-20b\Upgrade_the_KIT_A2G_TC387_5V_TFT_TC38x_3-phase_i_r_20260325_131656\attempts\phase_003_build\include\illd_types/Ifx_Types.h:1123:8: error: unknown type name 'Ifx_STMx'; did you mean 'Ifx_STM'?
 1123 | extern Ifx_STMx MODULE_STMx;
      |        ^~~~~~~~
      |        Ifx_STM

In file included from C:\Users\extpedj\Desktop\infineon_POC_MVP\outputs_20260325-042646-3f0f46f0\6ee0b236-20b\Upgrade_the_KIT_A2G_TC387_5V_TFT_TC38x_3-phase_i_r_20260325_131656\attempts\phase_003_build\include/IfxStm.h:4,
                 from C:\Users\extpedj\Desktop\infineon_POC_MVP\outputs_20260325-042646-3f0f46f0\6ee0b236-20b\Upgrade_the_KIT_A2G_TC387_5V_TFT_TC38x_3-phase_i_r_20260325_131656\attempts\phase_003_build\mocks\IfxStm.c:1:
C:\Users\extpedj\Desktop\infineon_POC_MVP\outputs_20260325-042646-3f0f46f0\6ee0b236-20b\Upgrade_the_KIT_A2G_TC387_5V_TFT_TC38x_3-phase_i_r_20260325_131656\attempts\phase_003_build\include/illd_types/Ifx_Types.h:1123:8: error: unknown type name 'Ifx_STMx'; did you mean 'Ifx_STM'?
 1123 | extern Ifx_STMx MODULE_STMx;
      |        ^~~~~~~~
      |        Ifx_STM
C:\Users\extpedj\Desktop\infineon_POC_MVP\outputs_20260325-042646-3f0f46f0\6ee0b236-20b\Upgrade_the_KIT_A2G_TC387_5V_TFT_TC38x_3-phase_i_r_20260325_131656\attempts\phase_003_build\mocks\IfxStm.c: In function 'IfxStm_getTicksFromMilliseconds':
C:\Users\extpedj\Desktop\infineon_POC_MVP\outputs_20260325-042646-3f0f46f0\6ee0b236-20b\Upgrade_the_KIT_A2G_TC387_5V_TFT_TC38x_3-phase_i_r_20260325_131656\attempts\phase_003_build\mocks\IfxStm.c:20:21: error: 'millis' undeclared (first use in this function)
   20 |     return (sint32)(millis * 1000);  /* Simple conversion for testing */
      |                     ^~~~~~
C:\Users\extpedj\Desktop\infineon_POC_MVP\outputs_20260325-042646-3f0f46f0\6ee0b236-20b\Upgrade_the_KIT_A2G_TC387_5V_TFT_TC38x_3-phase_i_r_20260325_131656\attempts\phase_003_build\mocks\IfxStm.c:20:21: note: each undeclared identifier is reported only once for each function it appears in
C:\Users\extpedj\Desktop\infineon_POC_MVP\outputs_20260325-042646-3f0f46f0\6ee0b236-20b\Upgrade_the_KIT_A2G_TC387_5V_TFT_TC38x_3-phase_i_r_20260325_131656\attempts\phase_003_build\mocks\IfxStm.c: In function 'IfxStm_getTicksFromMicroseconds':
C:\Users\extpedj\Desktop\infineon_POC_MVP\outputs_20260325-042646-3f0f46f0\6ee0b236-20b\Upgrade_the_KIT_A2G_TC387_5V_TFT_TC38x_3-phase_i_r_20260325_131656\attempts\phase_003_build\mocks\IfxStm.c:25:20: error: 'micros' undeclared (first use in this function)
   25 |     return (sint32)micros;
      |                    ^~~~~~

In file included from C:\Users\extpedj\Desktop\infineon_POC_MVP\outputs_20260325-042646-3f0f46f0\6ee0b236-20b\Upgrade_the_KIT_A2G_TC387_5V_TFT_TC38x_3-phase_i_r_20260325_131656\attempts\phase_003_build\mocks\Ifx_Types.c:1:
C:\Users\extpedj\Desktop\infineon_POC_MVP\outputs_20260325-042646-3f0f46f0\6ee0b236-20b\Upgrade_the_KIT_A2G_TC387_5V_TFT_TC38x_3-phase_i_r_20260325_131656\attempts\phase_003_build\include\illd_types/Ifx_Types.h:1123:8: error: unknown type name 'Ifx_STMx'; did you mean 'Ifx_STM'?
 1123 | extern Ifx_STMx MODULE_STMx;
      |        ^~~~~~~~
      |        Ifx_STM

In file included from C:\Users\extpedj\Desktop\infineon_POC_MVP\outputs_20260325-042646-3f0f46f0\6ee0b236-20b\Upgrade_the_KIT_A2G_TC387_5V_TFT_TC38x_3-phase_i_r_20260325_131656\attempts\phase_003_build\include/Ifx_Types.h:5,
                 from C:\Users\extpedj\Desktop\infineon_POC_MVP\outputs_20260325-042646-3f0f46f0\6ee0b236-20b\Upgrade_the_KIT_A2G_TC387_5V_TFT_TC38x_3-phase_i_r_20260325_131656\attempts\phase_003_build\include/gtm_tom_3_phase_inverter_pwm.h:11,
                 from C:\Users\extpedj\Desktop\infineon_POC_MVP\outputs_20260325-042646-3f0f46f0\6ee0b236-20b\Upgrade_the_KIT_A2G_TC387_5V_TFT_TC38x_3-phase_i_r_20260325_131656\attempts\phase_003_build\test\test_gtm_tom_3_phase_inverter_pwm.c:2:
C:\Users\extpedj\Desktop\infineon_POC_MVP\outputs_20260325-042646-3f0f46f0\6ee0b236-20b\Upgrade_the_KIT_A2G_TC387_5V_TFT_TC38x_3-phase_i_r_20260325_131656\attempts\phase_003_build\include/illd_types/Ifx_Types.h:1123:8: error: unknown type name 'Ifx_STMx'; did you mean 'Ifx_STM'?
 1123 | extern Ifx_STMx MODULE_STMx;
      |        ^~~~~~~~
      |        Ifx_STM
In file included from C:\Users\extpedj\Desktop\infineon_POC_MVP\outputs_20260325-042646-3f0f46f0\6ee0b236-20b\Upgrade_the_KIT_A2G_TC387_5V_TFT_TC38x_3-phase_i_r_20260325_131656\attempts\phase_003_build\test\test_gtm_tom_3_phase_inverter_pwm.c:3:
C:\Users\extpedj\Desktop\infineon_POC_MVP\outputs_20260325-042646-3f0f46f0\6ee0b236-20b\Upgrade_the_KIT_A2G_TC387_5V_TFT_TC38x_3-phase_i_r_20260325_131656\attempts\phase_003_build\include/IfxGtm.h:8:16: fatal error: IfxGtm.h: No such file or directory
    8 | # include_next "IfxGtm.h"
      |                ^~~~~~~~~~
compilation terminated.
