In file included from C:\Users\extsiyv\AppData\Local\Temp\tdd_build_w9uiojs6\include/IfxGtm_Pwm.h:7,
                 from C:\Users\extsiyv\AppData\Local\Temp\tdd_build_w9uiojs6\src\gtm_tom_3_phase_inverter_pwm.c:18:
C:\Users\extsiyv\AppData\Local\Temp\tdd_build_w9uiojs6\include/IfxPort.h:10:5: error: unknown type name 'IfxPort_LvdsMode'
   10 |     IfxPort_LvdsMode     lvdsMode;
      |     ^~~~~~~~~~~~~~~~
C:\Users\extsiyv\AppData\Local\Temp\tdd_build_w9uiojs6\include/IfxPort.h:11:5: error: unknown type name 'IfxPort_ControlledBy'
   11 |     IfxPort_ControlledBy enablePortControlled;
      |     ^~~~~~~~~~~~~~~~~~~~
C:\Users\extsiyv\AppData\Local\Temp\tdd_build_w9uiojs6\include/IfxPort.h:12:5: error: unknown type name 'IfxPort_PadSupply'
   12 |     IfxPort_PadSupply    padSupply;
      |     ^~~~~~~~~~~~~~~~~
C:\Users\extsiyv\AppData\Local\Temp\tdd_build_w9uiojs6\include/IfxPort.h:25:5: error: unknown type name 'IfxPort_OutputIdx'
   25 |     IfxPort_OutputIdx mode;
      |     ^~~~~~~~~~~~~~~~~
C:\Users\extsiyv\AppData\Local\Temp\tdd_build_w9uiojs6\include/IfxPort.h:26:5: error: unknown type name 'IfxPort_PadDriver'
   26 |     IfxPort_PadDriver padDriver;
      |     ^~~~~~~~~~~~~~~~~
C:\Users\extsiyv\AppData\Local\Temp\tdd_build_w9uiojs6\include/IfxGtm_Pwm.h:196:16: error: redeclaration of enumerator 'IfxGtm_Cluster_0'
  196 | typedef enum { IfxGtm_Cluster_0 = 0, IfxGtm_Cluster_1, IfxGtm_Cluster_2, IfxGtm_Cluster_3 } IfxGtm_Cluster; /* defined here for dependency */
      |                ^~~~~~~~~~~~~~~~
In file included from C:\Users\extsiyv\AppData\Local\Temp\tdd_build_w9uiojs6\include/IfxGtm_Pwm.h:5:
C:\Users\extsiyv\AppData\Local\Temp\tdd_build_w9uiojs6\include/IfxGtm.h:23:16: note: previous definition of 'IfxGtm_Cluster_0' with type 'enum <anonymous>'
   23 | typedef enum { IfxGtm_Cluster_0 = 0, IfxGtm_Cluster_1, IfxGtm_Cluster_2, IfxGtm_Cluster_3 } IfxGtm_Cluster;
      |                ^~~~~~~~~~~~~~~~
C:\Users\extsiyv\AppData\Local\Temp\tdd_build_w9uiojs6\include/IfxGtm_Pwm.h:196:38: error: redeclaration of enumerator 'IfxGtm_Cluster_1'
  196 | typedef enum { IfxGtm_Cluster_0 = 0, IfxGtm_Cluster_1, IfxGtm_Cluster_2, IfxGtm_Cluster_3 } IfxGtm_Cluster; /* defined here for dependency */
      |                                      ^~~~~~~~~~~~~~~~
C:\Users\extsiyv\AppData\Local\Temp\tdd_build_w9uiojs6\include/IfxGtm.h:23:38: note: previous definition of 'IfxGtm_Cluster_1' with type 'enum <anonymous>'
   23 | typedef enum { IfxGtm_Cluster_0 = 0, IfxGtm_Cluster_1, IfxGtm_Cluster_2, IfxGtm_Cluster_3 } IfxGtm_Cluster;
      |                                      ^~~~~~~~~~~~~~~~
C:\Users\extsiyv\AppData\Local\Temp\tdd_build_w9uiojs6\include/IfxGtm_Pwm.h:196:56: error: redeclaration of enumerator 'IfxGtm_Cluster_2'
  196 | typedef enum { IfxGtm_Cluster_0 = 0, IfxGtm_Cluster_1, IfxGtm_Cluster_2, IfxGtm_Cluster_3 } IfxGtm_Cluster; /* defined here for dependency */
      |                                                        ^~~~~~~~~~~~~~~~
C:\Users\extsiyv\AppData\Local\Temp\tdd_build_w9uiojs6\include/IfxGtm.h:23:56: note: previous definition of 'IfxGtm_Cluster_2' with type 'enum <anonymous>'
   23 | typedef enum { IfxGtm_Cluster_0 = 0, IfxGtm_Cluster_1, IfxGtm_Cluster_2, IfxGtm_Cluster_3 } IfxGtm_Cluster;
      |                                                        ^~~~~~~~~~~~~~~~
C:\Users\extsiyv\AppData\Local\Temp\tdd_build_w9uiojs6\include/IfxGtm_Pwm.h:196:74: error: redeclaration of enumerator 'IfxGtm_Cluster_3'
  196 | typedef enum { IfxGtm_Cluster_0 = 0, IfxGtm_Cluster_1, IfxGtm_Cluster_2, IfxGtm_Cluster_3 } IfxGtm_Cluster; /* defined here for dependency */
      |                                                                          ^~~~~~~~~~~~~~~~
C:\Users\extsiyv\AppData\Local\Temp\tdd_build_w9uiojs6\include/IfxGtm.h:23:74: note: previous definition of 'IfxGtm_Cluster_3' with type 'enum <anonymous>'
   23 | typedef enum { IfxGtm_Cluster_0 = 0, IfxGtm_Cluster_1, IfxGtm_Cluster_2, IfxGtm_Cluster_3 } IfxGtm_Cluster;
      |                                                                          ^~~~~~~~~~~~~~~~
C:\Users\extsiyv\AppData\Local\Temp\tdd_build_w9uiojs6\include/IfxGtm_Pwm.h:196:93: error: conflicting types for 'IfxGtm_Cluster'; have 'enum <anonymous>'
  196 | typedef enum { IfxGtm_Cluster_0 = 0, IfxGtm_Cluster_1, IfxGtm_Cluster_2, IfxGtm_Cluster_3 } IfxGtm_Cluster; /* defined here for dependency */
      |                                                                                             ^~~~~~~~~~~~~~
C:\Users\extsiyv\AppData\Local\Temp\tdd_build_w9uiojs6\include/IfxGtm.h:23:93: note: previous declaration of 'IfxGtm_Cluster' with type 'IfxGtm_Cluster'
   23 | typedef enum { IfxGtm_Cluster_0 = 0, IfxGtm_Cluster_1, IfxGtm_Cluster_2, IfxGtm_Cluster_3 } IfxGtm_Cluster;
      |                                                                                             ^~~~~~~~~~~~~~
C:\Users\extsiyv\AppData\Local\Temp\tdd_build_w9uiojs6\src\gtm_tom_3_phase_inverter_pwm.c: In function 'initGtmTomPwm':
C:\Users\extsiyv\AppData\Local\Temp\tdd_build_w9uiojs6\src\gtm_tom_3_phase_inverter_pwm.c:202:35: error: 'IfxGtm_Dtm_ClockSource_cmuClock0' undeclared (first use in this function); did you mean 'IfxGtm_Dtm_ClockSource_cmuClk0'?
  202 |     config.dtmClockSource       = IfxGtm_Dtm_ClockSource_cmuClock0;
      |                                   ^~~~~~~~~~~~~~~~~~~~~~~~~~~~~~~~
      |                                   IfxGtm_Dtm_ClockSource_cmuClk0
C:\Users\extsiyv\AppData\Local\Temp\tdd_build_w9uiojs6\src\gtm_tom_3_phase_inverter_pwm.c:202:35: note: each undeclared identifier is reported only once for each function it appears in

In file included from C:\Users\extsiyv\AppData\Local\Temp\tdd_build_w9uiojs6\include/IfxGtm_Pwm.h:7,
                 from C:\Users\extsiyv\AppData\Local\Temp\tdd_build_w9uiojs6\mocks\mock_gtm_tom_3_phase_inverter_pwm.c:5:
C:\Users\extsiyv\AppData\Local\Temp\tdd_build_w9uiojs6\include/IfxPort.h:10:5: error: unknown type name 'IfxPort_LvdsMode'
   10 |     IfxPort_LvdsMode     lvdsMode;
      |     ^~~~~~~~~~~~~~~~
C:\Users\extsiyv\AppData\Local\Temp\tdd_build_w9uiojs6\include/IfxPort.h:11:5: error: unknown type name 'IfxPort_ControlledBy'
   11 |     IfxPort_ControlledBy enablePortControlled;
      |     ^~~~~~~~~~~~~~~~~~~~
C:\Users\extsiyv\AppData\Local\Temp\tdd_build_w9uiojs6\include/IfxPort.h:12:5: error: unknown type name 'IfxPort_PadSupply'
   12 |     IfxPort_PadSupply    padSupply;
      |     ^~~~~~~~~~~~~~~~~
C:\Users\extsiyv\AppData\Local\Temp\tdd_build_w9uiojs6\include/IfxPort.h:25:5: error: unknown type name 'IfxPort_OutputIdx'
   25 |     IfxPort_OutputIdx mode;
      |     ^~~~~~~~~~~~~~~~~
C:\Users\extsiyv\AppData\Local\Temp\tdd_build_w9uiojs6\include/IfxPort.h:26:5: error: unknown type name 'IfxPort_PadDriver'
   26 |     IfxPort_PadDriver padDriver;
      |     ^~~~~~~~~~~~~~~~~
C:\Users\extsiyv\AppData\Local\Temp\tdd_build_w9uiojs6\include/IfxGtm_Pwm.h:196:16: error: redeclaration of enumerator 'IfxGtm_Cluster_0'
  196 | typedef enum { IfxGtm_Cluster_0 = 0, IfxGtm_Cluster_1, IfxGtm_Cluster_2, IfxGtm_Cluster_3 } IfxGtm_Cluster; /* defined here for dependency */
      |                ^~~~~~~~~~~~~~~~
In file included from C:\Users\extsiyv\AppData\Local\Temp\tdd_build_w9uiojs6\mocks\mock_gtm_tom_3_phase_inverter_pwm.c:3:
C:\Users\extsiyv\AppData\Local\Temp\tdd_build_w9uiojs6\include/IfxGtm.h:23:16: note: previous definition of 'IfxGtm_Cluster_0' with type 'enum <anonymous>'
   23 | typedef enum { IfxGtm_Cluster_0 = 0, IfxGtm_Cluster_1, IfxGtm_Cluster_2, IfxGtm_Cluster_3 } IfxGtm_Cluster;
      |                ^~~~~~~~~~~~~~~~
C:\Users\extsiyv\AppData\Local\Temp\tdd_build_w9uiojs6\include/IfxGtm_Pwm.h:196:38: error: redeclaration of enumerator 'IfxGtm_Cluster_1'
  196 | typedef enum { IfxGtm_Cluster_0 = 0, IfxGtm_Cluster_1, IfxGtm_Cluster_2, IfxGtm_Cluster_3 } IfxGtm_Cluster; /* defined here for dependency */
      |                                      ^~~~~~~~~~~~~~~~
C:\Users\extsiyv\AppData\Local\Temp\tdd_build_w9uiojs6\include/IfxGtm.h:23:38: note: previous definition of 'IfxGtm_Cluster_1' with type 'enum <anonymous>'
   23 | typedef enum { IfxGtm_Cluster_0 = 0, IfxGtm_Cluster_1, IfxGtm_Cluster_2, IfxGtm_Cluster_3 } IfxGtm_Cluster;
      |                                      ^~~~~~~~~~~~~~~~
C:\Users\extsiyv\AppData\Local\Temp\tdd_build_w9uiojs6\include/IfxGtm_Pwm.h:196:56: error: redeclaration of enumerator 'IfxGtm_Cluster_2'
  196 | typedef enum { IfxGtm_Cluster_0 = 0, IfxGtm_Cluster_1, IfxGtm_Cluster_2, IfxGtm_Cluster_3 } IfxGtm_Cluster; /* defined here for dependency */
      |                                                        ^~~~~~~~~~~~~~~~
C:\Users\extsiyv\AppData\Local\Temp\tdd_build_w9uiojs6\include/IfxGtm.h:23:56: note: previous definition of 'IfxGtm_Cluster_2' with type 'enum <anonymous>'
   23 | typedef enum { IfxGtm_Cluster_0 = 0, IfxGtm_Cluster_1, IfxGtm_Cluster_2, IfxGtm_Cluster_3 } IfxGtm_Cluster;
      |                                                        ^~~~~~~~~~~~~~~~
C:\Users\extsiyv\AppData\Local\Temp\tdd_build_w9uiojs6\include/IfxGtm_Pwm.h:196:74: error: redeclaration of enumerator 'IfxGtm_Cluster_3'
  196 | typedef enum { IfxGtm_Cluster_0 = 0, IfxGtm_Cluster_1, IfxGtm_Cluster_2, IfxGtm_Cluster_3 } IfxGtm_Cluster; /* defined here for dependency */
      |                                                                          ^~~~~~~~~~~~~~~~
C:\Users\extsiyv\AppData\Local\Temp\tdd_build_w9uiojs6\include/IfxGtm.h:23:74: note: previous definition of 'IfxGtm_Cluster_3' with type 'enum <anonymous>'
   23 | typedef enum { IfxGtm_Cluster_0 = 0, IfxGtm_Cluster_1, IfxGtm_Cluster_2, IfxGtm_Cluster_3 } IfxGtm_Cluster;
      |                                                                          ^~~~~~~~~~~~~~~~
C:\Users\extsiyv\AppData\Local\Temp\tdd_build_w9uiojs6\include/IfxGtm_Pwm.h:196:93: error: conflicting types for 'IfxGtm_Cluster'; have 'enum <anonymous>'
  196 | typedef enum { IfxGtm_Cluster_0 = 0, IfxGtm_Cluster_1, IfxGtm_Cluster_2, IfxGtm_Cluster_3 } IfxGtm_Cluster; /* defined here for dependency */
      |                                                                                             ^~~~~~~~~~~~~~
C:\Users\extsiyv\AppData\Local\Temp\tdd_build_w9uiojs6\include/IfxGtm.h:23:93: note: previous declaration of 'IfxGtm_Cluster' with type 'IfxGtm_Cluster'
   23 | typedef enum { IfxGtm_Cluster_0 = 0, IfxGtm_Cluster_1, IfxGtm_Cluster_2, IfxGtm_Cluster_3 } IfxGtm_Cluster;
      |                                                                                             ^~~~~~~~~~~~~~
