In file included from C:\Users\extalth\Downloads\Infineon\infineon_POC_MVP\outputs_20260326-054441-6885217a\c5bc9be6-7a3\Implement_a_3-phase_inverter_PWM_on_KIT_A2G_TC387_r_20260326_144402\attempts\phase_001_build\src\gtm_tom_3_phase_inverter_pwm.c:25:
C:\Users\extalth\Downloads\Infineon\infineon_POC_MVP\outputs_20260326-054441-6885217a\c5bc9be6-7a3\Implement_a_3-phase_inverter_PWM_on_KIT_A2G_TC387_r_20260326_144402\attempts\phase_001_build\include/gtm_tom_3_phase_inverter_pwm.h:30:60: warning: '/*' within comment [-Wcomment]
   30 | /* #define PWM_DEAD_TIME_S                 (5.0e-07f)      /* TIMING_DEAD_TIME_SECONDS = 0.5us */ */  /* auto-fix: incompatible struct types */
C:\Users\extalth\Downloads\Infineon\infineon_POC_MVP\outputs_20260326-054441-6885217a\c5bc9be6-7a3\Implement_a_3-phase_inverter_PWM_on_KIT_A2G_TC387_r_20260326_144402\attempts\phase_001_build\include/gtm_tom_3_phase_inverter_pwm.h:30:100: error: expected identifier or '(' before '/' token
   30 | /* #define PWM_DEAD_TIME_S                 (5.0e-07f)      /* TIMING_DEAD_TIME_SECONDS = 0.5us */ */  /* auto-fix: incompatible struct types */
      |                                                                                                    ^

C:\Users\extalth\Downloads\Infineon\infineon_POC_MVP\outputs_20260326-054441-6885217a\c5bc9be6-7a3\Implement_a_3-phase_inverter_PWM_on_KIT_A2G_TC387_r_20260326_144402\attempts\phase_001_build\mocks\gtm_tom_3.c:7:15: error: redefinition of 's_init_count'
    7 | static uint32 s_init_count = 0;
      |               ^~~~~~~~~~~~
C:\Users\extalth\Downloads\Infineon\infineon_POC_MVP\outputs_20260326-054441-6885217a\c5bc9be6-7a3\Implement_a_3-phase_inverter_PWM_on_KIT_A2G_TC387_r_20260326_144402\attempts\phase_001_build\mocks\gtm_tom_3.c:5:15: note: previous definition of 's_init_count' with type 'uint32' {aka 'unsigned int'}
    5 | static uint32 s_init_count = 0;
      |               ^~~~~~~~~~~~
C:\Users\extalth\Downloads\Infineon\infineon_POC_MVP\outputs_20260326-054441-6885217a\c5bc9be6-7a3\Implement_a_3-phase_inverter_PWM_on_KIT_A2G_TC387_r_20260326_144402\attempts\phase_001_build\mocks\gtm_tom_3.c:18:8: error: redefinition of 'GTM_TOM_3_Phase_Inverter_PWM_Mock_GetCallCount_init'
   18 | uint32 GTM_TOM_3_Phase_Inverter_PWM_Mock_GetCallCount_init(void) {
      |        ^~~~~~~~~~~~~~~~~~~~~~~~~~~~~~~~~~~~~~~~~~~~~~~~~~~
C:\Users\extalth\Downloads\Infineon\infineon_POC_MVP\outputs_20260326-054441-6885217a\c5bc9be6-7a3\Implement_a_3-phase_inverter_PWM_on_KIT_A2G_TC387_r_20260326_144402\attempts\phase_001_build\mocks\gtm_tom_3.c:14:8: note: previous definition of 'GTM_TOM_3_Phase_Inverter_PWM_Mock_GetCallCount_init' with type 'uint32(void)' {aka 'unsigned int(void)'}
   14 | uint32 GTM_TOM_3_Phase_Inverter_PWM_Mock_GetCallCount_init(void) {
      |        ^~~~~~~~~~~~~~~~~~~~~~~~~~~~~~~~~~~~~~~~~~~~~~~~~~~

C:\Users\extalth\Downloads\Infineon\infineon_POC_MVP\outputs_20260326-054441-6885217a\c5bc9be6-7a3\Implement_a_3-phase_inverter_PWM_on_KIT_A2G_TC387_r_20260326_144402\attempts\phase_001_build\mocks\IfxGtm_PinMap.c:9:15: error: redefinition of 's_setTomTout_count'
    9 | static uint32 s_setTomTout_count = 0;
      |               ^~~~~~~~~~~~~~~~~~
C:\Users\extalth\Downloads\Infineon\infineon_POC_MVP\outputs_20260326-054441-6885217a\c5bc9be6-7a3\Implement_a_3-phase_inverter_PWM_on_KIT_A2G_TC387_r_20260326_144402\attempts\phase_001_build\mocks\IfxGtm_PinMap.c:5:15: note: previous definition of 's_setTomTout_count' with type 'uint32' {aka 'unsigned int'}
    5 | static uint32 s_setTomTout_count = 0;
      |               ^~~~~~~~~~~~~~~~~~
C:\Users\extalth\Downloads\Infineon\infineon_POC_MVP\outputs_20260326-054441-6885217a\c5bc9be6-7a3\Implement_a_3-phase_inverter_PWM_on_KIT_A2G_TC387_r_20260326_144402\attempts\phase_001_build\mocks\IfxGtm_PinMap.c:22:8: error: redefinition of 'IfxGtm_PinMap_Mock_GetCallCount_setTomTout'
   22 | uint32 IfxGtm_PinMap_Mock_GetCallCount_setTomTout(void)
      |        ^~~~~~~~~~~~~~~~~~~~~~~~~~~~~~~~~~~~~~~~~~
C:\Users\extalth\Downloads\Infineon\infineon_POC_MVP\outputs_20260326-054441-6885217a\c5bc9be6-7a3\Implement_a_3-phase_inverter_PWM_on_KIT_A2G_TC387_r_20260326_144402\attempts\phase_001_build\mocks\IfxGtm_PinMap.c:18:8: note: previous definition of 'IfxGtm_PinMap_Mock_GetCallCount_setTomTout' with type 'uint32(void)' {aka 'unsigned int(void)'}
   18 | uint32 IfxGtm_PinMap_Mock_GetCallCount_setTomTout(void) {
      |        ^~~~~~~~~~~~~~~~~~~~~~~~~~~~~~~~~~~~~~~~~~

In file included from C:\Users\extalth\Downloads\Infineon\infineon_POC_MVP\outputs_20260326-054441-6885217a\c5bc9be6-7a3\Implement_a_3-phase_inverter_PWM_on_KIT_A2G_TC387_r_20260326_144402\attempts\phase_001_build\test\test_GTM_TOM_3_Phase_Inverter_PWM.c:2:
C:\Users\extalth\Downloads\Infineon\infineon_POC_MVP\outputs_20260326-054441-6885217a\c5bc9be6-7a3\Implement_a_3-phase_inverter_PWM_on_KIT_A2G_TC387_r_20260326_144402\attempts\phase_001_build\include/gtm_tom_3_phase_inverter_pwm.h:30:60: warning: '/*' within comment [-Wcomment]
   30 | /* #define PWM_DEAD_TIME_S                 (5.0e-07f)      /* TIMING_DEAD_TIME_SECONDS = 0.5us */ */  /* auto-fix: incompatible struct types */
C:\Users\extalth\Downloads\Infineon\infineon_POC_MVP\outputs_20260326-054441-6885217a\c5bc9be6-7a3\Implement_a_3-phase_inverter_PWM_on_KIT_A2G_TC387_r_20260326_144402\attempts\phase_001_build\include/gtm_tom_3_phase_inverter_pwm.h:30:100: error: expected identifier or '(' before '/' token
   30 | /* #define PWM_DEAD_TIME_S                 (5.0e-07f)      /* TIMING_DEAD_TIME_SECONDS = 0.5us */ */  /* auto-fix: incompatible struct types */
      |                                                                                                    ^
In file included from C:\Users\extalth\Downloads\Infineon\infineon_POC_MVP\unity/unity.h:22,
                 from C:\Users\extalth\Downloads\Infineon\infineon_POC_MVP\outputs_20260326-054441-6885217a\c5bc9be6-7a3\Implement_a_3-phase_inverter_PWM_on_KIT_A2G_TC387_r_20260326_144402\attempts\phase_001_build\test\test_GTM_TOM_3_Phase_Inverter_PWM.c:1:
C:\Users\extalth\Downloads\Infineon\infineon_POC_MVP\outputs_20260326-054441-6885217a\c5bc9be6-7a3\Implement_a_3-phase_inverter_PWM_on_KIT_A2G_TC387_r_20260326_144402\attempts\phase_001_build\test\test_GTM_TOM_3_Phase_Inverter_PWM.c: In function 'test_GTM_TOM_3_Phase_Inverter_PWM_init_SetsExpectedConfigValues':
C:\Users\extalth\Downloads\Infineon\infineon_POC_MVP\outputs_20260326-054441-6885217a\c5bc9be6-7a3\Implement_a_3-phase_inverter_PWM_on_KIT_A2G_TC387_r_20260326_144402\attempts\phase_001_build\test\test_GTM_TOM_3_Phase_Inverter_PWM.c:72:23: error: 'pushPull' undeclared (first use in this function)
   72 |     TEST_ASSERT_EQUAL(pushPull, IfxGtm_PinMap_Mock_GetLastArg_setTomTout_outputMode());
      |                       ^~~~~~~~
C:\Users\extalth\Downloads\Infineon\infineon_POC_MVP\unity/unity_internals.h:897:133: note: in definition of macro 'UNITY_TEST_ASSERT_EQUAL_INT'
  897 | #define UNITY_TEST_ASSERT_EQUAL_INT(expected, actual, line, message)                             UnityAssertEqualNumber((UNITY_INT)(expected), (UNITY_INT)(actual), (message), (UNITY_LINE_TYPE)(line), UNITY_DISPLAY_STYLE_INT)
      |                                                                                                                                     ^~~~~~~~
C:\Users\extalth\Downloads\Infineon\infineon_POC_MVP\outputs_20260326-054441-6885217a\c5bc9be6-7a3\Implement_a_3-phase_inverter_PWM_on_KIT_A2G_TC387_r_20260326_144402\attempts\phase_001_build\test\test_GTM_TOM_3_Phase_Inverter_PWM.c:72:5: note: in expansion of macro 'TEST_ASSERT_EQUAL'
   72 |     TEST_ASSERT_EQUAL(pushPull, IfxGtm_PinMap_Mock_GetLastArg_setTomTout_outputMode());
      |     ^~~~~~~~~~~~~~~~~
C:\Users\extalth\Downloads\Infineon\infineon_POC_MVP\outputs_20260326-054441-6885217a\c5bc9be6-7a3\Implement_a_3-phase_inverter_PWM_on_KIT_A2G_TC387_r_20260326_144402\attempts\phase_001_build\test\test_GTM_TOM_3_Phase_Inverter_PWM.c:72:23: note: each undeclared identifier is reported only once for each function it appears in
   72 |     TEST_ASSERT_EQUAL(pushPull, IfxGtm_PinMap_Mock_GetLastArg_setTomTout_outputMode());
      |                       ^~~~~~~~
C:\Users\extalth\Downloads\Infineon\infineon_POC_MVP\unity/unity_internals.h:897:133: note: in definition of macro 'UNITY_TEST_ASSERT_EQUAL_INT'
  897 | #define UNITY_TEST_ASSERT_EQUAL_INT(expected, actual, line, message)                             UnityAssertEqualNumber((UNITY_INT)(expected), (UNITY_INT)(actual), (message), (UNITY_LINE_TYPE)(line), UNITY_DISPLAY_STYLE_INT)
      |                                                                                                                                     ^~~~~~~~
C:\Users\extalth\Downloads\Infineon\infineon_POC_MVP\outputs_20260326-054441-6885217a\c5bc9be6-7a3\Implement_a_3-phase_inverter_PWM_on_KIT_A2G_TC387_r_20260326_144402\attempts\phase_001_build\test\test_GTM_TOM_3_Phase_Inverter_PWM.c:72:5: note: in expansion of macro 'TEST_ASSERT_EQUAL'
   72 |     TEST_ASSERT_EQUAL(pushPull, IfxGtm_PinMap_Mock_GetLastArg_setTomTout_outputMode());
      |     ^~~~~~~~~~~~~~~~~
C:\Users\extalth\Downloads\Infineon\infineon_POC_MVP\outputs_20260326-054441-6885217a\c5bc9be6-7a3\Implement_a_3-phase_inverter_PWM_on_KIT_A2G_TC387_r_20260326_144402\attempts\phase_001_build\test\test_GTM_TOM_3_Phase_Inverter_PWM.c:73:23: error: 'cmosAutomotiveSpeed1' undeclared (first use in this function)
   73 |     TEST_ASSERT_EQUAL(cmosAutomotiveSpeed1, IfxGtm_PinMap_Mock_GetLastArg_setTomTout_padDriver());
      |                       ^~~~~~~~~~~~~~~~~~~~
C:\Users\extalth\Downloads\Infineon\infineon_POC_MVP\unity/unity_internals.h:897:133: note: in definition of macro 'UNITY_TEST_ASSERT_EQUAL_INT'
  897 | #define UNITY_TEST_ASSERT_EQUAL_INT(expected, actual, line, message)                             UnityAssertEqualNumber((UNITY_INT)(expected), (UNITY_INT)(actual), (message), (UNITY_LINE_TYPE)(line), UNITY_DISPLAY_STYLE_INT)
      |                                                                                                                                     ^~~~~~~~
C:\Users\extalth\Downloads\Infineon\infineon_POC_MVP\outputs_20260326-054441-6885217a\c5bc9be6-7a3\Implement_a_3-phase_inverter_PWM_on_KIT_A2G_TC387_r_20260326_144402\attempts\phase_001_build\test\test_GTM_TOM_3_Phase_Inverter_PWM.c:73:5: note: in expansion of macro 'TEST_ASSERT_EQUAL'
   73 |     TEST_ASSERT_EQUAL(cmosAutomotiveSpeed1, IfxGtm_PinMap_Mock_GetLastArg_setTomTout_padDriver());
      |     ^~~~~~~~~~~~~~~~~
C:\Users\extalth\Downloads\Infineon\infineon_POC_MVP\outputs_20260326-054441-6885217a\c5bc9be6-7a3\Implement_a_3-phase_inverter_PWM_on_KIT_A2G_TC387_r_20260326_144402\attempts\phase_001_build\test\test_GTM_TOM_3_Phase_Inverter_PWM.c: In function 'test_GTM_TOM_3_Phase_Inverter_PWM_updateUVW_MultipleCalls_ProgressesCorrectly':
C:\Users\extalth\Downloads\Infineon\infineon_POC_MVP\outputs_20260326-054441-6885217a\c5bc9be6-7a3\Implement_a_3-phase_inverter_PWM_on_KIT_A2G_TC387_r_20260326_144402\attempts\phase_001_build\test\test_GTM_TOM_3_Phase_Inverter_PWM.c:143:13: warning: unused variable 'w_2' [-Wunused-variable]
  143 |     float32 w_2 = IfxGtm_Pwm_Mock_GetArgHistory_updateChannelsDutyImmediate(2u, 2u);
      |             ^~~
C:\Users\extalth\Downloads\Infineon\infineon_POC_MVP\outputs_20260326-054441-6885217a\c5bc9be6-7a3\Implement_a_3-phase_inverter_PWM_on_KIT_A2G_TC387_r_20260326_144402\attempts\phase_001_build\test\test_GTM_TOM_3_Phase_Inverter_PWM.c:142:13: warning: unused variable 'v_2' [-Wunused-variable]
  142 |     float32 v_2 = IfxGtm_Pwm_Mock_GetArgHistory_updateChannelsDutyImmediate(2u, 1u);
      |             ^~~
