In file included from C:\Users\Kenneth Anioay\Downloads\infineon_POC_MVP\infineon_POC_MVP\outputs_20260323-161941-8a7aec26\b353b5c2c9dd\Migrate_the_TC387_TOM-based_3_phase_inverter_PWM_t_r_20260324_003341\attempts\phase_003_build\include/Ifx_Types.h:5,
                 from C:\Users\Kenneth Anioay\Downloads\infineon_POC_MVP\infineon_POC_MVP\outputs_20260323-161941-8a7aec26\b353b5c2c9dd\Migrate_the_TC387_TOM-based_3_phase_inverter_PWM_t_r_20260324_003341\attempts\phase_003_build\include/egtm_atom_3_phase_inverter_pwm.h:15,
                 from C:\Users\Kenneth Anioay\Downloads\infineon_POC_MVP\infineon_POC_MVP\outputs_20260323-161941-8a7aec26\b353b5c2c9dd\Migrate_the_TC387_TOM-based_3_phase_inverter_PWM_t_r_20260324_003341\attempts\phase_003_build\src\egtm_atom_3_phase_inverter_pwm.c:19:
C:\Users\Kenneth Anioay\Downloads\infineon_POC_MVP\infineon_POC_MVP\outputs_20260323-161941-8a7aec26\b353b5c2c9dd\Migrate_the_TC387_TOM-based_3_phase_inverter_PWM_t_r_20260324_003341\attempts\phase_003_build\include/illd_types/Ifx_Types.h:877:37: error: expected expression before 'IFXEGTM_NUM_CCM_OBJECTS'
  877 |     IfxEgtm_ClApConfig   clApConfig[IFXEGTM_NUM_CCM_OBJECTS];
      |                                     ^~~~~~~~~~~~~~~~~~~~~~~
C:\Users\Kenneth Anioay\Downloads\infineon_POC_MVP\infineon_POC_MVP\outputs_20260323-161941-8a7aec26\b353b5c2c9dd\Migrate_the_TC387_TOM-based_3_phase_inverter_PWM_t_r_20260324_003341\attempts\phase_003_build\include/illd_types/Ifx_Types.h:1119:37: error: expected expression before 'IFXGTM_NUM_CCM_OBJECTS'
 1119 |     IfxGtm_ClApConfig    clApConfig[IFXGTM_NUM_CCM_OBJECTS];
      |                                     ^~~~~~~~~~~~~~~~~~~~~~
C:\Users\Kenneth Anioay\Downloads\infineon_POC_MVP\infineon_POC_MVP\outputs_20260323-161941-8a7aec26\b353b5c2c9dd\Migrate_the_TC387_TOM-based_3_phase_inverter_PWM_t_r_20260324_003341\attempts\phase_003_build\src\egtm_atom_3_phase_inverter_pwm.c: In function 'initEgtmAtom3phInv':
C:\Users\Kenneth Anioay\Downloads\infineon_POC_MVP\infineon_POC_MVP\outputs_20260323-161941-8a7aec26\b353b5c2c9dd\Migrate_the_TC387_TOM-based_3_phase_inverter_PWM_t_r_20260324_003341\attempts\phase_003_build\src\egtm_atom_3_phase_inverter_pwm.c:150:23: warning: unused variable 'deadTime_s' [-Wunused-variable]
  150 |         const float32 deadTime_s = TIMING_DEADTIME_US * 1.0e-6f;
      |                       ^~~~~~~~~~
In file included from C:\Users\Kenneth Anioay\Downloads\infineon_POC_MVP\infineon_POC_MVP\outputs_20260323-161941-8a7aec26\b353b5c2c9dd\Migrate_the_TC387_TOM-based_3_phase_inverter_PWM_t_r_20260324_003341\attempts\phase_003_build\include/egtm_atom_3_phase_inverter_pwm.h:18:
C:\Users\Kenneth Anioay\Downloads\infineon_POC_MVP\infineon_POC_MVP\outputs_20260323-161941-8a7aec26\b353b5c2c9dd\Migrate_the_TC387_TOM-based_3_phase_inverter_PWM_t_r_20260324_003341\attempts\phase_003_build\include/IfxEgtm_Cmu.h: At top level:
C:\Users\Kenneth Anioay\Downloads\infineon_POC_MVP\infineon_POC_MVP\outputs_20260323-161941-8a7aec26\b353b5c2c9dd\Migrate_the_TC387_TOM-based_3_phase_inverter_PWM_t_r_20260324_003341\attempts\phase_003_build\include/IfxEgtm_Cmu.h:25:17: warning: 'IfxEgtm_Cmu_selectClkInput' used but never defined
   25 | IFX_INLINE void IfxEgtm_Cmu_selectClkInput(Ifx_EGTM *egtm, IfxEgtm_Cmu_Clk clkIndex, boolean useGlobal);
      |                 ^~~~~~~~~~~~~~~~~~~~~~~~~~
In file included from C:\Users\Kenneth Anioay\Downloads\infineon_POC_MVP\infineon_POC_MVP\outputs_20260323-161941-8a7aec26\b353b5c2c9dd\Migrate_the_TC387_TOM-based_3_phase_inverter_PWM_t_r_20260324_003341\attempts\phase_003_build\include/egtm_atom_3_phase_inverter_pwm.h:20:
C:\Users\Kenneth Anioay\Downloads\infineon_POC_MVP\infineon_POC_MVP\outputs_20260323-161941-8a7aec26\b353b5c2c9dd\Migrate_the_TC387_TOM-based_3_phase_inverter_PWM_t_r_20260324_003341\attempts\phase_003_build\include/IfxPort.h:10:17: warning: 'IfxPort_setPinModeOutput' used but never defined
   10 | IFX_INLINE void IfxPort_setPinModeOutput(Ifx_P *port, uint8 pinIndex, IfxPort_OutputMode mode, IfxPort_OutputIdx index);
      |                 ^~~~~~~~~~~~~~~~~~~~~~~~

In file included from C:\Users\Kenneth Anioay\Downloads\infineon_POC_MVP\infineon_POC_MVP\outputs_20260323-161941-8a7aec26\b353b5c2c9dd\Migrate_the_TC387_TOM-based_3_phase_inverter_PWM_t_r_20260324_003341\attempts\phase_003_build\include/IfxCpu.h:4,
                 from C:\Users\Kenneth Anioay\Downloads\infineon_POC_MVP\infineon_POC_MVP\outputs_20260323-161941-8a7aec26\b353b5c2c9dd\Migrate_the_TC387_TOM-based_3_phase_inverter_PWM_t_r_20260324_003341\attempts\phase_003_build\mocks\IfxCpu.c:1:
C:\Users\Kenneth Anioay\Downloads\infineon_POC_MVP\infineon_POC_MVP\outputs_20260323-161941-8a7aec26\b353b5c2c9dd\Migrate_the_TC387_TOM-based_3_phase_inverter_PWM_t_r_20260324_003341\attempts\phase_003_build\include/illd_types/Ifx_Types.h:877:37: error: expected expression before 'IFXEGTM_NUM_CCM_OBJECTS'
  877 |     IfxEgtm_ClApConfig   clApConfig[IFXEGTM_NUM_CCM_OBJECTS];
      |                                     ^~~~~~~~~~~~~~~~~~~~~~~
C:\Users\Kenneth Anioay\Downloads\infineon_POC_MVP\infineon_POC_MVP\outputs_20260323-161941-8a7aec26\b353b5c2c9dd\Migrate_the_TC387_TOM-based_3_phase_inverter_PWM_t_r_20260324_003341\attempts\phase_003_build\include/illd_types/Ifx_Types.h:1119:37: error: expected expression before 'IFXGTM_NUM_CCM_OBJECTS'
 1119 |     IfxGtm_ClApConfig    clApConfig[IFXGTM_NUM_CCM_OBJECTS];
      |                                     ^~~~~~~~~~~~~~~~~~~~~~

In file included from C:\Users\Kenneth Anioay\Downloads\infineon_POC_MVP\infineon_POC_MVP\outputs_20260323-161941-8a7aec26\b353b5c2c9dd\Migrate_the_TC387_TOM-based_3_phase_inverter_PWM_t_r_20260324_003341\attempts\phase_003_build\include/IfxCpu_Irq.h:4,
                 from C:\Users\Kenneth Anioay\Downloads\infineon_POC_MVP\infineon_POC_MVP\outputs_20260323-161941-8a7aec26\b353b5c2c9dd\Migrate_the_TC387_TOM-based_3_phase_inverter_PWM_t_r_20260324_003341\attempts\phase_003_build\mocks\IfxCpu_Irq.c:1:
C:\Users\Kenneth Anioay\Downloads\infineon_POC_MVP\infineon_POC_MVP\outputs_20260323-161941-8a7aec26\b353b5c2c9dd\Migrate_the_TC387_TOM-based_3_phase_inverter_PWM_t_r_20260324_003341\attempts\phase_003_build\include/illd_types/Ifx_Types.h:877:37: error: expected expression before 'IFXEGTM_NUM_CCM_OBJECTS'
  877 |     IfxEgtm_ClApConfig   clApConfig[IFXEGTM_NUM_CCM_OBJECTS];
      |                                     ^~~~~~~~~~~~~~~~~~~~~~~
C:\Users\Kenneth Anioay\Downloads\infineon_POC_MVP\infineon_POC_MVP\outputs_20260323-161941-8a7aec26\b353b5c2c9dd\Migrate_the_TC387_TOM-based_3_phase_inverter_PWM_t_r_20260324_003341\attempts\phase_003_build\include/illd_types/Ifx_Types.h:1119:37: error: expected expression before 'IFXGTM_NUM_CCM_OBJECTS'
 1119 |     IfxGtm_ClApConfig    clApConfig[IFXGTM_NUM_CCM_OBJECTS];
      |                                     ^~~~~~~~~~~~~~~~~~~~~~

In file included from C:\Users\Kenneth Anioay\Downloads\infineon_POC_MVP\infineon_POC_MVP\outputs_20260323-161941-8a7aec26\b353b5c2c9dd\Migrate_the_TC387_TOM-based_3_phase_inverter_PWM_t_r_20260324_003341\attempts\phase_003_build\include/IfxEgtm.h:4,
                 from C:\Users\Kenneth Anioay\Downloads\infineon_POC_MVP\infineon_POC_MVP\outputs_20260323-161941-8a7aec26\b353b5c2c9dd\Migrate_the_TC387_TOM-based_3_phase_inverter_PWM_t_r_20260324_003341\attempts\phase_003_build\mocks\IfxEgtm.c:1:
C:\Users\Kenneth Anioay\Downloads\infineon_POC_MVP\infineon_POC_MVP\outputs_20260323-161941-8a7aec26\b353b5c2c9dd\Migrate_the_TC387_TOM-based_3_phase_inverter_PWM_t_r_20260324_003341\attempts\phase_003_build\include/illd_types/Ifx_Types.h:877:37: error: expected expression before 'IFXEGTM_NUM_CCM_OBJECTS'
  877 |     IfxEgtm_ClApConfig   clApConfig[IFXEGTM_NUM_CCM_OBJECTS];
      |                                     ^~~~~~~~~~~~~~~~~~~~~~~
C:\Users\Kenneth Anioay\Downloads\infineon_POC_MVP\infineon_POC_MVP\outputs_20260323-161941-8a7aec26\b353b5c2c9dd\Migrate_the_TC387_TOM-based_3_phase_inverter_PWM_t_r_20260324_003341\attempts\phase_003_build\include/illd_types/Ifx_Types.h:1119:37: error: expected expression before 'IFXGTM_NUM_CCM_OBJECTS'
 1119 |     IfxGtm_ClApConfig    clApConfig[IFXGTM_NUM_CCM_OBJECTS];
      |                                     ^~~~~~~~~~~~~~~~~~~~~~

In file included from C:\Users\Kenneth Anioay\Downloads\infineon_POC_MVP\infineon_POC_MVP\outputs_20260323-161941-8a7aec26\b353b5c2c9dd\Migrate_the_TC387_TOM-based_3_phase_inverter_PWM_t_r_20260324_003341\attempts\phase_003_build\include/IfxEgtm_Atom.h:4,
                 from C:\Users\Kenneth Anioay\Downloads\infineon_POC_MVP\infineon_POC_MVP\outputs_20260323-161941-8a7aec26\b353b5c2c9dd\Migrate_the_TC387_TOM-based_3_phase_inverter_PWM_t_r_20260324_003341\attempts\phase_003_build\mocks\IfxEgtm_Atom.c:1:
C:\Users\Kenneth Anioay\Downloads\infineon_POC_MVP\infineon_POC_MVP\outputs_20260323-161941-8a7aec26\b353b5c2c9dd\Migrate_the_TC387_TOM-based_3_phase_inverter_PWM_t_r_20260324_003341\attempts\phase_003_build\include/illd_types/Ifx_Types.h:877:37: error: expected expression before 'IFXEGTM_NUM_CCM_OBJECTS'
  877 |     IfxEgtm_ClApConfig   clApConfig[IFXEGTM_NUM_CCM_OBJECTS];
      |                                     ^~~~~~~~~~~~~~~~~~~~~~~
C:\Users\Kenneth Anioay\Downloads\infineon_POC_MVP\infineon_POC_MVP\outputs_20260323-161941-8a7aec26\b353b5c2c9dd\Migrate_the_TC387_TOM-based_3_phase_inverter_PWM_t_r_20260324_003341\attempts\phase_003_build\include/illd_types/Ifx_Types.h:1119:37: error: expected expression before 'IFXGTM_NUM_CCM_OBJECTS'
 1119 |     IfxGtm_ClApConfig    clApConfig[IFXGTM_NUM_CCM_OBJECTS];
      |                                     ^~~~~~~~~~~~~~~~~~~~~~

In file included from C:\Users\Kenneth Anioay\Downloads\infineon_POC_MVP\infineon_POC_MVP\outputs_20260323-161941-8a7aec26\b353b5c2c9dd\Migrate_the_TC387_TOM-based_3_phase_inverter_PWM_t_r_20260324_003341\attempts\phase_003_build\include/IfxEgtm_Cmu.h:4,
                 from C:\Users\Kenneth Anioay\Downloads\infineon_POC_MVP\infineon_POC_MVP\outputs_20260323-161941-8a7aec26\b353b5c2c9dd\Migrate_the_TC387_TOM-based_3_phase_inverter_PWM_t_r_20260324_003341\attempts\phase_003_build\mocks\IfxEgtm_Cmu.c:1:
C:\Users\Kenneth Anioay\Downloads\infineon_POC_MVP\infineon_POC_MVP\outputs_20260323-161941-8a7aec26\b353b5c2c9dd\Migrate_the_TC387_TOM-based_3_phase_inverter_PWM_t_r_20260324_003341\attempts\phase_003_build\include/illd_types/Ifx_Types.h:877:37: error: expected expression before 'IFXEGTM_NUM_CCM_OBJECTS'
  877 |     IfxEgtm_ClApConfig   clApConfig[IFXEGTM_NUM_CCM_OBJECTS];
      |                                     ^~~~~~~~~~~~~~~~~~~~~~~
C:\Users\Kenneth Anioay\Downloads\infineon_POC_MVP\infineon_POC_MVP\outputs_20260323-161941-8a7aec26\b353b5c2c9dd\Migrate_the_TC387_TOM-based_3_phase_inverter_PWM_t_r_20260324_003341\attempts\phase_003_build\include/illd_types/Ifx_Types.h:1119:37: error: expected expression before 'IFXGTM_NUM_CCM_OBJECTS'
 1119 |     IfxGtm_ClApConfig    clApConfig[IFXGTM_NUM_CCM_OBJECTS];
      |                                     ^~~~~~~~~~~~~~~~~~~~~~
C:\Users\Kenneth Anioay\Downloads\infineon_POC_MVP\infineon_POC_MVP\outputs_20260323-161941-8a7aec26\b353b5c2c9dd\Migrate_the_TC387_TOM-based_3_phase_inverter_PWM_t_r_20260324_003341\attempts\phase_003_build\mocks\IfxEgtm_Cmu.c:24:15: error: redefinition of 's_selectClkInput_count'
   24 | static uint32 s_selectClkInput_count = 0;
      |               ^~~~~~~~~~~~~~~~~~~~~~
C:\Users\Kenneth Anioay\Downloads\infineon_POC_MVP\infineon_POC_MVP\outputs_20260323-161941-8a7aec26\b353b5c2c9dd\Migrate_the_TC387_TOM-based_3_phase_inverter_PWM_t_r_20260324_003341\attempts\phase_003_build\mocks\IfxEgtm_Cmu.c:7:15: note: previous definition of 's_selectClkInput_count' with type 'uint32' {aka 'unsigned int'}
    7 | static uint32 s_selectClkInput_count = 0;
      |               ^~~~~~~~~~~~~~~~~~~~~~
C:\Users\Kenneth Anioay\Downloads\infineon_POC_MVP\infineon_POC_MVP\outputs_20260323-161941-8a7aec26\b353b5c2c9dd\Migrate_the_TC387_TOM-based_3_phase_inverter_PWM_t_r_20260324_003341\attempts\phase_003_build\mocks\IfxEgtm_Cmu.c:48:8: error: redefinition of 'IfxEgtm_Cmu_Mock_GetCallCount_selectClkInput'
   48 | uint32 IfxEgtm_Cmu_Mock_GetCallCount_selectClkInput(void) { return s_selectClkInput_count; }
      |        ^~~~~~~~~~~~~~~~~~~~~~~~~~~~~~~~~~~~~~~~~~~~
C:\Users\Kenneth Anioay\Downloads\infineon_POC_MVP\infineon_POC_MVP\outputs_20260323-161941-8a7aec26\b353b5c2c9dd\Migrate_the_TC387_TOM-based_3_phase_inverter_PWM_t_r_20260324_003341\attempts\phase_003_build\mocks\IfxEgtm_Cmu.c:33:8: note: previous definition of 'IfxEgtm_Cmu_Mock_GetCallCount_selectClkInput' with type 'uint32(void)' {aka 'unsigned int(void)'}
   33 | uint32 IfxEgtm_Cmu_Mock_GetCallCount_selectClkInput(void) {
      |        ^~~~~~~~~~~~~~~~~~~~~~~~~~~~~~~~~~~~~~~~~~~~

In file included from C:\Users\Kenneth Anioay\Downloads\infineon_POC_MVP\infineon_POC_MVP\outputs_20260323-161941-8a7aec26\b353b5c2c9dd\Migrate_the_TC387_TOM-based_3_phase_inverter_PWM_t_r_20260324_003341\attempts\phase_003_build\mocks\IfxEgtm_PinMap.c:1:
C:\Users\Kenneth Anioay\Downloads\infineon_POC_MVP\infineon_POC_MVP\outputs_20260323-161941-8a7aec26\b353b5c2c9dd\Migrate_the_TC387_TOM-based_3_phase_inverter_PWM_t_r_20260324_003341\attempts\phase_003_build\include\illd_types/Ifx_Types.h:877:37: error: expected expression before 'IFXEGTM_NUM_CCM_OBJECTS'
  877 |     IfxEgtm_ClApConfig   clApConfig[IFXEGTM_NUM_CCM_OBJECTS];
      |                                     ^~~~~~~~~~~~~~~~~~~~~~~
C:\Users\Kenneth Anioay\Downloads\infineon_POC_MVP\infineon_POC_MVP\outputs_20260323-161941-8a7aec26\b353b5c2c9dd\Migrate_the_TC387_TOM-based_3_phase_inverter_PWM_t_r_20260324_003341\attempts\phase_003_build\include\illd_types/Ifx_Types.h:1119:37: error: expected expression before 'IFXGTM_NUM_CCM_OBJECTS'
 1119 |     IfxGtm_ClApConfig    clApConfig[IFXGTM_NUM_CCM_OBJECTS];
      |                                     ^~~~~~~~~~~~~~~~~~~~~~

In file included from C:\Users\Kenneth Anioay\Downloads\infineon_POC_MVP\infineon_POC_MVP\outputs_20260323-161941-8a7aec26\b353b5c2c9dd\Migrate_the_TC387_TOM-based_3_phase_inverter_PWM_t_r_20260324_003341\attempts\phase_003_build\include/IfxEgtm_Pwm.h:4,
                 from C:\Users\Kenneth Anioay\Downloads\infineon_POC_MVP\infineon_POC_MVP\outputs_20260323-161941-8a7aec26\b353b5c2c9dd\Migrate_the_TC387_TOM-based_3_phase_inverter_PWM_t_r_20260324_003341\attempts\phase_003_build\mocks\IfxEgtm_Pwm.c:1:
C:\Users\Kenneth Anioay\Downloads\infineon_POC_MVP\infineon_POC_MVP\outputs_20260323-161941-8a7aec26\b353b5c2c9dd\Migrate_the_TC387_TOM-based_3_phase_inverter_PWM_t_r_20260324_003341\attempts\phase_003_build\include/illd_types/Ifx_Types.h:877:37: error: expected expression before 'IFXEGTM_NUM_CCM_OBJECTS'
  877 |     IfxEgtm_ClApConfig   clApConfig[IFXEGTM_NUM_CCM_OBJECTS];
      |                                     ^~~~~~~~~~~~~~~~~~~~~~~
C:\Users\Kenneth Anioay\Downloads\infineon_POC_MVP\infineon_POC_MVP\outputs_20260323-161941-8a7aec26\b353b5c2c9dd\Migrate_the_TC387_TOM-based_3_phase_inverter_PWM_t_r_20260324_003341\attempts\phase_003_build\include/illd_types/Ifx_Types.h:1119:37: error: expected expression before 'IFXGTM_NUM_CCM_OBJECTS'
 1119 |     IfxGtm_ClApConfig    clApConfig[IFXGTM_NUM_CCM_OBJECTS];
      |                                     ^~~~~~~~~~~~~~~~~~~~~~

In file included from C:\Users\Kenneth Anioay\Downloads\infineon_POC_MVP\infineon_POC_MVP\outputs_20260323-161941-8a7aec26\b353b5c2c9dd\Migrate_the_TC387_TOM-based_3_phase_inverter_PWM_t_r_20260324_003341\attempts\phase_003_build\mocks\IfxGtm.c:1:
C:\Users\Kenneth Anioay\Downloads\infineon_POC_MVP\infineon_POC_MVP\outputs_20260323-161941-8a7aec26\b353b5c2c9dd\Migrate_the_TC387_TOM-based_3_phase_inverter_PWM_t_r_20260324_003341\attempts\phase_003_build\include\illd_types/Ifx_Types.h:877:37: error: expected expression before 'IFXEGTM_NUM_CCM_OBJECTS'
  877 |     IfxEgtm_ClApConfig   clApConfig[IFXEGTM_NUM_CCM_OBJECTS];
      |                                     ^~~~~~~~~~~~~~~~~~~~~~~
C:\Users\Kenneth Anioay\Downloads\infineon_POC_MVP\infineon_POC_MVP\outputs_20260323-161941-8a7aec26\b353b5c2c9dd\Migrate_the_TC387_TOM-based_3_phase_inverter_PWM_t_r_20260324_003341\attempts\phase_003_build\include\illd_types/Ifx_Types.h:1119:37: error: expected expression before 'IFXGTM_NUM_CCM_OBJECTS'
 1119 |     IfxGtm_ClApConfig    clApConfig[IFXGTM_NUM_CCM_OBJECTS];
      |                                     ^~~~~~~~~~~~~~~~~~~~~~

In file included from C:\Users\Kenneth Anioay\Downloads\infineon_POC_MVP\infineon_POC_MVP\outputs_20260323-161941-8a7aec26\b353b5c2c9dd\Migrate_the_TC387_TOM-based_3_phase_inverter_PWM_t_r_20260324_003341\attempts\phase_003_build\include/IfxGtm_Atom.h:4,
                 from C:\Users\Kenneth Anioay\Downloads\infineon_POC_MVP\infineon_POC_MVP\outputs_20260323-161941-8a7aec26\b353b5c2c9dd\Migrate_the_TC387_TOM-based_3_phase_inverter_PWM_t_r_20260324_003341\attempts\phase_003_build\mocks\IfxGtm_Atom.c:1:
C:\Users\Kenneth Anioay\Downloads\infineon_POC_MVP\infineon_POC_MVP\outputs_20260323-161941-8a7aec26\b353b5c2c9dd\Migrate_the_TC387_TOM-based_3_phase_inverter_PWM_t_r_20260324_003341\attempts\phase_003_build\include/illd_types/Ifx_Types.h:877:37: error: expected expression before 'IFXEGTM_NUM_CCM_OBJECTS'
  877 |     IfxEgtm_ClApConfig   clApConfig[IFXEGTM_NUM_CCM_OBJECTS];
      |                                     ^~~~~~~~~~~~~~~~~~~~~~~
C:\Users\Kenneth Anioay\Downloads\infineon_POC_MVP\infineon_POC_MVP\outputs_20260323-161941-8a7aec26\b353b5c2c9dd\Migrate_the_TC387_TOM-based_3_phase_inverter_PWM_t_r_20260324_003341\attempts\phase_003_build\include/illd_types/Ifx_Types.h:1119:37: error: expected expression before 'IFXGTM_NUM_CCM_OBJECTS'
 1119 |     IfxGtm_ClApConfig    clApConfig[IFXGTM_NUM_CCM_OBJECTS];
      |                                     ^~~~~~~~~~~~~~~~~~~~~~

In file included from C:\Users\Kenneth Anioay\Downloads\infineon_POC_MVP\infineon_POC_MVP\outputs_20260323-161941-8a7aec26\b353b5c2c9dd\Migrate_the_TC387_TOM-based_3_phase_inverter_PWM_t_r_20260324_003341\attempts\phase_003_build\mocks\IfxGtm_Cmu.c:1:
C:\Users\Kenneth Anioay\Downloads\infineon_POC_MVP\infineon_POC_MVP\outputs_20260323-161941-8a7aec26\b353b5c2c9dd\Migrate_the_TC387_TOM-based_3_phase_inverter_PWM_t_r_20260324_003341\attempts\phase_003_build\include\illd_types/Ifx_Types.h:877:37: error: expected expression before 'IFXEGTM_NUM_CCM_OBJECTS'
  877 |     IfxEgtm_ClApConfig   clApConfig[IFXEGTM_NUM_CCM_OBJECTS];
      |                                     ^~~~~~~~~~~~~~~~~~~~~~~
C:\Users\Kenneth Anioay\Downloads\infineon_POC_MVP\infineon_POC_MVP\outputs_20260323-161941-8a7aec26\b353b5c2c9dd\Migrate_the_TC387_TOM-based_3_phase_inverter_PWM_t_r_20260324_003341\attempts\phase_003_build\include\illd_types/Ifx_Types.h:1119:37: error: expected expression before 'IFXGTM_NUM_CCM_OBJECTS'
 1119 |     IfxGtm_ClApConfig    clApConfig[IFXGTM_NUM_CCM_OBJECTS];
      |                                     ^~~~~~~~~~~~~~~~~~~~~~

In file included from C:\Users\Kenneth Anioay\Downloads\infineon_POC_MVP\infineon_POC_MVP\outputs_20260323-161941-8a7aec26\b353b5c2c9dd\Migrate_the_TC387_TOM-based_3_phase_inverter_PWM_t_r_20260324_003341\attempts\phase_003_build\mocks\IfxPort.c:1:
C:\Users\Kenneth Anioay\Downloads\infineon_POC_MVP\infineon_POC_MVP\outputs_20260323-161941-8a7aec26\b353b5c2c9dd\Migrate_the_TC387_TOM-based_3_phase_inverter_PWM_t_r_20260324_003341\attempts\phase_003_build\include\illd_types/Ifx_Types.h:877:37: error: expected expression before 'IFXEGTM_NUM_CCM_OBJECTS'
  877 |     IfxEgtm_ClApConfig   clApConfig[IFXEGTM_NUM_CCM_OBJECTS];
      |                                     ^~~~~~~~~~~~~~~~~~~~~~~
C:\Users\Kenneth Anioay\Downloads\infineon_POC_MVP\infineon_POC_MVP\outputs_20260323-161941-8a7aec26\b353b5c2c9dd\Migrate_the_TC387_TOM-based_3_phase_inverter_PWM_t_r_20260324_003341\attempts\phase_003_build\include\illd_types/Ifx_Types.h:1119:37: error: expected expression before 'IFXGTM_NUM_CCM_OBJECTS'
 1119 |     IfxGtm_ClApConfig    clApConfig[IFXGTM_NUM_CCM_OBJECTS];
      |                                     ^~~~~~~~~~~~~~~~~~~~~~

In file included from C:\Users\Kenneth Anioay\Downloads\infineon_POC_MVP\infineon_POC_MVP\outputs_20260323-161941-8a7aec26\b353b5c2c9dd\Migrate_the_TC387_TOM-based_3_phase_inverter_PWM_t_r_20260324_003341\attempts\phase_003_build\mocks\IfxPort_PinMap.c:1:
C:\Users\Kenneth Anioay\Downloads\infineon_POC_MVP\infineon_POC_MVP\outputs_20260323-161941-8a7aec26\b353b5c2c9dd\Migrate_the_TC387_TOM-based_3_phase_inverter_PWM_t_r_20260324_003341\attempts\phase_003_build\include\illd_types/Ifx_Types.h:877:37: error: expected expression before 'IFXEGTM_NUM_CCM_OBJECTS'
  877 |     IfxEgtm_ClApConfig   clApConfig[IFXEGTM_NUM_CCM_OBJECTS];
      |                                     ^~~~~~~~~~~~~~~~~~~~~~~
C:\Users\Kenneth Anioay\Downloads\infineon_POC_MVP\infineon_POC_MVP\outputs_20260323-161941-8a7aec26\b353b5c2c9dd\Migrate_the_TC387_TOM-based_3_phase_inverter_PWM_t_r_20260324_003341\attempts\phase_003_build\include\illd_types/Ifx_Types.h:1119:37: error: expected expression before 'IFXGTM_NUM_CCM_OBJECTS'
 1119 |     IfxGtm_ClApConfig    clApConfig[IFXGTM_NUM_CCM_OBJECTS];
      |                                     ^~~~~~~~~~~~~~~~~~~~~~

In file included from C:\Users\Kenneth Anioay\Downloads\infineon_POC_MVP\infineon_POC_MVP\outputs_20260323-161941-8a7aec26\b353b5c2c9dd\Migrate_the_TC387_TOM-based_3_phase_inverter_PWM_t_r_20260324_003341\attempts\phase_003_build\include/IfxSrc.h:4,
                 from C:\Users\Kenneth Anioay\Downloads\infineon_POC_MVP\infineon_POC_MVP\outputs_20260323-161941-8a7aec26\b353b5c2c9dd\Migrate_the_TC387_TOM-based_3_phase_inverter_PWM_t_r_20260324_003341\attempts\phase_003_build\mocks\IfxSrc.c:1:
C:\Users\Kenneth Anioay\Downloads\infineon_POC_MVP\infineon_POC_MVP\outputs_20260323-161941-8a7aec26\b353b5c2c9dd\Migrate_the_TC387_TOM-based_3_phase_inverter_PWM_t_r_20260324_003341\attempts\phase_003_build\include/illd_types/Ifx_Types.h:877:37: error: expected expression before 'IFXEGTM_NUM_CCM_OBJECTS'
  877 |     IfxEgtm_ClApConfig   clApConfig[IFXEGTM_NUM_CCM_OBJECTS];
      |                                     ^~~~~~~~~~~~~~~~~~~~~~~
C:\Users\Kenneth Anioay\Downloads\infineon_POC_MVP\infineon_POC_MVP\outputs_20260323-161941-8a7aec26\b353b5c2c9dd\Migrate_the_TC387_TOM-based_3_phase_inverter_PWM_t_r_20260324_003341\attempts\phase_003_build\include/illd_types/Ifx_Types.h:1119:37: error: expected expression before 'IFXGTM_NUM_CCM_OBJECTS'
 1119 |     IfxGtm_ClApConfig    clApConfig[IFXGTM_NUM_CCM_OBJECTS];
      |                                     ^~~~~~~~~~~~~~~~~~~~~~

In file included from C:\Users\Kenneth Anioay\Downloads\infineon_POC_MVP\infineon_POC_MVP\outputs_20260323-161941-8a7aec26\b353b5c2c9dd\Migrate_the_TC387_TOM-based_3_phase_inverter_PWM_t_r_20260324_003341\attempts\phase_003_build\include/IfxStm.h:4,
                 from C:\Users\Kenneth Anioay\Downloads\infineon_POC_MVP\infineon_POC_MVP\outputs_20260323-161941-8a7aec26\b353b5c2c9dd\Migrate_the_TC387_TOM-based_3_phase_inverter_PWM_t_r_20260324_003341\attempts\phase_003_build\mocks\IfxStm.c:1:
C:\Users\Kenneth Anioay\Downloads\infineon_POC_MVP\infineon_POC_MVP\outputs_20260323-161941-8a7aec26\b353b5c2c9dd\Migrate_the_TC387_TOM-based_3_phase_inverter_PWM_t_r_20260324_003341\attempts\phase_003_build\include/illd_types/Ifx_Types.h:877:37: error: expected expression before 'IFXEGTM_NUM_CCM_OBJECTS'
  877 |     IfxEgtm_ClApConfig   clApConfig[IFXEGTM_NUM_CCM_OBJECTS];
      |                                     ^~~~~~~~~~~~~~~~~~~~~~~
C:\Users\Kenneth Anioay\Downloads\infineon_POC_MVP\infineon_POC_MVP\outputs_20260323-161941-8a7aec26\b353b5c2c9dd\Migrate_the_TC387_TOM-based_3_phase_inverter_PWM_t_r_20260324_003341\attempts\phase_003_build\include/illd_types/Ifx_Types.h:1119:37: error: expected expression before 'IFXGTM_NUM_CCM_OBJECTS'
 1119 |     IfxGtm_ClApConfig    clApConfig[IFXGTM_NUM_CCM_OBJECTS];
      |                                     ^~~~~~~~~~~~~~~~~~~~~~
C:\Users\Kenneth Anioay\Downloads\infineon_POC_MVP\infineon_POC_MVP\outputs_20260323-161941-8a7aec26\b353b5c2c9dd\Migrate_the_TC387_TOM-based_3_phase_inverter_PWM_t_r_20260324_003341\attempts\phase_003_build\mocks\IfxStm.c: In function 'IfxStm_getTicksFromMilliseconds':
C:\Users\Kenneth Anioay\Downloads\infineon_POC_MVP\infineon_POC_MVP\outputs_20260323-161941-8a7aec26\b353b5c2c9dd\Migrate_the_TC387_TOM-based_3_phase_inverter_PWM_t_r_20260324_003341\attempts\phase_003_build\mocks\IfxStm.c:20:21: error: 'millis' undeclared (first use in this function)
   20 |     return (sint32)(millis * 1000);  /* Simple conversion for testing */
      |                     ^~~~~~
C:\Users\Kenneth Anioay\Downloads\infineon_POC_MVP\infineon_POC_MVP\outputs_20260323-161941-8a7aec26\b353b5c2c9dd\Migrate_the_TC387_TOM-based_3_phase_inverter_PWM_t_r_20260324_003341\attempts\phase_003_build\mocks\IfxStm.c:20:21: note: each undeclared identifier is reported only once for each function it appears in
C:\Users\Kenneth Anioay\Downloads\infineon_POC_MVP\infineon_POC_MVP\outputs_20260323-161941-8a7aec26\b353b5c2c9dd\Migrate_the_TC387_TOM-based_3_phase_inverter_PWM_t_r_20260324_003341\attempts\phase_003_build\mocks\IfxStm.c: In function 'IfxStm_getTicksFromMicroseconds':
C:\Users\Kenneth Anioay\Downloads\infineon_POC_MVP\infineon_POC_MVP\outputs_20260323-161941-8a7aec26\b353b5c2c9dd\Migrate_the_TC387_TOM-based_3_phase_inverter_PWM_t_r_20260324_003341\attempts\phase_003_build\mocks\IfxStm.c:25:20: error: 'micros' undeclared (first use in this function)
   25 |     return (sint32)micros;
      |                    ^~~~~~

In file included from C:\Users\Kenneth Anioay\Downloads\infineon_POC_MVP\infineon_POC_MVP\outputs_20260323-161941-8a7aec26\b353b5c2c9dd\Migrate_the_TC387_TOM-based_3_phase_inverter_PWM_t_r_20260324_003341\attempts\phase_003_build\mocks\Ifx_Types.c:1:
C:\Users\Kenneth Anioay\Downloads\infineon_POC_MVP\infineon_POC_MVP\outputs_20260323-161941-8a7aec26\b353b5c2c9dd\Migrate_the_TC387_TOM-based_3_phase_inverter_PWM_t_r_20260324_003341\attempts\phase_003_build\include\illd_types/Ifx_Types.h:877:37: error: expected expression before 'IFXEGTM_NUM_CCM_OBJECTS'
  877 |     IfxEgtm_ClApConfig   clApConfig[IFXEGTM_NUM_CCM_OBJECTS];
      |                                     ^~~~~~~~~~~~~~~~~~~~~~~
C:\Users\Kenneth Anioay\Downloads\infineon_POC_MVP\infineon_POC_MVP\outputs_20260323-161941-8a7aec26\b353b5c2c9dd\Migrate_the_TC387_TOM-based_3_phase_inverter_PWM_t_r_20260324_003341\attempts\phase_003_build\include\illd_types/Ifx_Types.h:1119:37: error: expected expression before 'IFXGTM_NUM_CCM_OBJECTS'
 1119 |     IfxGtm_ClApConfig    clApConfig[IFXGTM_NUM_CCM_OBJECTS];
      |                                     ^~~~~~~~~~~~~~~~~~~~~~

In file included from C:\Users\Kenneth Anioay\Downloads\infineon_POC_MVP\infineon_POC_MVP\outputs_20260323-161941-8a7aec26\b353b5c2c9dd\Migrate_the_TC387_TOM-based_3_phase_inverter_PWM_t_r_20260324_003341\attempts\phase_003_build\include/Ifx_Types.h:5,
                 from C:\Users\Kenneth Anioay\Downloads\infineon_POC_MVP\infineon_POC_MVP\outputs_20260323-161941-8a7aec26\b353b5c2c9dd\Migrate_the_TC387_TOM-based_3_phase_inverter_PWM_t_r_20260324_003341\attempts\phase_003_build\include/egtm_atom_3_phase_inverter_pwm.h:15,
                 from C:\Users\Kenneth Anioay\Downloads\infineon_POC_MVP\infineon_POC_MVP\outputs_20260323-161941-8a7aec26\b353b5c2c9dd\Migrate_the_TC387_TOM-based_3_phase_inverter_PWM_t_r_20260324_003341\attempts\phase_003_build\test\test_egtm_atom_3_phase_inverter_pwm.c:2:
C:\Users\Kenneth Anioay\Downloads\infineon_POC_MVP\infineon_POC_MVP\outputs_20260323-161941-8a7aec26\b353b5c2c9dd\Migrate_the_TC387_TOM-based_3_phase_inverter_PWM_t_r_20260324_003341\attempts\phase_003_build\include/illd_types/Ifx_Types.h:877:37: error: expected expression before 'IFXEGTM_NUM_CCM_OBJECTS'
  877 |     IfxEgtm_ClApConfig   clApConfig[IFXEGTM_NUM_CCM_OBJECTS];
      |                                     ^~~~~~~~~~~~~~~~~~~~~~~
C:\Users\Kenneth Anioay\Downloads\infineon_POC_MVP\infineon_POC_MVP\outputs_20260323-161941-8a7aec26\b353b5c2c9dd\Migrate_the_TC387_TOM-based_3_phase_inverter_PWM_t_r_20260324_003341\attempts\phase_003_build\include/illd_types/Ifx_Types.h:1119:37: error: expected expression before 'IFXGTM_NUM_CCM_OBJECTS'
 1119 |     IfxGtm_ClApConfig    clApConfig[IFXGTM_NUM_CCM_OBJECTS];
      |                                     ^~~~~~~~~~~~~~~~~~~~~~
In file included from C:\Users\Kenneth Anioay\Downloads\infineon_POC_MVP\infineon_POC_MVP\outputs_20260323-161941-8a7aec26\b353b5c2c9dd\Migrate_the_TC387_TOM-based_3_phase_inverter_PWM_t_r_20260324_003341\attempts\phase_003_build\include/egtm_atom_3_phase_inverter_pwm.h:18:
C:\Users\Kenneth Anioay\Downloads\infineon_POC_MVP\infineon_POC_MVP\outputs_20260323-161941-8a7aec26\b353b5c2c9dd\Migrate_the_TC387_TOM-based_3_phase_inverter_PWM_t_r_20260324_003341\attempts\phase_003_build\include/IfxEgtm_Cmu.h:25:17: warning: 'IfxEgtm_Cmu_selectClkInput' declared 'static' but never defined [-Wunused-function]
   25 | IFX_INLINE void IfxEgtm_Cmu_selectClkInput(Ifx_EGTM *egtm, IfxEgtm_Cmu_Clk clkIndex, boolean useGlobal);
      |                 ^~~~~~~~~~~~~~~~~~~~~~~~~~
In file included from C:\Users\Kenneth Anioay\Downloads\infineon_POC_MVP\infineon_POC_MVP\outputs_20260323-161941-8a7aec26\b353b5c2c9dd\Migrate_the_TC387_TOM-based_3_phase_inverter_PWM_t_r_20260324_003341\attempts\phase_003_build\include/egtm_atom_3_phase_inverter_pwm.h:20:
C:\Users\Kenneth Anioay\Downloads\infineon_POC_MVP\infineon_POC_MVP\outputs_20260323-161941-8a7aec26\b353b5c2c9dd\Migrate_the_TC387_TOM-based_3_phase_inverter_PWM_t_r_20260324_003341\attempts\phase_003_build\include/IfxPort.h:10:17: warning: 'IfxPort_setPinModeOutput' declared 'static' but never defined [-Wunused-function]
   10 | IFX_INLINE void IfxPort_setPinModeOutput(Ifx_P *port, uint8 pinIndex, IfxPort_OutputMode mode, IfxPort_OutputIdx index);
      |                 ^~~~~~~~~~~~~~~~~~~~~~~~
C:\Users\Kenneth Anioay\Downloads\infineon_POC_MVP\infineon_POC_MVP\outputs_20260323-161941-8a7aec26\b353b5c2c9dd\Migrate_the_TC387_TOM-based_3_phase_inverter_PWM_t_r_20260324_003341\attempts\phase_003_build\test\test_egtm_atom_3_phase_inverter_pwm.c:12:22: warning: 'kDeadtimeUs' defined but not used [-Wunused-const-variable=]
   12 | static const float32 kDeadtimeUs      = 0.5f;       // TIMING_DEADTIME_US (call-count verified only)
      |                      ^~~~~~~~~~~
