C:\Users\extsiyv\AppData\Local\Temp\tdd_build__bofz1bn\src\egtm_atom_3_phase_inverter_pwm.c:57:5: error: unknown type name 'IfxEgtm_Pwm_DeadTime'; did you mean 'IfxEgtm_Pwm_Config'?
   57 |     IfxEgtm_Pwm_DeadTime      deadTimes[NUM_PWM_CHANNELS];             /* rising/falling dead-times */
      |     ^~~~~~~~~~~~~~~~~~~~
      |     IfxEgtm_Pwm_Config
C:\Users\extsiyv\AppData\Local\Temp\tdd_build__bofz1bn\src\egtm_atom_3_phase_inverter_pwm.c: In function 'initEgtmAtom3phInv':
C:\Users\extsiyv\AppData\Local\Temp\tdd_build__bofz1bn\src\egtm_atom_3_phase_inverter_pwm.c:120:5: error: unknown type name 'IfxEgtm_Pwm_ChannelConfig'; did you mean 'IfxEgtm_Pwm_Channel'?
  120 |     IfxEgtm_Pwm_ChannelConfig    channelConfig[NUM_PWM_CHANNELS];           /* per-channel config */
      |     ^~~~~~~~~~~~~~~~~~~~~~~~~
      |     IfxEgtm_Pwm_Channel
C:\Users\extsiyv\AppData\Local\Temp\tdd_build__bofz1bn\src\egtm_atom_3_phase_inverter_pwm.c:122:5: error: unknown type name 'IfxEgtm_Pwm_InterruptConfig'; did you mean 'IfxEgtm_Pwm_OutputConfig'?
  122 |     IfxEgtm_Pwm_InterruptConfig  interruptConfig;                           /* period event on base channel */
      |     ^~~~~~~~~~~~~~~~~~~~~~~~~~~
      |     IfxEgtm_Pwm_OutputConfig
C:\Users\extsiyv\AppData\Local\Temp\tdd_build__bofz1bn\src\egtm_atom_3_phase_inverter_pwm.c:41:39: error: 'IfxEgtm_ATOM0_0_TOUT0_P02_0_OUT' undeclared (first use in this function); did you mean 'IfxEgtm_ATOM0_0N_TOUT65_P20_9_OUT'?
   41 | #define PHASE_U_HS                  (&IfxEgtm_ATOM0_0_TOUT0_P02_0_OUT)
      |                                       ^~~~~~~~~~~~~~~~~~~~~~~~~~~~~~~
C:\Users\extsiyv\AppData\Local\Temp\tdd_build__bofz1bn\src\egtm_atom_3_phase_inverter_pwm.c:130:39: note: in expansion of macro 'PHASE_U_HS'
  130 |     output[0].pin                   = PHASE_U_HS;                            /* high-side pin */
      |                                       ^~~~~~~~~~
C:\Users\extsiyv\AppData\Local\Temp\tdd_build__bofz1bn\src\egtm_atom_3_phase_inverter_pwm.c:41:39: note: each undeclared identifier is reported only once for each function it appears in
   41 | #define PHASE_U_HS                  (&IfxEgtm_ATOM0_0_TOUT0_P02_0_OUT)
      |                                       ^~~~~~~~~~~~~~~~~~~~~~~~~~~~~~~
C:\Users\extsiyv\AppData\Local\Temp\tdd_build__bofz1bn\src\egtm_atom_3_phase_inverter_pwm.c:130:39: note: in expansion of macro 'PHASE_U_HS'
  130 |     output[0].pin                   = PHASE_U_HS;                            /* high-side pin */
      |                                       ^~~~~~~~~~
C:\Users\extsiyv\AppData\Local\Temp\tdd_build__bofz1bn\src\egtm_atom_3_phase_inverter_pwm.c:131:14: error: 'IfxEgtm_Pwm_OutputConfig' has no member named 'complementaryPin'
  131 |     output[0].complementaryPin      = PHASE_U_LS;                            /* low-side pin  */
      |              ^
C:\Users\extsiyv\AppData\Local\Temp\tdd_build__bofz1bn\src\egtm_atom_3_phase_inverter_pwm.c:42:39: error: 'IfxEgtm_ATOM0_0N_TOUT7_P02_7_OUT' undeclared (first use in this function); did you mean 'IfxEgtm_ATOM0_0N_TOUT65_P20_9_OUT'?
   42 | #define PHASE_U_LS                  (&IfxEgtm_ATOM0_0N_TOUT7_P02_7_OUT)
      |                                       ^~~~~~~~~~~~~~~~~~~~~~~~~~~~~~~~
C:\Users\extsiyv\AppData\Local\Temp\tdd_build__bofz1bn\src\egtm_atom_3_phase_inverter_pwm.c:131:39: note: in expansion of macro 'PHASE_U_LS'
  131 |     output[0].complementaryPin      = PHASE_U_LS;                            /* low-side pin  */
      |                                       ^~~~~~~~~~
C:\Users\extsiyv\AppData\Local\Temp\tdd_build__bofz1bn\src\egtm_atom_3_phase_inverter_pwm.c:132:14: error: 'IfxEgtm_Pwm_OutputConfig' has no member named 'polarity'
  132 |     output[0].polarity              = Ifx_ActiveState_high;                  /* HS active high */
      |              ^
C:\Users\extsiyv\AppData\Local\Temp\tdd_build__bofz1bn\src\egtm_atom_3_phase_inverter_pwm.c:133:14: error: 'IfxEgtm_Pwm_OutputConfig' has no member named 'complementaryPolarity'
  133 |     output[0].complementaryPolarity = Ifx_ActiveState_low;                   /* LS active low  */
      |              ^
C:\Users\extsiyv\AppData\Local\Temp\tdd_build__bofz1bn\src\egtm_atom_3_phase_inverter_pwm.c:134:14: error: 'IfxEgtm_Pwm_OutputConfig' has no member named 'outputMode'
  134 |     output[0].outputMode            = IfxPort_OutputMode_pushPull;
      |              ^
C:\Users\extsiyv\AppData\Local\Temp\tdd_build__bofz1bn\src\egtm_atom_3_phase_inverter_pwm.c:139:14: error: 'IfxEgtm_Pwm_OutputConfig' has no member named 'complementaryPin'
  139 |     output[1].complementaryPin      = PHASE_V_LS;
      |              ^
C:\Users\extsiyv\AppData\Local\Temp\tdd_build__bofz1bn\src\egtm_atom_3_phase_inverter_pwm.c:140:14: error: 'IfxEgtm_Pwm_OutputConfig' has no member named 'polarity'
  140 |     output[1].polarity              = Ifx_ActiveState_high;
      |              ^
C:\Users\extsiyv\AppData\Local\Temp\tdd_build__bofz1bn\src\egtm_atom_3_phase_inverter_pwm.c:141:14: error: 'IfxEgtm_Pwm_OutputConfig' has no member named 'complementaryPolarity'
  141 |     output[1].complementaryPolarity = Ifx_ActiveState_low;
      |              ^
C:\Users\extsiyv\AppData\Local\Temp\tdd_build__bofz1bn\src\egtm_atom_3_phase_inverter_pwm.c:142:14: error: 'IfxEgtm_Pwm_OutputConfig' has no member named 'outputMode'
  142 |     output[1].outputMode            = IfxPort_OutputMode_pushPull;
      |              ^
C:\Users\extsiyv\AppData\Local\Temp\tdd_build__bofz1bn\src\egtm_atom_3_phase_inverter_pwm.c:147:14: error: 'IfxEgtm_Pwm_OutputConfig' has no member named 'complementaryPin'
  147 |     output[2].complementaryPin      = PHASE_W_LS;
      |              ^
C:\Users\extsiyv\AppData\Local\Temp\tdd_build__bofz1bn\src\egtm_atom_3_phase_inverter_pwm.c:148:14: error: 'IfxEgtm_Pwm_OutputConfig' has no member named 'polarity'
  148 |     output[2].polarity              = Ifx_ActiveState_high;
      |              ^
C:\Users\extsiyv\AppData\Local\Temp\tdd_build__bofz1bn\src\egtm_atom_3_phase_inverter_pwm.c:149:14: error: 'IfxEgtm_Pwm_OutputConfig' has no member named 'complementaryPolarity'
  149 |     output[2].complementaryPolarity = Ifx_ActiveState_low;
      |              ^
C:\Users\extsiyv\AppData\Local\Temp\tdd_build__bofz1bn\src\egtm_atom_3_phase_inverter_pwm.c:150:14: error: 'IfxEgtm_Pwm_OutputConfig' has no member named 'outputMode'
  150 |     output[2].outputMode            = IfxPort_OutputMode_pushPull;
      |              ^
C:\Users\extsiyv\AppData\Local\Temp\tdd_build__bofz1bn\src\egtm_atom_3_phase_inverter_pwm.c:154:26: error: request for member 'rising' in something not a structure or union
  154 |     dtmConfig[0].deadTime.rising    = 1e-6f;
      |                          ^
C:\Users\extsiyv\AppData\Local\Temp\tdd_build__bofz1bn\src\egtm_atom_3_phase_inverter_pwm.c:155:26: error: request for member 'falling' in something not a structure or union
  155 |     dtmConfig[0].deadTime.falling   = 1e-6f;
      |                          ^
C:\Users\extsiyv\AppData\Local\Temp\tdd_build__bofz1bn\src\egtm_atom_3_phase_inverter_pwm.c:156:17: error: 'IfxEgtm_Pwm_DtmConfig' has no member named 'fastShutOff'
  156 |     dtmConfig[0].fastShutOff        = NULL_PTR;
      |                 ^
C:\Users\extsiyv\AppData\Local\Temp\tdd_build__bofz1bn\src\egtm_atom_3_phase_inverter_pwm.c:158:26: error: request for member 'rising' in something not a structure or union
  158 |     dtmConfig[1].deadTime.rising    = 1e-6f;
      |                          ^
C:\Users\extsiyv\AppData\Local\Temp\tdd_build__bofz1bn\src\egtm_atom_3_phase_inverter_pwm.c:159:26: error: request for member 'falling' in something not a structure or union
  159 |     dtmConfig[1].deadTime.falling   = 1e-6f;
      |                          ^
C:\Users\extsiyv\AppData\Local\Temp\tdd_build__bofz1bn\src\egtm_atom_3_phase_inverter_pwm.c:160:17: error: 'IfxEgtm_Pwm_DtmConfig' has no member named 'fastShutOff'
  160 |     dtmConfig[1].fastShutOff        = NULL_PTR;
      |                 ^
C:\Users\extsiyv\AppData\Local\Temp\tdd_build__bofz1bn\src\egtm_atom_3_phase_inverter_pwm.c:162:26: error: request for member 'rising' in something not a structure or union
  162 |     dtmConfig[2].deadTime.rising    = 1e-6f;
      |                          ^
C:\Users\extsiyv\AppData\Local\Temp\tdd_build__bofz1bn\src\egtm_atom_3_phase_inverter_pwm.c:163:26: error: request for member 'falling' in something not a structure or union
  163 |     dtmConfig[2].deadTime.falling   = 1e-6f;
      |                          ^
C:\Users\extsiyv\AppData\Local\Temp\tdd_build__bofz1bn\src\egtm_atom_3_phase_inverter_pwm.c:164:17: error: 'IfxEgtm_Pwm_DtmConfig' has no member named 'fastShutOff'
  164 |     dtmConfig[2].fastShutOff        = NULL_PTR;
      |                 ^
C:\Users\extsiyv\AppData\Local\Temp\tdd_build__bofz1bn\src\egtm_atom_3_phase_inverter_pwm.c:167:20: error: request for member 'mode' in something not a structure or union
  167 |     interruptConfig.mode        = IfxEgtm_Pwm_IrqMode_pulseNotify;
      |                    ^
C:\Users\extsiyv\AppData\Local\Temp\tdd_build__bofz1bn\src\egtm_atom_3_phase_inverter_pwm.c:167:35: error: 'IfxEgtm_Pwm_IrqMode_pulseNotify' undeclared (first use in this function); did you mean 'IfxEgtm_IrqMode_pulseNotify'?
  167 |     interruptConfig.mode        = IfxEgtm_Pwm_IrqMode_pulseNotify;
      |                                   ^~~~~~~~~~~~~~~~~~~~~~~~~~~~~~~
      |                                   IfxEgtm_IrqMode_pulseNotify
C:\Users\extsiyv\AppData\Local\Temp\tdd_build__bofz1bn\src\egtm_atom_3_phase_inverter_pwm.c:168:20: error: request for member 'isrProvider' in something not a structure or union
  168 |     interruptConfig.isrProvider = IfxSrc_Tos_cpu0;
      |                    ^
C:\Users\extsiyv\AppData\Local\Temp\tdd_build__bofz1bn\src\egtm_atom_3_phase_inverter_pwm.c:169:20: error: request for member 'priority' in something not a structure or union
  169 |     interruptConfig.priority    = ISR_PRIORITY_ATOM;
      |                    ^
C:\Users\extsiyv\AppData\Local\Temp\tdd_build__bofz1bn\src\egtm_atom_3_phase_inverter_pwm.c:170:20: error: request for member 'vmId' in something not a structure or union
  170 |     interruptConfig.vmId        = IfxSrc_VmId_0;
      |                    ^
C:\Users\extsiyv\AppData\Local\Temp\tdd_build__bofz1bn\src\egtm_atom_3_phase_inverter_pwm.c:171:20: error: request for member 'periodEvent' in something not a structure or union
  171 |     interruptConfig.periodEvent = &IfxEgtm_periodEventFunction;
      |                    ^
C:\Users\extsiyv\AppData\Local\Temp\tdd_build__bofz1bn\src\egtm_atom_3_phase_inverter_pwm.c:172:20: error: request for member 'dutyEvent' in something not a structure or union
  172 |     interruptConfig.dutyEvent   = NULL_PTR;
      |                    ^
C:\Users\extsiyv\AppData\Local\Temp\tdd_build__bofz1bn\src\egtm_atom_3_phase_inverter_pwm.c:176:21: error: request for member 'timerCh' in something not a structure or union
  176 |     channelConfig[0].timerCh   = IfxEgtm_Pwm_SubModule_Ch_0;
      |                     ^
C:\Users\extsiyv\AppData\Local\Temp\tdd_build__bofz1bn\src\egtm_atom_3_phase_inverter_pwm.c:176:34: error: 'IfxEgtm_Pwm_SubModule_Ch_0' undeclared (first use in this function)
  176 |     channelConfig[0].timerCh   = IfxEgtm_Pwm_SubModule_Ch_0;
      |                                  ^~~~~~~~~~~~~~~~~~~~~~~~~~
C:\Users\extsiyv\AppData\Local\Temp\tdd_build__bofz1bn\src\egtm_atom_3_phase_inverter_pwm.c:177:21: error: request for member 'phase' in something not a structure or union
  177 |     channelConfig[0].phase     = 0.0f;
      |                     ^
C:\Users\extsiyv\AppData\Local\Temp\tdd_build__bofz1bn\src\egtm_atom_3_phase_inverter_pwm.c:178:21: error: request for member 'duty' in something not a structure or union
  178 |     channelConfig[0].duty      = PHASE_U_DUTY;
      |                     ^
C:\Users\extsiyv\AppData\Local\Temp\tdd_build__bofz1bn\src\egtm_atom_3_phase_inverter_pwm.c:179:21: error: request for member 'dtm' in something not a structure or union
  179 |     channelConfig[0].dtm       = &dtmConfig[0];
      |                     ^
C:\Users\extsiyv\AppData\Local\Temp\tdd_build__bofz1bn\src\egtm_atom_3_phase_inverter_pwm.c:180:21: error: request for member 'output' in something not a structure or union
  180 |     channelConfig[0].output    = &output[0];
      |                     ^
C:\Users\extsiyv\AppData\Local\Temp\tdd_build__bofz1bn\src\egtm_atom_3_phase_inverter_pwm.c:181:21: error: request for member 'mscOut' in something not a structure or union
  181 |     channelConfig[0].mscOut    = NULL_PTR;
      |                     ^
C:\Users\extsiyv\AppData\Local\Temp\tdd_build__bofz1bn\src\egtm_atom_3_phase_inverter_pwm.c:182:21: error: request for member 'interrupt' in something not a structure or union
  182 |     channelConfig[0].interrupt = &interruptConfig;
      |                     ^
C:\Users\extsiyv\AppData\Local\Temp\tdd_build__bofz1bn\src\egtm_atom_3_phase_inverter_pwm.c:185:21: error: request for member 'timerCh' in something not a structure or union
  185 |     channelConfig[1].timerCh   = IfxEgtm_Pwm_SubModule_Ch_1;
      |                     ^
C:\Users\extsiyv\AppData\Local\Temp\tdd_build__bofz1bn\src\egtm_atom_3_phase_inverter_pwm.c:185:34: error: 'IfxEgtm_Pwm_SubModule_Ch_1' undeclared (first use in this function)
  185 |     channelConfig[1].timerCh   = IfxEgtm_Pwm_SubModule_Ch_1;
      |                                  ^~~~~~~~~~~~~~~~~~~~~~~~~~
C:\Users\extsiyv\AppData\Local\Temp\tdd_build__bofz1bn\src\egtm_atom_3_phase_inverter_pwm.c:186:21: error: request for member 'phase' in something not a structure or union
  186 |     channelConfig[1].phase     = 0.0f;
      |                     ^
C:\Users\extsiyv\AppData\Local\Temp\tdd_build__bofz1bn\src\egtm_atom_3_phase_inverter_pwm.c:187:21: error: request for member 'duty' in something not a structure or union
  187 |     channelConfig[1].duty      = PHASE_V_DUTY;
      |                     ^
C:\Users\extsiyv\AppData\Local\Temp\tdd_build__bofz1bn\src\egtm_atom_3_phase_inverter_pwm.c:188:21: error: request for member 'dtm' in something not a structure or union
  188 |     channelConfig[1].dtm       = &dtmConfig[1];
      |                     ^
C:\Users\extsiyv\AppData\Local\Temp\tdd_build__bofz1bn\src\egtm_atom_3_phase_inverter_pwm.c:189:21: error: request for member 'output' in something not a structure or union
  189 |     channelConfig[1].output    = &output[1];
      |                     ^
C:\Users\extsiyv\AppData\Local\Temp\tdd_build__bofz1bn\src\egtm_atom_3_phase_inverter_pwm.c:190:21: error: request for member 'mscOut' in something not a structure or union
  190 |     channelConfig[1].mscOut    = NULL_PTR;
      |                     ^
C:\Users\extsiyv\AppData\Local\Temp\tdd_build__bofz1bn\src\egtm_atom_3_phase_inverter_pwm.c:191:21: error: request for member 'interrupt' in something not a structure or union
  191 |     channelConfig[1].interrupt = NULL_PTR;      /* only base channel has interrupt */
      |                     ^
C:\Users\extsiyv\AppData\Local\Temp\tdd_build__bofz1bn\src\egtm_atom_3_phase_inverter_pwm.c:194:21: error: request for member 'timerCh' in something not a structure or union
  194 |     channelConfig[2].timerCh   = IfxEgtm_Pwm_SubModule_Ch_2;
      |                     ^
C:\Users\extsiyv\AppData\Local\Temp\tdd_build__bofz1bn\src\egtm_atom_3_phase_inverter_pwm.c:194:34: error: 'IfxEgtm_Pwm_SubModule_Ch_2' undeclared (first use in this function)
  194 |     channelConfig[2].timerCh   = IfxEgtm_Pwm_SubModule_Ch_2;
      |                                  ^~~~~~~~~~~~~~~~~~~~~~~~~~
C:\Users\extsiyv\AppData\Local\Temp\tdd_build__bofz1bn\src\egtm_atom_3_phase_inverter_pwm.c:195:21: error: request for member 'phase' in something not a structure or union
  195 |     channelConfig[2].phase     = 0.0f;
      |                     ^
C:\Users\extsiyv\AppData\Local\Temp\tdd_build__bofz1bn\src\egtm_atom_3_phase_inverter_pwm.c:196:21: error: request for member 'duty' in something not a structure or union
  196 |     channelConfig[2].duty      = PHASE_W_DUTY;
      |                     ^
C:\Users\extsiyv\AppData\Local\Temp\tdd_build__bofz1bn\src\egtm_atom_3_phase_inverter_pwm.c:197:21: error: request for member 'dtm' in something not a structure or union
  197 |     channelConfig[2].dtm       = &dtmConfig[2];
      |                     ^
C:\Users\extsiyv\AppData\Local\Temp\tdd_build__bofz1bn\src\egtm_atom_3_phase_inverter_pwm.c:198:21: error: request for member 'output' in something not a structure or union
  198 |     channelConfig[2].output    = &output[2];
      |                     ^
C:\Users\extsiyv\AppData\Local\Temp\tdd_build__bofz1bn\src\egtm_atom_3_phase_inverter_pwm.c:199:21: error: request for member 'mscOut' in something not a structure or union
  199 |     channelConfig[2].mscOut    = NULL_PTR;
      |                     ^
C:\Users\extsiyv\AppData\Local\Temp\tdd_build__bofz1bn\src\egtm_atom_3_phase_inverter_pwm.c:200:21: error: request for member 'interrupt' in something not a structure or union
  200 |     channelConfig[2].interrupt = NULL_PTR;      /* only base channel has interrupt */
      |                     ^
C:\Users\extsiyv\AppData\Local\Temp\tdd_build__bofz1bn\src\egtm_atom_3_phase_inverter_pwm.c:203:34: error: 'IfxEgtm_Cluster_0' undeclared (first use in this function); did you mean 'IfxEgtm_Cmu_Clk_0'?
  203 |     config.cluster             = IfxEgtm_Cluster_0;                          /* target cluster 0 */
      |                                  ^~~~~~~~~~~~~~~~~
      |                                  IfxEgtm_Cmu_Clk_0
C:\Users\extsiyv\AppData\Local\Temp\tdd_build__bofz1bn\src\egtm_atom_3_phase_inverter_pwm.c:204:34: error: 'IfxEgtm_SubModule_atom' undeclared (first use in this function)
  204 |     config.subModule           = IfxEgtm_SubModule_atom;                     /* ATOM submodule */
      |                                  ^~~~~~~~~~~~~~~~~~~~~~
C:\Users\extsiyv\AppData\Local\Temp\tdd_build__bofz1bn\src\egtm_atom_3_phase_inverter_pwm.c:205:34: error: 'IfxEgtm_Pwm_Alignment_centerAligned' undeclared (first use in this function); did you mean 'IfxEgtm_Pwm_Alignment_center'?
  205 |     config.alignment           = IfxEgtm_Pwm_Alignment_centerAligned;        /* center-aligned */
      |                                  ^~~~~~~~~~~~~~~~~~~~~~~~~~~~~~~~~~~
      |                                  IfxEgtm_Pwm_Alignment_center
C:\Users\extsiyv\AppData\Local\Temp\tdd_build__bofz1bn\src\egtm_atom_3_phase_inverter_pwm.c:210:32: error: assignment to 'IfxEgtm_Pwm_Channel *' from incompatible pointer type 'int *' [-Wincompatible-pointer-types]
  210 |     config.channels            = channelConfig;                              /* per-channel configuration array */
      |                                ^
C:\Users\extsiyv\AppData\Local\Temp\tdd_build__bofz1bn\src\egtm_atom_3_phase_inverter_pwm.c:213:34: error: 'IfxEgtm_Atom_Ch_ClkSrc_cmuFxclk0' undeclared (first use in this function)
  213 |     config.clockSource.atom    = IfxEgtm_Atom_Ch_ClkSrc_cmuFxclk0;
      |                                  ^~~~~~~~~~~~~~~~~~~~~~~~~~~~~~~~
C:\Users\extsiyv\AppData\Local\Temp\tdd_build__bofz1bn\src\egtm_atom_3_phase_inverter_pwm.c:214:34: error: 'IfxEgtm_Dtm_ClockSource_cmuClock0' undeclared (first use in this function)
  214 |     config.dtmClockSource      = IfxEgtm_Dtm_ClockSource_cmuClock0;
      |                                  ^~~~~~~~~~~~~~~~~~~~~~~~~~~~~~~~~
C:\Users\extsiyv\AppData\Local\Temp\tdd_build__bofz1bn\src\egtm_atom_3_phase_inverter_pwm.c:218:11: error: 'IfxEgtm_Pwm_Config' has no member named 'channelHandles'
  218 |     config.channelHandles      = g_egtmAtom3phInv.channels;
      |           ^
C:\Users\extsiyv\AppData\Local\Temp\tdd_build__bofz1bn\src\egtm_atom_3_phase_inverter_pwm.c:227:54: error: request for member 'duty' in something not a structure or union
  227 |     g_egtmAtom3phInv.dutyCycles[0] = channelConfig[0].duty;
      |                                                      ^
C:\Users\extsiyv\AppData\Local\Temp\tdd_build__bofz1bn\src\egtm_atom_3_phase_inverter_pwm.c:228:54: error: request for member 'duty' in something not a structure or union
  228 |     g_egtmAtom3phInv.dutyCycles[1] = channelConfig[1].duty;
      |                                                      ^
C:\Users\extsiyv\AppData\Local\Temp\tdd_build__bofz1bn\src\egtm_atom_3_phase_inverter_pwm.c:229:54: error: request for member 'duty' in something not a structure or union
  229 |     g_egtmAtom3phInv.dutyCycles[2] = channelConfig[2].duty;
      |                                                      ^
C:\Users\extsiyv\AppData\Local\Temp\tdd_build__bofz1bn\src\egtm_atom_3_phase_inverter_pwm.c:231:54: error: request for member 'phase' in something not a structure or union
  231 |     g_egtmAtom3phInv.phases[0]     = channelConfig[0].phase;
      |                                                      ^
C:\Users\extsiyv\AppData\Local\Temp\tdd_build__bofz1bn\src\egtm_atom_3_phase_inverter_pwm.c:232:54: error: request for member 'phase' in something not a structure or union
  232 |     g_egtmAtom3phInv.phases[1]     = channelConfig[1].phase;
      |                                                      ^
C:\Users\extsiyv\AppData\Local\Temp\tdd_build__bofz1bn\src\egtm_atom_3_phase_inverter_pwm.c:233:54: error: request for member 'phase' in something not a structure or union
  233 |     g_egtmAtom3phInv.phases[2]     = channelConfig[2].phase;
      |                                                      ^

In file included from C:\Users\extsiyv\Desktop\Infineon\Workstream_3\agentic_workflow_Infineon\unity/unity.h:22,
                 from C:\Users\extsiyv\AppData\Local\Temp\tdd_build__bofz1bn\test\test_egtm_atom_3_phase_inverter_pwm.c:1:
C:\Users\extsiyv\AppData\Local\Temp\tdd_build__bofz1bn\test\test_egtm_atom_3_phase_inverter_pwm.c: In function 'test_TC_G2_001_init_applies_frequency_and_channel_count':
C:\Users\extsiyv\AppData\Local\Temp\tdd_build__bofz1bn\test\test_egtm_atom_3_phase_inverter_pwm.c:83:52: error: 'mock_initEgtmAtom3phInv_lastNumChannels' undeclared (first use in this function); did you mean 'mock_IfxEgtm_Pwm_init_lastNumChannels'?
   83 |     TEST_ASSERT_EQUAL_INT_MESSAGE(UT_NUM_CHANNELS, mock_initEgtmAtom3phInv_lastNumChannels, "Number of PWM channels must be 3 (complementary pairs handled internally)");
      |                                                    ^~~~~~~~~~~~~~~~~~~~~~~~~~~~~~~~~~~~~~~
C:\Users\extsiyv\Desktop\Infineon\Workstream_3\agentic_workflow_Infineon\unity/unity_internals.h:897:156: note: in definition of macro 'UNITY_TEST_ASSERT_EQUAL_INT'
  897 | #define UNITY_TEST_ASSERT_EQUAL_INT(expected, actual, line, message)                             UnityAssertEqualNumber((UNITY_INT)(expected), (UNITY_INT)(actual), (message), (UNITY_LINE_TYPE)(line), UNITY_DISPLAY_STYLE_INT)
      |                                                                                                                                                            ^~~~~~
C:\Users\extsiyv\AppData\Local\Temp\tdd_build__bofz1bn\test\test_egtm_atom_3_phase_inverter_pwm.c:83:5: note: in expansion of macro 'TEST_ASSERT_EQUAL_INT_MESSAGE'
   83 |     TEST_ASSERT_EQUAL_INT_MESSAGE(UT_NUM_CHANNELS, mock_initEgtmAtom3phInv_lastNumChannels, "Number of PWM channels must be 3 (complementary pairs handled internally)");
      |     ^~~~~~~~~~~~~~~~~~~~~~~~~~~~~
C:\Users\extsiyv\AppData\Local\Temp\tdd_build__bofz1bn\test\test_egtm_atom_3_phase_inverter_pwm.c:83:52: note: each undeclared identifier is reported only once for each function it appears in
   83 |     TEST_ASSERT_EQUAL_INT_MESSAGE(UT_NUM_CHANNELS, mock_initEgtmAtom3phInv_lastNumChannels, "Number of PWM channels must be 3 (complementary pairs handled internally)");
      |                                                    ^~~~~~~~~~~~~~~~~~~~~~~~~~~~~~~~~~~~~~~
C:\Users\extsiyv\Desktop\Infineon\Workstream_3\agentic_workflow_Infineon\unity/unity_internals.h:897:156: note: in definition of macro 'UNITY_TEST_ASSERT_EQUAL_INT'
  897 | #define UNITY_TEST_ASSERT_EQUAL_INT(expected, actual, line, message)                             UnityAssertEqualNumber((UNITY_INT)(expected), (UNITY_INT)(actual), (message), (UNITY_LINE_TYPE)(line), UNITY_DISPLAY_STYLE_INT)
      |                                                                                                                                                            ^~~~~~
C:\Users\extsiyv\AppData\Local\Temp\tdd_build__bofz1bn\test\test_egtm_atom_3_phase_inverter_pwm.c:83:5: note: in expansion of macro 'TEST_ASSERT_EQUAL_INT_MESSAGE'
   83 |     TEST_ASSERT_EQUAL_INT_MESSAGE(UT_NUM_CHANNELS, mock_initEgtmAtom3phInv_lastNumChannels, "Number of PWM channels must be 3 (complementary pairs handled internally)");
      |     ^~~~~~~~~~~~~~~~~~~~~~~~~~~~~
C:\Users\extsiyv\AppData\Local\Temp\tdd_build__bofz1bn\test\test_egtm_atom_3_phase_inverter_pwm.c:84:77: error: 'mock_initEgtmAtom3phInv_lastFrequency' undeclared (first use in this function); did you mean 'mock_IfxEgtm_Pwm_init_lastFrequency'?
   84 |     TEST_ASSERT_FLOAT_WITHIN_MESSAGE(UT_FLOAT_EPSILON, UT_PWM_FREQUENCY_HZ, mock_initEgtmAtom3phInv_lastFrequency, "PWM switching frequency must be 20 kHz");
      |                                                                             ^~~~~~~~~~~~~~~~~~~~~~~~~~~~~~~~~~~~~
C:\Users\extsiyv\Desktop\Infineon\Workstream_3\agentic_workflow_Infineon\unity/unity_internals.h:1119:183: note: in definition of macro 'UNITY_TEST_ASSERT_FLOAT_WITHIN'
 1119 | #define UNITY_TEST_ASSERT_FLOAT_WITHIN(delta, expected, actual, line, message)                   UnityAssertFloatsWithin((UNITY_FLOAT)(delta), (UNITY_FLOAT)(expected), (UNITY_FLOAT)(actual), (message), (UNITY_LINE_TYPE)(line))
      |                                                                                                                                                                                       ^~~~~~
C:\Users\extsiyv\AppData\Local\Temp\tdd_build__bofz1bn\test\test_egtm_atom_3_phase_inverter_pwm.c:84:5: note: in expansion of macro 'TEST_ASSERT_FLOAT_WITHIN_MESSAGE'
   84 |     TEST_ASSERT_FLOAT_WITHIN_MESSAGE(UT_FLOAT_EPSILON, UT_PWM_FREQUENCY_HZ, mock_initEgtmAtom3phInv_lastFrequency, "PWM switching frequency must be 20 kHz");
      |     ^~~~~~~~~~~~~~~~~~~~~~~~~~~~~~~~
C:\Users\extsiyv\AppData\Local\Temp\tdd_build__bofz1bn\test\test_egtm_atom_3_phase_inverter_pwm.c: In function 'test_TC_G2_002_init_applies_initial_duties_and_deadtime':
C:\Users\extsiyv\AppData\Local\Temp\tdd_build__bofz1bn\test\test_egtm_atom_3_phase_inverter_pwm.c:96:80: error: 'mock_updateEgtmAtom3phInv_lastDuties' undeclared (first use in this function)
   96 |     TEST_ASSERT_FLOAT_WITHIN_MESSAGE(UT_FLOAT_EPSILON, UT_INIT_DUTY_U_PERCENT, mock_updateEgtmAtom3phInv_lastDuties[0], "Initial duty for phase U must be 25.0% (percent units)");
      |                                                                                ^~~~~~~~~~~~~~~~~~~~~~~~~~~~~~~~~~~~
C:\Users\extsiyv\Desktop\Infineon\Workstream_3\agentic_workflow_Infineon\unity/unity_internals.h:1119:183: note: in definition of macro 'UNITY_TEST_ASSERT_FLOAT_WITHIN'
 1119 | #define UNITY_TEST_ASSERT_FLOAT_WITHIN(delta, expected, actual, line, message)                   UnityAssertFloatsWithin((UNITY_FLOAT)(delta), (UNITY_FLOAT)(expected), (UNITY_FLOAT)(actual), (message), (UNITY_LINE_TYPE)(line))
      |                                                                                                                                                                                       ^~~~~~
C:\Users\extsiyv\AppData\Local\Temp\tdd_build__bofz1bn\test\test_egtm_atom_3_phase_inverter_pwm.c:96:5: note: in expansion of macro 'TEST_ASSERT_FLOAT_WITHIN_MESSAGE'
   96 |     TEST_ASSERT_FLOAT_WITHIN_MESSAGE(UT_FLOAT_EPSILON, UT_INIT_DUTY_U_PERCENT, mock_updateEgtmAtom3phInv_lastDuties[0], "Initial duty for phase U must be 25.0% (percent units)");
      |     ^~~~~~~~~~~~~~~~~~~~~~~~~~~~~~~~
C:\Users\extsiyv\AppData\Local\Temp\tdd_build__bofz1bn\test\test_egtm_atom_3_phase_inverter_pwm.c:101:80: error: 'mock_setDeadtimeEgtmAtom3phInv_lastDtRising' undeclared (first use in this function)
  101 |     TEST_ASSERT_FLOAT_WITHIN_MESSAGE(UT_FLOAT_EPSILON, UT_DEADTIME_RISING_US,  mock_setDeadtimeEgtmAtom3phInv_lastDtRising[0], "Dead-time rising[0] must be 1.0 us");
      |                                                                                ^~~~~~~~~~~~~~~~~~~~~~~~~~~~~~~~~~~~~~~~~~~
C:\Users\extsiyv\Desktop\Infineon\Workstream_3\agentic_workflow_Infineon\unity/unity_internals.h:1119:183: note: in definition of macro 'UNITY_TEST_ASSERT_FLOAT_WITHIN'
 1119 | #define UNITY_TEST_ASSERT_FLOAT_WITHIN(delta, expected, actual, line, message)                   UnityAssertFloatsWithin((UNITY_FLOAT)(delta), (UNITY_FLOAT)(expected), (UNITY_FLOAT)(actual), (message), (UNITY_LINE_TYPE)(line))
      |                                                                                                                                                                                       ^~~~~~
C:\Users\extsiyv\AppData\Local\Temp\tdd_build__bofz1bn\test\test_egtm_atom_3_phase_inverter_pwm.c:101:5: note: in expansion of macro 'TEST_ASSERT_FLOAT_WITHIN_MESSAGE'
  101 |     TEST_ASSERT_FLOAT_WITHIN_MESSAGE(UT_FLOAT_EPSILON, UT_DEADTIME_RISING_US,  mock_setDeadtimeEgtmAtom3phInv_lastDtRising[0], "Dead-time rising[0] must be 1.0 us");
      |     ^~~~~~~~~~~~~~~~~~~~~~~~~~~~~~~~
C:\Users\extsiyv\AppData\Local\Temp\tdd_build__bofz1bn\test\test_egtm_atom_3_phase_inverter_pwm.c:105:80: error: 'mock_setDeadtimeEgtmAtom3phInv_lastDtFalling' undeclared (first use in this function)
  105 |     TEST_ASSERT_FLOAT_WITHIN_MESSAGE(UT_FLOAT_EPSILON, UT_DEADTIME_FALLING_US, mock_setDeadtimeEgtmAtom3phInv_lastDtFalling[0], "Dead-time falling[0] must be 1.0 us");
      |                                                                                ^~~~~~~~~~~~~~~~~~~~~~~~~~~~~~~~~~~~~~~~~~~~
C:\Users\extsiyv\Desktop\Infineon\Workstream_3\agentic_workflow_Infineon\unity/unity_internals.h:1119:183: note: in definition of macro 'UNITY_TEST_ASSERT_FLOAT_WITHIN'
 1119 | #define UNITY_TEST_ASSERT_FLOAT_WITHIN(delta, expected, actual, line, message)                   UnityAssertFloatsWithin((UNITY_FLOAT)(delta), (UNITY_FLOAT)(expected), (UNITY_FLOAT)(actual), (message), (UNITY_LINE_TYPE)(line))
      |                                                                                                                                                                                       ^~~~~~
C:\Users\extsiyv\AppData\Local\Temp\tdd_build__bofz1bn\test\test_egtm_atom_3_phase_inverter_pwm.c:105:5: note: in expansion of macro 'TEST_ASSERT_FLOAT_WITHIN_MESSAGE'
  105 |     TEST_ASSERT_FLOAT_WITHIN_MESSAGE(UT_FLOAT_EPSILON, UT_DEADTIME_FALLING_US, mock_setDeadtimeEgtmAtom3phInv_lastDtFalling[0], "Dead-time falling[0] must be 1.0 us");
      |     ^~~~~~~~~~~~~~~~~~~~~~~~~~~~~~~~
C:\Users\extsiyv\AppData\Local\Temp\tdd_build__bofz1bn\test\test_egtm_atom_3_phase_inverter_pwm.c: In function 'test_TC_G3_001_update_increments_duties_by_step_without_wrap':
C:\Users\extsiyv\AppData\Local\Temp\tdd_build__bofz1bn\test\test_egtm_atom_3_phase_inverter_pwm.c:123:98: error: 'mock_updateEgtmAtom3phInv_lastDuties' undeclared (first use in this function)
  123 |     TEST_ASSERT_FLOAT_WITHIN_MESSAGE(UT_FLOAT_EPSILON, UT_INIT_DUTY_U_PERCENT + UT_STEP_PERCENT, mock_updateEgtmAtom3phInv_lastDuties[0], "Phase U duty must increment by +10% to 35%");
      |                                                                                                  ^~~~~~~~~~~~~~~~~~~~~~~~~~~~~~~~~~~~
C:\Users\extsiyv\Desktop\Infineon\Workstream_3\agentic_workflow_Infineon\unity/unity_internals.h:1119:183: note: in definition of macro 'UNITY_TEST_ASSERT_FLOAT_WITHIN'
 1119 | #define UNITY_TEST_ASSERT_FLOAT_WITHIN(delta, expected, actual, line, message)                   UnityAssertFloatsWithin((UNITY_FLOAT)(delta), (UNITY_FLOAT)(expected), (UNITY_FLOAT)(actual), (message), (UNITY_LINE_TYPE)(line))
      |                                                                                                                                                                                       ^~~~~~
C:\Users\extsiyv\AppData\Local\Temp\tdd_build__bofz1bn\test\test_egtm_atom_3_phase_inverter_pwm.c:123:5: note: in expansion of macro 'TEST_ASSERT_FLOAT_WITHIN_MESSAGE'
  123 |     TEST_ASSERT_FLOAT_WITHIN_MESSAGE(UT_FLOAT_EPSILON, UT_INIT_DUTY_U_PERCENT + UT_STEP_PERCENT, mock_updateEgtmAtom3phInv_lastDuties[0], "Phase U duty must increment by +10% to 35%");
      |     ^~~~~~~~~~~~~~~~~~~~~~~~~~~~~~~~
C:\Users\extsiyv\AppData\Local\Temp\tdd_build__bofz1bn\test\test_egtm_atom_3_phase_inverter_pwm.c: In function 'test_TC_G3_002_update_wraps_independently_per_channel':
C:\Users\extsiyv\AppData\Local\Temp\tdd_build__bofz1bn\test\test_egtm_atom_3_phase_inverter_pwm.c:142:63: error: 'mock_updateEgtmAtom3phInv_lastDuties' undeclared (first use in this function)
  142 |     TEST_ASSERT_FLOAT_WITHIN_MESSAGE(UT_FLOAT_EPSILON, 55.0f, mock_updateEgtmAtom3phInv_lastDuties[0], "Phase U duty must be 55% after three updates");
      |                                                               ^~~~~~~~~~~~~~~~~~~~~~~~~~~~~~~~~~~~
C:\Users\extsiyv\Desktop\Infineon\Workstream_3\agentic_workflow_Infineon\unity/unity_internals.h:1119:183: note: in definition of macro 'UNITY_TEST_ASSERT_FLOAT_WITHIN'
 1119 | #define UNITY_TEST_ASSERT_FLOAT_WITHIN(delta, expected, actual, line, message)                   UnityAssertFloatsWithin((UNITY_FLOAT)(delta), (UNITY_FLOAT)(expected), (UNITY_FLOAT)(actual), (message), (UNITY_LINE_TYPE)(line))
      |                                                                                                                                                                                       ^~~~~~
C:\Users\extsiyv\AppData\Local\Temp\tdd_build__bofz1bn\test\test_egtm_atom_3_phase_inverter_pwm.c:142:5: note: in expansion of macro 'TEST_ASSERT_FLOAT_WITHIN_MESSAGE'
  142 |     TEST_ASSERT_FLOAT_WITHIN_MESSAGE(UT_FLOAT_EPSILON, 55.0f, mock_updateEgtmAtom3phInv_lastDuties[0], "Phase U duty must be 55% after three updates");
      |     ^~~~~~~~~~~~~~~~~~~~~~~~~~~~~~~~
