In file included from C:\Users\extanke\AppData\Local\Temp\tdd_build_zqyg9wc_\src\egtm_atom_tmadc_consolidated.c:30:
C:\Users\extanke\AppData\Local\Temp\tdd_build_zqyg9wc_\include/IfxEgtm_Pwm.h:121:5: error: unknown type name 'IfxEgtm_Pwm_FastShutoffConfig'
  121 |     IfxEgtm_Pwm_FastShutoffConfig *fastShutOff;
      |     ^~~~~~~~~~~~~~~~~~~~~~~~~~~~~
C:\Users\extanke\AppData\Local\Temp\tdd_build_zqyg9wc_\include/IfxEgtm_Pwm.h:176:5: error: unknown type name 'IfxEgtm_MscOut'; did you mean 'IfxEgtm_MscAltInput'?
  176 |     IfxEgtm_MscOut              *mscOut;
      |     ^~~~~~~~~~~~~~
      |     IfxEgtm_MscAltInput
C:\Users\extanke\AppData\Local\Temp\tdd_build_zqyg9wc_\include/IfxEgtm_Pwm.h:182:5: error: redeclaration of enumerator 'IfxEgtm_Cluster_0'
  182 |     IfxEgtm_Cluster_0 = 0,
      |     ^~~~~~~~~~~~~~~~~
In file included from C:\Users\extanke\AppData\Local\Temp\tdd_build_zqyg9wc_\src\egtm_atom_tmadc_consolidated.c:28:
C:\Users\extanke\AppData\Local\Temp\tdd_build_zqyg9wc_\include/IfxEgtm.h:45:5: note: previous definition of 'IfxEgtm_Cluster_0' with type 'enum <anonymous>'
   45 |     IfxEgtm_Cluster_0 = 0,
      |     ^~~~~~~~~~~~~~~~~
C:\Users\extanke\AppData\Local\Temp\tdd_build_zqyg9wc_\include/IfxEgtm_Pwm.h:183:5: error: redeclaration of enumerator 'IfxEgtm_Cluster_1'
  183 |     IfxEgtm_Cluster_1 = 1,
      |     ^~~~~~~~~~~~~~~~~
C:\Users\extanke\AppData\Local\Temp\tdd_build_zqyg9wc_\include/IfxEgtm.h:46:5: note: previous definition of 'IfxEgtm_Cluster_1' with type 'enum <anonymous>'
   46 |     IfxEgtm_Cluster_1 = 1,
      |     ^~~~~~~~~~~~~~~~~
C:\Users\extanke\AppData\Local\Temp\tdd_build_zqyg9wc_\include/IfxEgtm_Pwm.h:184:5: error: redeclaration of enumerator 'IfxEgtm_Cluster_2'
  184 |     IfxEgtm_Cluster_2 = 2
      |     ^~~~~~~~~~~~~~~~~
C:\Users\extanke\AppData\Local\Temp\tdd_build_zqyg9wc_\include/IfxEgtm.h:47:5: note: previous definition of 'IfxEgtm_Cluster_2' with type 'enum <anonymous>'
   47 |     IfxEgtm_Cluster_2 = 2
      |     ^~~~~~~~~~~~~~~~~
C:\Users\extanke\AppData\Local\Temp\tdd_build_zqyg9wc_\include/IfxEgtm_Pwm.h:185:3: error: conflicting types for 'IfxEgtm_Cluster'; have 'enum <anonymous>'
  185 | } IfxEgtm_Cluster;
      |   ^~~~~~~~~~~~~~~
C:\Users\extanke\AppData\Local\Temp\tdd_build_zqyg9wc_\include/IfxEgtm.h:48:3: note: previous declaration of 'IfxEgtm_Cluster' with type 'IfxEgtm_Cluster'
   48 | } IfxEgtm_Cluster;
      |   ^~~~~~~~~~~~~~~
C:\Users\extanke\AppData\Local\Temp\tdd_build_zqyg9wc_\include/IfxEgtm_Pwm.h:2: error: unterminated #ifndef
    2 | #ifndef IFXEGTM_PWM_H
In file included from C:\Users\extanke\AppData\Local\Temp\tdd_build_zqyg9wc_\src\egtm_atom_tmadc_consolidated.c:31:
C:\Users\extanke\AppData\Local\Temp\tdd_build_zqyg9wc_\include/IfxEgtm_Atom_Timer.h:10:1: error: expected specifier-qualifier-list before 'typedef'
   10 | typedef uint32 IfxEgtm_Atom_Ch;
      | ^~~~~~~

In file included from C:\Users\extanke\AppData\Local\Temp\tdd_build_zqyg9wc_\mocks\mock_egtm_atom_tmadc_consolidated.c:9:
C:\Users\extanke\AppData\Local\Temp\tdd_build_zqyg9wc_\include/IfxEgtm_Pwm.h:121:5: error: unknown type name 'IfxEgtm_Pwm_FastShutoffConfig'
  121 |     IfxEgtm_Pwm_FastShutoffConfig *fastShutOff;
      |     ^~~~~~~~~~~~~~~~~~~~~~~~~~~~~
C:\Users\extanke\AppData\Local\Temp\tdd_build_zqyg9wc_\include/IfxEgtm_Pwm.h:176:5: error: unknown type name 'IfxEgtm_MscOut'; did you mean 'IfxEgtm_MscAltInput'?
  176 |     IfxEgtm_MscOut              *mscOut;
      |     ^~~~~~~~~~~~~~
      |     IfxEgtm_MscAltInput
C:\Users\extanke\AppData\Local\Temp\tdd_build_zqyg9wc_\include/IfxEgtm_Pwm.h:182:5: error: redeclaration of enumerator 'IfxEgtm_Cluster_0'
  182 |     IfxEgtm_Cluster_0 = 0,
      |     ^~~~~~~~~~~~~~~~~
In file included from C:\Users\extanke\AppData\Local\Temp\tdd_build_zqyg9wc_\mocks\mock_egtm_atom_tmadc_consolidated.c:7:
C:\Users\extanke\AppData\Local\Temp\tdd_build_zqyg9wc_\include/IfxEgtm.h:45:5: note: previous definition of 'IfxEgtm_Cluster_0' with type 'enum <anonymous>'
   45 |     IfxEgtm_Cluster_0 = 0,
      |     ^~~~~~~~~~~~~~~~~
C:\Users\extanke\AppData\Local\Temp\tdd_build_zqyg9wc_\include/IfxEgtm_Pwm.h:183:5: error: redeclaration of enumerator 'IfxEgtm_Cluster_1'
  183 |     IfxEgtm_Cluster_1 = 1,
      |     ^~~~~~~~~~~~~~~~~
C:\Users\extanke\AppData\Local\Temp\tdd_build_zqyg9wc_\include/IfxEgtm.h:46:5: note: previous definition of 'IfxEgtm_Cluster_1' with type 'enum <anonymous>'
   46 |     IfxEgtm_Cluster_1 = 1,
      |     ^~~~~~~~~~~~~~~~~
C:\Users\extanke\AppData\Local\Temp\tdd_build_zqyg9wc_\include/IfxEgtm_Pwm.h:184:5: error: redeclaration of enumerator 'IfxEgtm_Cluster_2'
  184 |     IfxEgtm_Cluster_2 = 2
      |     ^~~~~~~~~~~~~~~~~
C:\Users\extanke\AppData\Local\Temp\tdd_build_zqyg9wc_\include/IfxEgtm.h:47:5: note: previous definition of 'IfxEgtm_Cluster_2' with type 'enum <anonymous>'
   47 |     IfxEgtm_Cluster_2 = 2
      |     ^~~~~~~~~~~~~~~~~
C:\Users\extanke\AppData\Local\Temp\tdd_build_zqyg9wc_\include/IfxEgtm_Pwm.h:185:3: error: conflicting types for 'IfxEgtm_Cluster'; have 'enum <anonymous>'
  185 | } IfxEgtm_Cluster;
      |   ^~~~~~~~~~~~~~~
C:\Users\extanke\AppData\Local\Temp\tdd_build_zqyg9wc_\include/IfxEgtm.h:48:3: note: previous declaration of 'IfxEgtm_Cluster' with type 'IfxEgtm_Cluster'
   48 | } IfxEgtm_Cluster;
      |   ^~~~~~~~~~~~~~~
C:\Users\extanke\AppData\Local\Temp\tdd_build_zqyg9wc_\include/IfxEgtm_Pwm.h:2: error: unterminated #ifndef
    2 | #ifndef IFXEGTM_PWM_H
In file included from C:\Users\extanke\AppData\Local\Temp\tdd_build_zqyg9wc_\mocks\mock_egtm_atom_tmadc_consolidated.c:10:
C:\Users\extanke\AppData\Local\Temp\tdd_build_zqyg9wc_\include/IfxEgtm_Atom_Timer.h:10:1: error: expected specifier-qualifier-list before 'typedef'
   10 | typedef uint32 IfxEgtm_Atom_Ch;
      | ^~~~~~~
In file included from C:\Users\extanke\AppData\Local\Temp\tdd_build_zqyg9wc_\include/IfxPort_Pinmap.h:3,
                 from C:\Users\extanke\AppData\Local\Temp\tdd_build_zqyg9wc_\mocks\mock_egtm_atom_tmadc_consolidated.c:15:
C:\Users\extanke\AppData\Local\Temp\tdd_build_zqyg9wc_\include/IfxEgtm_Pwm.h:2: error: unterminated #ifndef
    2 | #ifndef IFXEGTM_PWM_H

In file included from C:\Users\extanke\Downloads\merge\infineon_POC_MVP\unity/unity.h:22,
                 from C:\Users\extanke\AppData\Local\Temp\tdd_build_zqyg9wc_\test\test_egtm_atom_tmadc_consolidated.c:1:
C:\Users\extanke\AppData\Local\Temp\tdd_build_zqyg9wc_\test\test_egtm_atom_tmadc_consolidated.c: In function 'test_TC_G1_001_init_enables_egtm_and_clocks_when_disabled':
C:\Users\extanke\AppData\Local\Temp\tdd_build_zqyg9wc_\test\test_egtm_atom_tmadc_consolidated.c:50:31: error: implicit declaration of function 'mock_IfxEgtm_PinMap_setAtomTout_getCallCount'; did you mean 'mock_IfxEgtm_Pwm_initConfig_getCallCount'? [-Wimplicit-function-declaration]
   50 |     TEST_ASSERT_TRUE_MESSAGE((mock_IfxEgtm_PinMap_setAtomTout_getCallCount() >= 1u), "PinMap: At least one AtomTout mapping must be applied");
      |                               ^~~~~~~~~~~~~~~~~~~~~~~~~~~~~~~~~~~~~~~~~~~~
C:\Users\extanke\Downloads\merge\infineon_POC_MVP\unity/unity_internals.h:891:107: note: in definition of macro 'UNITY_TEST_ASSERT'
  891 | #define UNITY_TEST_ASSERT(condition, line, message)                                              do { if (condition) { /* nothing*/ } else { UNITY_TEST_FAIL((line), (message)); } } while (0)
      |                                                                                                           ^~~~~~~~~
C:\Users\extanke\AppData\Local\Temp\tdd_build_zqyg9wc_\test\test_egtm_atom_tmadc_consolidated.c:50:5: note: in expansion of macro 'TEST_ASSERT_TRUE_MESSAGE'
   50 |     TEST_ASSERT_TRUE_MESSAGE((mock_IfxEgtm_PinMap_setAtomTout_getCallCount() >= 1u), "PinMap: At least one AtomTout mapping must be applied");
      |     ^~~~~~~~~~~~~~~~~~~~~~~~
C:\Users\extanke\AppData\Local\Temp\tdd_build_zqyg9wc_\test\test_egtm_atom_tmadc_consolidated.c:50:78: error: comparison of integer expressions of different signedness: 'int' and 'unsigned int' [-Werror=sign-compare]
   50 |     TEST_ASSERT_TRUE_MESSAGE((mock_IfxEgtm_PinMap_setAtomTout_getCallCount() >= 1u), "PinMap: At least one AtomTout mapping must be applied");
      |                                                                              ^~
C:\Users\extanke\Downloads\merge\infineon_POC_MVP\unity/unity_internals.h:891:107: note: in definition of macro 'UNITY_TEST_ASSERT'
  891 | #define UNITY_TEST_ASSERT(condition, line, message)                                              do { if (condition) { /* nothing*/ } else { UNITY_TEST_FAIL((line), (message)); } } while (0)
      |                                                                                                           ^~~~~~~~~
C:\Users\extanke\AppData\Local\Temp\tdd_build_zqyg9wc_\test\test_egtm_atom_tmadc_consolidated.c:50:5: note: in expansion of macro 'TEST_ASSERT_TRUE_MESSAGE'
   50 |     TEST_ASSERT_TRUE_MESSAGE((mock_IfxEgtm_PinMap_setAtomTout_getCallCount() >= 1u), "PinMap: At least one AtomTout mapping must be applied");
      |     ^~~~~~~~~~~~~~~~~~~~~~~~
C:\Users\extanke\AppData\Local\Temp\tdd_build_zqyg9wc_\test\test_egtm_atom_tmadc_consolidated.c:57:31: error: implicit declaration of function 'mock_IfxCpu_Irq_installInterruptHandler_getCallCount' [-Wimplicit-function-declaration]
   57 |     TEST_ASSERT_TRUE_MESSAGE((mock_IfxCpu_Irq_installInterruptHandler_getCallCount() >= 1u), "Interrupt handler must be installed for TMADC result ISR");
      |                               ^~~~~~~~~~~~~~~~~~~~~~~~~~~~~~~~~~~~~~~~~~~~~~~~~~~~
C:\Users\extanke\Downloads\merge\infineon_POC_MVP\unity/unity_internals.h:891:107: note: in definition of macro 'UNITY_TEST_ASSERT'
  891 | #define UNITY_TEST_ASSERT(condition, line, message)                                              do { if (condition) { /* nothing*/ } else { UNITY_TEST_FAIL((line), (message)); } } while (0)
      |                                                                                                           ^~~~~~~~~
C:\Users\extanke\AppData\Local\Temp\tdd_build_zqyg9wc_\test\test_egtm_atom_tmadc_consolidated.c:57:5: note: in expansion of macro 'TEST_ASSERT_TRUE_MESSAGE'
   57 |     TEST_ASSERT_TRUE_MESSAGE((mock_IfxCpu_Irq_installInterruptHandler_getCallCount() >= 1u), "Interrupt handler must be installed for TMADC result ISR");
      |     ^~~~~~~~~~~~~~~~~~~~~~~~
C:\Users\extanke\AppData\Local\Temp\tdd_build_zqyg9wc_\test\test_egtm_atom_tmadc_consolidated.c:57:86: error: comparison of integer expressions of different signedness: 'int' and 'unsigned int' [-Werror=sign-compare]
   57 |     TEST_ASSERT_TRUE_MESSAGE((mock_IfxCpu_Irq_installInterruptHandler_getCallCount() >= 1u), "Interrupt handler must be installed for TMADC result ISR");
      |                                                                                      ^~
C:\Users\extanke\Downloads\merge\infineon_POC_MVP\unity/unity_internals.h:891:107: note: in definition of macro 'UNITY_TEST_ASSERT'
  891 | #define UNITY_TEST_ASSERT(condition, line, message)                                              do { if (condition) { /* nothing*/ } else { UNITY_TEST_FAIL((line), (message)); } } while (0)
      |                                                                                                           ^~~~~~~~~
C:\Users\extanke\AppData\Local\Temp\tdd_build_zqyg9wc_\test\test_egtm_atom_tmadc_consolidated.c:57:5: note: in expansion of macro 'TEST_ASSERT_TRUE_MESSAGE'
   57 |     TEST_ASSERT_TRUE_MESSAGE((mock_IfxCpu_Irq_installInterruptHandler_getCallCount() >= 1u), "Interrupt handler must be installed for TMADC result ISR");
      |     ^~~~~~~~~~~~~~~~~~~~~~~~
cc1.exe: all warnings being treated as errors
