C:\Users\extanke\AppData\Local\Temp\tdd_build_9k76qd49\src\gtm_tom_3_phase_inverter_pwm.c:24:10: fatal error: IfxCpu.h: No such file or directory
   24 | #include "IfxCpu.h"
      |          ^~~~~~~~~~
compilation terminated.

C:\Users\extanke\AppData\Local\Temp\tdd_build_9k76qd49\mocks\mock_gtm_tom_3_phase_inverter_pwm.c:325:1: error: unknown type name 'IfxGtm_Pwm_ToutMap'; did you mean 'IfxGtm_Tom_ToutMap'?
  325 | IfxGtm_Pwm_ToutMap IfxGtm_TOM1_6_TOUT16_P00_7_OUT = {0};
      | ^~~~~~~~~~~~~~~~~~
      | IfxGtm_Tom_ToutMap

C:\Users\extanke\AppData\Local\Temp\tdd_build_9k76qd49\test\test_gtm_tom_3_phase_inverter_pwm.c:27:15: error: conflicting types for 'mock_IfxGtm_PinMap_setTomTout_callCount'; have 'uint32' {aka 'unsigned int'}
   27 | extern uint32 mock_IfxGtm_PinMap_setTomTout_callCount;
      |               ^~~~~~~~~~~~~~~~~~~~~~~~~~~~~~~~~~~~~~~
In file included from C:\Users\extanke\AppData\Local\Temp\tdd_build_9k76qd49\test\test_gtm_tom_3_phase_inverter_pwm.c:2:
C:\Users\extanke\AppData\Local\Temp\tdd_build_9k76qd49\include/mock_gtm_tom_3_phase_inverter_pwm.h:246:12: note: previous declaration of 'mock_IfxGtm_PinMap_setTomTout_callCount' with type 'int'
  246 | extern int mock_IfxGtm_PinMap_setTomTout_callCount;
      |            ^~~~~~~~~~~~~~~~~~~~~~~~~~~~~~~~~~~~~~~
C:\Users\extanke\AppData\Local\Temp\tdd_build_9k76qd49\test\test_gtm_tom_3_phase_inverter_pwm.c:28:15: error: conflicting types for 'mock_IfxGtm_enable_callCount'; have 'uint32' {aka 'unsigned int'}
   28 | extern uint32 mock_IfxGtm_enable_callCount;
      |               ^~~~~~~~~~~~~~~~~~~~~~~~~~~~
C:\Users\extanke\AppData\Local\Temp\tdd_build_9k76qd49\include/mock_gtm_tom_3_phase_inverter_pwm.h:245:12: note: previous declaration of 'mock_IfxGtm_enable_callCount' with type 'int'
  245 | extern int mock_IfxGtm_enable_callCount;
      |            ^~~~~~~~~~~~~~~~~~~~~~~~~~~~
C:\Users\extanke\AppData\Local\Temp\tdd_build_9k76qd49\test\test_gtm_tom_3_phase_inverter_pwm.c:29:15: error: conflicting types for 'mock_IfxGtm_Tom_Timer_initConfig_callCount'; have 'uint32' {aka 'unsigned int'}
   29 | extern uint32 mock_IfxGtm_Tom_Timer_initConfig_callCount;
      |               ^~~~~~~~~~~~~~~~~~~~~~~~~~~~~~~~~~~~~~~~~~
C:\Users\extanke\AppData\Local\Temp\tdd_build_9k76qd49\include/mock_gtm_tom_3_phase_inverter_pwm.h:247:12: note: previous declaration of 'mock_IfxGtm_Tom_Timer_initConfig_callCount' with type 'int'
  247 | extern int mock_IfxGtm_Tom_Timer_initConfig_callCount;
      |            ^~~~~~~~~~~~~~~~~~~~~~~~~~~~~~~~~~~~~~~~~~
C:\Users\extanke\AppData\Local\Temp\tdd_build_9k76qd49\test\test_gtm_tom_3_phase_inverter_pwm.c:30:15: error: conflicting types for 'mock_IfxGtm_Tom_Timer_applyUpdate_callCount'; have 'uint32' {aka 'unsigned int'}
   30 | extern uint32 mock_IfxGtm_Tom_Timer_applyUpdate_callCount;
      |               ^~~~~~~~~~~~~~~~~~~~~~~~~~~~~~~~~~~~~~~~~~~
C:\Users\extanke\AppData\Local\Temp\tdd_build_9k76qd49\include/mock_gtm_tom_3_phase_inverter_pwm.h:248:12: note: previous declaration of 'mock_IfxGtm_Tom_Timer_applyUpdate_callCount' with type 'int'
  248 | extern int mock_IfxGtm_Tom_Timer_applyUpdate_callCount;
      |            ^~~~~~~~~~~~~~~~~~~~~~~~~~~~~~~~~~~~~~~~~~~
C:\Users\extanke\AppData\Local\Temp\tdd_build_9k76qd49\test\test_gtm_tom_3_phase_inverter_pwm.c:31:15: error: conflicting types for 'mock_IfxGtm_Tom_Timer_run_callCount'; have 'uint32' {aka 'unsigned int'}
   31 | extern uint32 mock_IfxGtm_Tom_Timer_run_callCount;
      |               ^~~~~~~~~~~~~~~~~~~~~~~~~~~~~~~~~~~
C:\Users\extanke\AppData\Local\Temp\tdd_build_9k76qd49\include/mock_gtm_tom_3_phase_inverter_pwm.h:249:12: note: previous declaration of 'mock_IfxGtm_Tom_Timer_run_callCount' with type 'int'
  249 | extern int mock_IfxGtm_Tom_Timer_run_callCount;
      |            ^~~~~~~~~~~~~~~~~~~~~~~~~~~~~~~~~~~
C:\Users\extanke\AppData\Local\Temp\tdd_build_9k76qd49\test\test_gtm_tom_3_phase_inverter_pwm.c:32:15: error: conflicting types for 'mock_IfxGtm_Tom_Timer_init_callCount'; have 'uint32' {aka 'unsigned int'}
   32 | extern uint32 mock_IfxGtm_Tom_Timer_init_callCount;
      |               ^~~~~~~~~~~~~~~~~~~~~~~~~~~~~~~~~~~~
C:\Users\extanke\AppData\Local\Temp\tdd_build_9k76qd49\include/mock_gtm_tom_3_phase_inverter_pwm.h:250:12: note: previous declaration of 'mock_IfxGtm_Tom_Timer_init_callCount' with type 'int'
  250 | extern int mock_IfxGtm_Tom_Timer_init_callCount;
      |            ^~~~~~~~~~~~~~~~~~~~~~~~~~~~~~~~~~~~
C:\Users\extanke\AppData\Local\Temp\tdd_build_9k76qd49\test\test_gtm_tom_3_phase_inverter_pwm.c:33:15: error: conflicting types for 'mock_IfxGtm_Tom_Timer_disableUpdate_callCount'; have 'uint32' {aka 'unsigned int'}
   33 | extern uint32 mock_IfxGtm_Tom_Timer_disableUpdate_callCount;
      |               ^~~~~~~~~~~~~~~~~~~~~~~~~~~~~~~~~~~~~~~~~~~~~
C:\Users\extanke\AppData\Local\Temp\tdd_build_9k76qd49\include/mock_gtm_tom_3_phase_inverter_pwm.h:251:12: note: previous declaration of 'mock_IfxGtm_Tom_Timer_disableUpdate_callCount' with type 'int'
  251 | extern int mock_IfxGtm_Tom_Timer_disableUpdate_callCount;
      |            ^~~~~~~~~~~~~~~~~~~~~~~~~~~~~~~~~~~~~~~~~~~~~
C:\Users\extanke\AppData\Local\Temp\tdd_build_9k76qd49\test\test_gtm_tom_3_phase_inverter_pwm.c:34:15: error: conflicting types for 'mock_IfxGtm_Tom_Timer_updateInputFrequency_callCount'; have 'uint32' {aka 'unsigned int'}
   34 | extern uint32 mock_IfxGtm_Tom_Timer_updateInputFrequency_callCount;
      |               ^~~~~~~~~~~~~~~~~~~~~~~~~~~~~~~~~~~~~~~~~~~~~~~~~~~~
C:\Users\extanke\AppData\Local\Temp\tdd_build_9k76qd49\include/mock_gtm_tom_3_phase_inverter_pwm.h:252:12: note: previous declaration of 'mock_IfxGtm_Tom_Timer_updateInputFrequency_callCount' with type 'int'
  252 | extern int mock_IfxGtm_Tom_Timer_updateInputFrequency_callCount;
      |            ^~~~~~~~~~~~~~~~~~~~~~~~~~~~~~~~~~~~~~~~~~~~~~~~~~~~
C:\Users\extanke\AppData\Local\Temp\tdd_build_9k76qd49\test\test_gtm_tom_3_phase_inverter_pwm.c:36:15: error: conflicting types for 'mock_IfxGtm_Tom_PwmHl_init_callCount'; have 'uint32' {aka 'unsigned int'}
   36 | extern uint32 mock_IfxGtm_Tom_PwmHl_init_callCount;
      |               ^~~~~~~~~~~~~~~~~~~~~~~~~~~~~~~~~~~~
C:\Users\extanke\AppData\Local\Temp\tdd_build_9k76qd49\include/mock_gtm_tom_3_phase_inverter_pwm.h:253:12: note: previous declaration of 'mock_IfxGtm_Tom_PwmHl_init_callCount' with type 'int'
  253 | extern int mock_IfxGtm_Tom_PwmHl_init_callCount;
      |            ^~~~~~~~~~~~~~~~~~~~~~~~~~~~~~~~~~~~
C:\Users\extanke\AppData\Local\Temp\tdd_build_9k76qd49\test\test_gtm_tom_3_phase_inverter_pwm.c:37:15: error: conflicting types for 'mock_IfxGtm_Tom_PwmHl_initConfig_callCount'; have 'uint32' {aka 'unsigned int'}
   37 | extern uint32 mock_IfxGtm_Tom_PwmHl_initConfig_callCount;
      |               ^~~~~~~~~~~~~~~~~~~~~~~~~~~~~~~~~~~~~~~~~~
C:\Users\extanke\AppData\Local\Temp\tdd_build_9k76qd49\include/mock_gtm_tom_3_phase_inverter_pwm.h:254:12: note: previous declaration of 'mock_IfxGtm_Tom_PwmHl_initConfig_callCount' with type 'int'
  254 | extern int mock_IfxGtm_Tom_PwmHl_initConfig_callCount;
      |            ^~~~~~~~~~~~~~~~~~~~~~~~~~~~~~~~~~~~~~~~~~
C:\Users\extanke\AppData\Local\Temp\tdd_build_9k76qd49\test\test_gtm_tom_3_phase_inverter_pwm.c:38:15: error: conflicting types for 'mock_IfxGtm_Tom_PwmHl_setMode_callCount'; have 'uint32' {aka 'unsigned int'}
   38 | extern uint32 mock_IfxGtm_Tom_PwmHl_setMode_callCount;
      |               ^~~~~~~~~~~~~~~~~~~~~~~~~~~~~~~~~~~~~~~
C:\Users\extanke\AppData\Local\Temp\tdd_build_9k76qd49\include/mock_gtm_tom_3_phase_inverter_pwm.h:255:12: note: previous declaration of 'mock_IfxGtm_Tom_PwmHl_setMode_callCount' with type 'int'
  255 | extern int mock_IfxGtm_Tom_PwmHl_setMode_callCount;
      |            ^~~~~~~~~~~~~~~~~~~~~~~~~~~~~~~~~~~~~~~
C:\Users\extanke\AppData\Local\Temp\tdd_build_9k76qd49\test\test_gtm_tom_3_phase_inverter_pwm.c:39:15: error: conflicting types for 'mock_IfxGtm_Tom_PwmHl_setOnTime_callCount'; have 'uint32' {aka 'unsigned int'}
   39 | extern uint32 mock_IfxGtm_Tom_PwmHl_setOnTime_callCount;
      |               ^~~~~~~~~~~~~~~~~~~~~~~~~~~~~~~~~~~~~~~~~
C:\Users\extanke\AppData\Local\Temp\tdd_build_9k76qd49\include/mock_gtm_tom_3_phase_inverter_pwm.h:256:12: note: previous declaration of 'mock_IfxGtm_Tom_PwmHl_setOnTime_callCount' with type 'int'
  256 | extern int mock_IfxGtm_Tom_PwmHl_setOnTime_callCount;
      |            ^~~~~~~~~~~~~~~~~~~~~~~~~~~~~~~~~~~~~~~~~
C:\Users\extanke\AppData\Local\Temp\tdd_build_9k76qd49\test\test_gtm_tom_3_phase_inverter_pwm.c:42:15: error: conflicting types for 'mock_IfxGtm_Cmu_enableClocks_callCount'; have 'uint32' {aka 'unsigned int'}
   42 | extern uint32 mock_IfxGtm_Cmu_enableClocks_callCount;
      |               ^~~~~~~~~~~~~~~~~~~~~~~~~~~~~~~~~~~~~~
C:\Users\extanke\AppData\Local\Temp\tdd_build_9k76qd49\include/mock_gtm_tom_3_phase_inverter_pwm.h:257:12: note: previous declaration of 'mock_IfxGtm_Cmu_enableClocks_callCount' with type 'int'
  257 | extern int mock_IfxGtm_Cmu_enableClocks_callCount;
      |            ^~~~~~~~~~~~~~~~~~~~~~~~~~~~~~~~~~~~~~
C:\Users\extanke\AppData\Local\Temp\tdd_build_9k76qd49\test\test_gtm_tom_3_phase_inverter_pwm.c:47:15: error: conflicting types for 'mock_IfxGtm_Tom_PwmHl_setOnTime_lastDuties'; have 'uint32[]' {aka 'unsigned int[]'}
   47 | extern uint32 mock_IfxGtm_Tom_PwmHl_setOnTime_lastDuties[];
      |               ^~~~~~~~~~~~~~~~~~~~~~~~~~~~~~~~~~~~~~~~~~
C:\Users\extanke\AppData\Local\Temp\tdd_build_9k76qd49\include/mock_gtm_tom_3_phase_inverter_pwm.h:295:16: note: previous declaration of 'mock_IfxGtm_Tom_PwmHl_setOnTime_lastDuties' with type 'float32[16]' {aka 'float[16]'}
  295 | extern float32 mock_IfxGtm_Tom_PwmHl_setOnTime_lastDuties[MOCK_MAX_CHANNELS];
      |                ^~~~~~~~~~~~~~~~~~~~~~~~~~~~~~~~~~~~~~~~~~
C:\Users\extanke\AppData\Local\Temp\tdd_build_9k76qd49\test\test_gtm_tom_3_phase_inverter_pwm.c:48:15: error: conflicting types for 'mock_IfxGtm_Tom_PwmHl_setOnTime_lastDtRising'; have 'uint32[]' {aka 'unsigned int[]'}
   48 | extern uint32 mock_IfxGtm_Tom_PwmHl_setOnTime_lastDtRising[];
      |               ^~~~~~~~~~~~~~~~~~~~~~~~~~~~~~~~~~~~~~~~~~~~
C:\Users\extanke\AppData\Local\Temp\tdd_build_9k76qd49\include/mock_gtm_tom_3_phase_inverter_pwm.h:296:16: note: previous declaration of 'mock_IfxGtm_Tom_PwmHl_setOnTime_lastDtRising' with type 'float32[16]' {aka 'float[16]'}
  296 | extern float32 mock_IfxGtm_Tom_PwmHl_setOnTime_lastDtRising[MOCK_MAX_CHANNELS];
      |                ^~~~~~~~~~~~~~~~~~~~~~~~~~~~~~~~~~~~~~~~~~~~
C:\Users\extanke\AppData\Local\Temp\tdd_build_9k76qd49\test\test_gtm_tom_3_phase_inverter_pwm.c:49:15: error: conflicting types for 'mock_IfxGtm_Tom_PwmHl_setOnTime_lastDtFalling'; have 'uint32[]' {aka 'unsigned int[]'}
   49 | extern uint32 mock_IfxGtm_Tom_PwmHl_setOnTime_lastDtFalling[];
      |               ^~~~~~~~~~~~~~~~~~~~~~~~~~~~~~~~~~~~~~~~~~~~~
C:\Users\extanke\AppData\Local\Temp\tdd_build_9k76qd49\include/mock_gtm_tom_3_phase_inverter_pwm.h:297:16: note: previous declaration of 'mock_IfxGtm_Tom_PwmHl_setOnTime_lastDtFalling' with type 'float32[16]' {aka 'float[16]'}
  297 | extern float32 mock_IfxGtm_Tom_PwmHl_setOnTime_lastDtFalling[MOCK_MAX_CHANNELS];
      |                ^~~~~~~~~~~~~~~~~~~~~~~~~~~~~~~~~~~~~~~~~~~~~
C:\Users\extanke\AppData\Local\Temp\tdd_build_9k76qd49\test\test_gtm_tom_3_phase_inverter_pwm.c:50:15: error: conflicting types for 'mock_togglePin_callCount'; have 'uint32' {aka 'unsigned int'}
   50 | extern uint32 mock_togglePin_callCount;
      |               ^~~~~~~~~~~~~~~~~~~~~~~~
C:\Users\extanke\AppData\Local\Temp\tdd_build_9k76qd49\include/mock_gtm_tom_3_phase_inverter_pwm.h:258:12: note: previous declaration of 'mock_togglePin_callCount' with type 'int'
  258 | extern int mock_togglePin_callCount;
      |            ^~~~~~~~~~~~~~~~~~~~~~~~
C:\Users\extanke\AppData\Local\Temp\tdd_build_9k76qd49\test\test_gtm_tom_3_phase_inverter_pwm.c: In function 'test_TC_G6_001_update_increments_duty_when_below_boundary':
C:\Users\extanke\AppData\Local\Temp\tdd_build_9k76qd49\test\test_gtm_tom_3_phase_inverter_pwm.c:242:5: error: unknown type name 'bool'
  242 |     bool increasedU = false, increasedV = false, increasedW = false;
      |     ^~~~
C:\Users\extanke\AppData\Local\Temp\tdd_build_9k76qd49\test\test_gtm_tom_3_phase_inverter_pwm.c:4:1: note: 'bool' is defined in header '<stdbool.h>'; this is probably fixable by adding '#include <stdbool.h>'
    3 | #include "gtm_tom_3_phase_inverter_pwm.h"
  +++ |+#include <stdbool.h>
    4 | 
C:\Users\extanke\AppData\Local\Temp\tdd_build_9k76qd49\test\test_gtm_tom_3_phase_inverter_pwm.c:242:23: error: 'false' undeclared (first use in this function)
  242 |     bool increasedU = false, increasedV = false, increasedW = false;
      |                       ^~~~~
C:\Users\extanke\AppData\Local\Temp\tdd_build_9k76qd49\test\test_gtm_tom_3_phase_inverter_pwm.c:242:23: note: 'false' is defined in header '<stdbool.h>'; this is probably fixable by adding '#include <stdbool.h>'
C:\Users\extanke\AppData\Local\Temp\tdd_build_9k76qd49\test\test_gtm_tom_3_phase_inverter_pwm.c:242:23: note: each undeclared identifier is reported only once for each function it appears in
C:\Users\extanke\AppData\Local\Temp\tdd_build_9k76qd49\test\test_gtm_tom_3_phase_inverter_pwm.c:249:57: error: 'true' undeclared (first use in this function)
  249 |         if (!increasedU && (curU > prevU)) increasedU = true;
      |                                                         ^~~~
C:\Users\extanke\AppData\Local\Temp\tdd_build_9k76qd49\test\test_gtm_tom_3_phase_inverter_pwm.c:249:57: note: 'true' is defined in header '<stdbool.h>'; this is probably fixable by adding '#include <stdbool.h>'
C:\Users\extanke\AppData\Local\Temp\tdd_build_9k76qd49\test\test_gtm_tom_3_phase_inverter_pwm.c: In function 'test_TC_G6_002_update_wraps_duty_when_exceeding_max_and_uses_single_shadow_transfer_per_call':
C:\Users\extanke\AppData\Local\Temp\tdd_build_9k76qd49\test\test_gtm_tom_3_phase_inverter_pwm.c:273:5: error: unknown type name 'bool'
  273 |     bool wrappedW = false;
      |     ^~~~
C:\Users\extanke\AppData\Local\Temp\tdd_build_9k76qd49\test\test_gtm_tom_3_phase_inverter_pwm.c:273:5: note: 'bool' is defined in header '<stdbool.h>'; this is probably fixable by adding '#include <stdbool.h>'
C:\Users\extanke\AppData\Local\Temp\tdd_build_9k76qd49\test\test_gtm_tom_3_phase_inverter_pwm.c:273:21: error: 'false' undeclared (first use in this function)
  273 |     bool wrappedW = false;
      |                     ^~~~~
C:\Users\extanke\AppData\Local\Temp\tdd_build_9k76qd49\test\test_gtm_tom_3_phase_inverter_pwm.c:273:21: note: 'false' is defined in header '<stdbool.h>'; this is probably fixable by adding '#include <stdbool.h>'
C:\Users\extanke\AppData\Local\Temp\tdd_build_9k76qd49\test\test_gtm_tom_3_phase_inverter_pwm.c:281:24: error: 'true' undeclared (first use in this function)
  281 |             wrappedW = true;
      |                        ^~~~
C:\Users\extanke\AppData\Local\Temp\tdd_build_9k76qd49\test\test_gtm_tom_3_phase_inverter_pwm.c:281:24: note: 'true' is defined in header '<stdbool.h>'; this is probably fixable by adding '#include <stdbool.h>'
