C:\Users\extpedj\AppData\Local\Temp\tdd_build_zy92bps5\src\gtm_tom_3_phase_inverter_pwm.c: In function 'initGtmTomPwm':
C:\Users\extpedj\AppData\Local\Temp\tdd_build_zy92bps5\src\gtm_tom_3_phase_inverter_pwm.c:104:46: error: 'IFXGTM_CMU_CLKEN_FXCLK' undeclared (first use in this function)
  104 |         IfxGtm_Cmu_enableClocks(&MODULE_GTM, IFXGTM_CMU_CLKEN_FXCLK);
      |                                              ^~~~~~~~~~~~~~~~~~~~~~
C:\Users\extpedj\AppData\Local\Temp\tdd_build_zy92bps5\src\gtm_tom_3_phase_inverter_pwm.c:104:46: note: each undeclared identifier is reported only once for each function it appears in
C:\Users\extpedj\AppData\Local\Temp\tdd_build_zy92bps5\src\gtm_tom_3_phase_inverter_pwm.c:112:15: error: 'IfxGtm_Tom_Timer_Config' has no member named 'tom'
  112 |         tmrCfg.tom           = GTM_TOM_TIMEBASE_TOM;
      |               ^
C:\Users\extpedj\AppData\Local\Temp\tdd_build_zy92bps5\src\gtm_tom_3_phase_inverter_pwm.c:35:52: error: 'IfxGtm_Tom_1' undeclared (first use in this function); did you mean 'IfxGtm_Tom_Ch'?
   35 | #define GTM_TOM_TIMEBASE_TOM                       IfxGtm_Tom_1
      |                                                    ^~~~~~~~~~~~
C:\Users\extpedj\AppData\Local\Temp\tdd_build_zy92bps5\src\gtm_tom_3_phase_inverter_pwm.c:112:32: note: in expansion of macro 'GTM_TOM_TIMEBASE_TOM'
  112 |         tmrCfg.tom           = GTM_TOM_TIMEBASE_TOM;
      |                                ^~~~~~~~~~~~~~~~~~~~
C:\Users\extpedj\AppData\Local\Temp\tdd_build_zy92bps5\src\gtm_tom_3_phase_inverter_pwm.c:113:15: error: 'IfxGtm_Tom_Timer_Config' has no member named 'timerChannel'
  113 |         tmrCfg.timerChannel  = GTM_TOM_TIMEBASE_CHANNEL;
      |               ^
C:\Users\extpedj\AppData\Local\Temp\tdd_build_zy92bps5\src\gtm_tom_3_phase_inverter_pwm.c:114:15: error: 'IfxGtm_Tom_Timer_Config' has no member named 'clock'
  114 |         tmrCfg.clock         = GTM_TOM_TIMEBASE_CLOCK;
      |               ^
C:\Users\extpedj\AppData\Local\Temp\tdd_build_zy92bps5\src\gtm_tom_3_phase_inverter_pwm.c:37:52: error: 'IfxGtm_Tom_Ch_ClkSrc_cmuFxclk0' undeclared (first use in this function)
   37 | #define GTM_TOM_TIMEBASE_CLOCK                     IfxGtm_Tom_Ch_ClkSrc_cmuFxclk0
      |                                                    ^~~~~~~~~~~~~~~~~~~~~~~~~~~~~~
C:\Users\extpedj\AppData\Local\Temp\tdd_build_zy92bps5\src\gtm_tom_3_phase_inverter_pwm.c:114:32: note: in expansion of macro 'GTM_TOM_TIMEBASE_CLOCK'
  114 |         tmrCfg.clock         = GTM_TOM_TIMEBASE_CLOCK;
      |                                ^~~~~~~~~~~~~~~~~~~~~~
C:\Users\extpedj\AppData\Local\Temp\tdd_build_zy92bps5\src\gtm_tom_3_phase_inverter_pwm.c:116:15: error: 'IfxGtm_Tom_Timer_Config' has no member named 'base'
  116 |         tmrCfg.base.frequency = GTM_TOM_PWM_FREQUENCY_HZ;
      |               ^
C:\Users\extpedj\AppData\Local\Temp\tdd_build_zy92bps5\src\gtm_tom_3_phase_inverter_pwm.c:56:53: error: 'IfxGtm_TOM1_2_TOUT12_P00_3_OUT' undeclared (first use in this function)
   56 | #define PHASE_U_HS                                 &IfxGtm_TOM1_2_TOUT12_P00_3_OUT
      |                                                     ^~~~~~~~~~~~~~~~~~~~~~~~~~~~~~
C:\Users\extpedj\AppData\Local\Temp\tdd_build_zy92bps5\src\gtm_tom_3_phase_inverter_pwm.c:139:64: note: in expansion of macro 'PHASE_U_HS'
  139 |         outCfg[0].pin                   = (IfxGtm_Pwm_ToutMap*)PHASE_U_HS; /* U: TOM1 CH2 -> P00.3 */
      |                                                                ^~~~~~~~~~
C:\Users\extpedj\AppData\Local\Temp\tdd_build_zy92bps5\src\gtm_tom_3_phase_inverter_pwm.c:57:53: error: 'IfxGtm_TOM1_4_TOUT14_P00_5_OUT' undeclared (first use in this function)
   57 | #define PHASE_V_HS                                 &IfxGtm_TOM1_4_TOUT14_P00_5_OUT
      |                                                     ^~~~~~~~~~~~~~~~~~~~~~~~~~~~~~
C:\Users\extpedj\AppData\Local\Temp\tdd_build_zy92bps5\src\gtm_tom_3_phase_inverter_pwm.c:146:64: note: in expansion of macro 'PHASE_V_HS'
  146 |         outCfg[1].pin                   = (IfxGtm_Pwm_ToutMap*)PHASE_V_HS; /* V: TOM1 CH4 -> P00.5 */
      |                                                                ^~~~~~~~~~
C:\Users\extpedj\AppData\Local\Temp\tdd_build_zy92bps5\src\gtm_tom_3_phase_inverter_pwm.c:58:53: error: 'IfxGtm_TOM1_6_TOUT16_P00_7_OUT' undeclared (first use in this function)
   58 | #define PHASE_W_HS                                 &IfxGtm_TOM1_6_TOUT16_P00_7_OUT
      |                                                     ^~~~~~~~~~~~~~~~~~~~~~~~~~~~~~
C:\Users\extpedj\AppData\Local\Temp\tdd_build_zy92bps5\src\gtm_tom_3_phase_inverter_pwm.c:153:64: note: in expansion of macro 'PHASE_W_HS'
  153 |         outCfg[2].pin                   = (IfxGtm_Pwm_ToutMap*)PHASE_W_HS; /* W: TOM1 CH6 -> P00.7 */
      |                                                                ^~~~~~~~~~
C:\Users\extpedj\AppData\Local\Temp\tdd_build_zy92bps5\src\gtm_tom_3_phase_inverter_pwm.c:194:12: error: 'IfxGtm_Pwm_Config' has no member named 'cluster'
  194 |         cfg.cluster           = (IfxGtm_Cluster)0;                 /* Default cluster */
      |            ^
C:\Users\extpedj\AppData\Local\Temp\tdd_build_zy92bps5\src\gtm_tom_3_phase_inverter_pwm.c:194:34: error: 'IfxGtm_Cluster' undeclared (first use in this function)
  194 |         cfg.cluster           = (IfxGtm_Cluster)0;                 /* Default cluster */
      |                                  ^~~~~~~~~~~~~~
C:\Users\extpedj\AppData\Local\Temp\tdd_build_zy92bps5\src\gtm_tom_3_phase_inverter_pwm.c:194:49: error: expected ';' before numeric constant
  194 |         cfg.cluster           = (IfxGtm_Cluster)0;                 /* Default cluster */
      |                                                 ^
      |                                                 ;
C:\Users\extpedj\AppData\Local\Temp\tdd_build_zy92bps5\src\gtm_tom_3_phase_inverter_pwm.c:195:12: error: 'IfxGtm_Pwm_Config' has no member named 'subModule'
  195 |         cfg.subModule         = IfxGtm_Pwm_SubModule_tom;
      |            ^
C:\Users\extpedj\AppData\Local\Temp\tdd_build_zy92bps5\src\gtm_tom_3_phase_inverter_pwm.c:197:12: error: 'IfxGtm_Pwm_Config' has no member named 'syncStart'
  197 |         cfg.syncStart         = TRUE;                              /* sync start */
      |            ^
C:\Users\extpedj\AppData\Local\Temp\tdd_build_zy92bps5\src\gtm_tom_3_phase_inverter_pwm.c:198:12: error: 'IfxGtm_Pwm_Config' has no member named 'numChannels'
  198 |         cfg.numChannels       = PWM_NUM_CHANNELS;
      |            ^
C:\Users\extpedj\AppData\Local\Temp\tdd_build_zy92bps5\src\gtm_tom_3_phase_inverter_pwm.c:199:13: error: 'IfxGtm_Pwm_Config' has no member named 'channels'; did you mean 'channelsMask'?
  199 |         cfg.channels          = &chCfg[0];
      |             ^~~~~~~~
      |             channelsMask
C:\Users\extpedj\AppData\Local\Temp\tdd_build_zy92bps5\src\gtm_tom_3_phase_inverter_pwm.c:201:12: error: 'IfxGtm_Pwm_Config' has no member named 'dtmClockSource'
  201 |         cfg.dtmClockSource    = IfxGtm_Dtm_ClockSource_cmuClock0; /* DTM clock (not used here) */
      |            ^
C:\Users\extpedj\AppData\Local\Temp\tdd_build_zy92bps5\src\gtm_tom_3_phase_inverter_pwm.c:201:33: error: 'IfxGtm_Dtm_ClockSource_cmuClock0' undeclared (first use in this function)
  201 |         cfg.dtmClockSource    = IfxGtm_Dtm_ClockSource_cmuClock0; /* DTM clock (not used here) */
      |                                 ^~~~~~~~~~~~~~~~~~~~~~~~~~~~~~~~
C:\Users\extpedj\AppData\Local\Temp\tdd_build_zy92bps5\src\gtm_tom_3_phase_inverter_pwm.c:202:12: error: 'IfxGtm_Pwm_Config' has no member named 'syncUpdateEnabled'
  202 |         cfg.syncUpdateEnabled = TRUE;                              /* enable sync update */
      |            ^

In file included from C:\Users\extpedj\Desktop\infineon_POC_MVP\unity/unity.h:22,
                 from C:\Users\extpedj\AppData\Local\Temp\tdd_build_zy92bps5\test\test_gtm_tom_3_phase_inverter_pwm.c:1:
C:\Users\extpedj\AppData\Local\Temp\tdd_build_zy92bps5\test\test_gtm_tom_3_phase_inverter_pwm.c: In function 'test_TC_G1_001_init_enables_gtm_clocks_and_inits_pwm_once':
C:\Users\extpedj\AppData\Local\Temp\tdd_build_zy92bps5\test\test_gtm_tom_3_phase_inverter_pwm.c:37:85: warning: comparison of integer expressions of different signedness: 'int' and 'unsigned int' [-Wsign-compare]
   37 |     TEST_ASSERT_TRUE_MESSAGE((mock_IfxGtm_Tom_Timer_addToChannelMask_getCallCount() >= 1U), "Timer addToChannelMask should be called at least once to include all three channels in update mask");
      |                                                                                     ^~
C:\Users\extpedj\Desktop\infineon_POC_MVP\unity/unity_internals.h:891:107: note: in definition of macro 'UNITY_TEST_ASSERT'
  891 | #define UNITY_TEST_ASSERT(condition, line, message)                                              do { if (condition) { /* nothing*/ } else { UNITY_TEST_FAIL((line), (message)); } } while (0)
      |                                                                                                           ^~~~~~~~~
C:\Users\extpedj\AppData\Local\Temp\tdd_build_zy92bps5\test\test_gtm_tom_3_phase_inverter_pwm.c:37:5: note: in expansion of macro 'TEST_ASSERT_TRUE_MESSAGE'
   37 |     TEST_ASSERT_TRUE_MESSAGE((mock_IfxGtm_Tom_Timer_addToChannelMask_getCallCount() >= 1U), "Timer addToChannelMask should be called at least once to include all three channels in update mask");
      |     ^~~~~~~~~~~~~~~~~~~~~~~~
C:\Users\extpedj\AppData\Local\Temp\tdd_build_zy92bps5\test\test_gtm_tom_3_phase_inverter_pwm.c: In function 'test_TC_G2_002_init_stages_initial_duties_and_applies_shadow_transfer':
C:\Users\extpedj\AppData\Local\Temp\tdd_build_zy92bps5\test\test_gtm_tom_3_phase_inverter_pwm.c:97:41: error: implicit declaration of function 'mock_IfxGtm_Pwm_updateChannelDeadTimeImmediate_getCallCount'; did you mean 'mock_IfxGtm_Pwm_updateChannelsDuty_getCallCount'? [-Wimplicit-function-declaration]
   97 |     TEST_ASSERT_EQUAL_UINT32_MESSAGE(0, mock_IfxGtm_Pwm_updateChannelDeadTimeImmediate_getCallCount(), "Dead-time should not be configured for single-ended PWM (call count must be 0)");
      |                                         ^~~~~~~~~~~~~~~~~~~~~~~~~~~~~~~~~~~~~~~~~~~~~~~~~~~~~~~~~~~
C:\Users\extpedj\Desktop\infineon_POC_MVP\unity/unity_internals.h:904:184: note: in definition of macro 'UNITY_TEST_ASSERT_EQUAL_UINT32'
  904 | #define UNITY_TEST_ASSERT_EQUAL_UINT32(expected, actual, line, message)                          UnityAssertEqualNumber((UNITY_INT)(UNITY_UINT32)(expected), (UNITY_INT)(UNITY_UINT32)(actual), (message), (UNITY_LINE_TYPE)(line), UNITY_DISPLAY_STYLE_UINT32)
      |                                                                                                                                                                                        ^~~~~~
C:\Users\extpedj\AppData\Local\Temp\tdd_build_zy92bps5\test\test_gtm_tom_3_phase_inverter_pwm.c:97:5: note: in expansion of macro 'TEST_ASSERT_EQUAL_UINT32_MESSAGE'
   97 |     TEST_ASSERT_EQUAL_UINT32_MESSAGE(0, mock_IfxGtm_Pwm_updateChannelDeadTimeImmediate_getCallCount(), "Dead-time should not be configured for single-ended PWM (call count must be 0)");
      |     ^~~~~~~~~~~~~~~~~~~~~~~~~~~~~~~~
