C:\Users\KENNET~1\AppData\Local\Temp\tdd_build_caye9wvl\src\egtm_atom_3_phase_inverter_pwm.c: In function 'initEgtmAtom3phInv':
C:\Users\KENNET~1\AppData\Local\Temp\tdd_build_caye9wvl\src\egtm_atom_3_phase_inverter_pwm.c:126:26: error: 'IfxEgtm_Pwm_DeadTime' has no member named 'rise'
  126 |     dtmConfig[0].deadTime.rise  = EGTM3PH_DEADTIME_S;
      |                          ^
C:\Users\KENNET~1\AppData\Local\Temp\tdd_build_caye9wvl\src\egtm_atom_3_phase_inverter_pwm.c:127:27: error: 'IfxEgtm_Pwm_DeadTime' has no member named 'fall'; did you mean 'falling'?
  127 |     dtmConfig[0].deadTime.fall  = EGTM3PH_DEADTIME_S;
      |                           ^~~~
      |                           falling
C:\Users\KENNET~1\AppData\Local\Temp\tdd_build_caye9wvl\src\egtm_atom_3_phase_inverter_pwm.c:131:26: error: 'IfxEgtm_Pwm_DeadTime' has no member named 'rise'
  131 |     dtmConfig[1].deadTime.rise  = EGTM3PH_DEADTIME_S;
      |                          ^
C:\Users\KENNET~1\AppData\Local\Temp\tdd_build_caye9wvl\src\egtm_atom_3_phase_inverter_pwm.c:132:27: error: 'IfxEgtm_Pwm_DeadTime' has no member named 'fall'; did you mean 'falling'?
  132 |     dtmConfig[1].deadTime.fall  = EGTM3PH_DEADTIME_S;
      |                           ^~~~
      |                           falling
C:\Users\KENNET~1\AppData\Local\Temp\tdd_build_caye9wvl\src\egtm_atom_3_phase_inverter_pwm.c:136:26: error: 'IfxEgtm_Pwm_DeadTime' has no member named 'rise'
  136 |     dtmConfig[2].deadTime.rise  = EGTM3PH_DEADTIME_S;
      |                          ^
C:\Users\KENNET~1\AppData\Local\Temp\tdd_build_caye9wvl\src\egtm_atom_3_phase_inverter_pwm.c:137:27: error: 'IfxEgtm_Pwm_DeadTime' has no member named 'fall'; did you mean 'falling'?
  137 |     dtmConfig[2].deadTime.fall  = EGTM3PH_DEADTIME_S;
      |                           ^~~~
      |                           falling
C:\Users\KENNET~1\AppData\Local\Temp\tdd_build_caye9wvl\src\egtm_atom_3_phase_inverter_pwm.c:142:26: error: 'IfxEgtm_Pwm_IrqMode_pulseNotify' undeclared (first use in this function); did you mean 'IfxEgtm_IrqMode_pulseNotify'?
  142 |     irqCfg.mode        = IfxEgtm_Pwm_IrqMode_pulseNotify;
      |                          ^~~~~~~~~~~~~~~~~~~~~~~~~~~~~~~
      |                          IfxEgtm_IrqMode_pulseNotify
C:\Users\KENNET~1\AppData\Local\Temp\tdd_build_caye9wvl\src\egtm_atom_3_phase_inverter_pwm.c:142:26: note: each undeclared identifier is reported only once for each function it appears in
C:\Users\KENNET~1\AppData\Local\Temp\tdd_build_caye9wvl\src\egtm_atom_3_phase_inverter_pwm.c:178:32: error: 'IfxEgtm_Cluster_0' undeclared (first use in this function); did you mean 'IfxEgtm_Cluster'?
  178 |     config.cluster           = IfxEgtm_Cluster_0;                      /* same ATOM cluster */
      |                                ^~~~~~~~~~~~~~~~~
      |                                IfxEgtm_Cluster
C:\Users\KENNET~1\AppData\Local\Temp\tdd_build_caye9wvl\src\egtm_atom_3_phase_inverter_pwm.c:180:32: error: 'IfxEgtm_Pwm_Alignment_centerAlignedSymmetric' undeclared (first use in this function); did you mean 'IfxEgtm_Pwm_Alignment_centerAligned'?
  180 |     config.alignment         = IfxEgtm_Pwm_Alignment_centerAlignedSymmetric;
      |                                ^~~~~~~~~~~~~~~~~~~~~~~~~~~~~~~~~~~~~~~~~~~~
      |                                IfxEgtm_Pwm_Alignment_centerAligned
C:\Users\KENNET~1\AppData\Local\Temp\tdd_build_caye9wvl\src\egtm_atom_3_phase_inverter_pwm.c:185:32: error: 'IfxEgtm_Dtm_ClockSource_cmuClock0' undeclared (first use in this function); did you mean 'IfxEgtm_Dtm_ClockSource_cmuClk0'?
  185 |     config.dtmClockSource    = IfxEgtm_Dtm_ClockSource_cmuClock0;      /* DTM clock */
      |                                ^~~~~~~~~~~~~~~~~~~~~~~~~~~~~~~~~
      |                                IfxEgtm_Dtm_ClockSource_cmuClk0

C:\Users\KENNET~1\AppData\Local\Temp\tdd_build_caye9wvl\mocks\mock_egtm_atom_3_phase_inverter_pwm.c:292:6: error: redefinition of 'IfxEgtm_Pwm_updateChannelsPhaseImmediate'
  292 | void IfxEgtm_Pwm_updateChannelsPhaseImmediate(IfxEgtm_Pwm *pwm, float32 *phases) { (void)pwm; (void)phases; }
      |      ^~~~~~~~~~~~~~~~~~~~~~~~~~~~~~~~~~~~~~~~
C:\Users\KENNET~1\AppData\Local\Temp\tdd_build_caye9wvl\mocks\mock_egtm_atom_3_phase_inverter_pwm.c:274:6: note: previous definition of 'IfxEgtm_Pwm_updateChannelsPhaseImmediate' with type 'void(IfxEgtm_Pwm *, float32 *)' {aka 'void(IfxEgtm_Pwm *, float *)'}
  274 | void IfxEgtm_Pwm_updateChannelsPhaseImmediate(IfxEgtm_Pwm *pwm, float32 *phases) { (void)pwm; (void)phases; }
      |      ^~~~~~~~~~~~~~~~~~~~~~~~~~~~~~~~~~~~~~~~

In file included from C:\Users\Kenneth Anioay\Downloads\infineon_POC_MVP\infineon_POC_MVP\unity/unity.h:22,
                 from C:\Users\KENNET~1\AppData\Local\Temp\tdd_build_caye9wvl\test\test_egtm_atom_3_phase_inverter_pwm.c:1:
C:\Users\KENNET~1\AppData\Local\Temp\tdd_build_caye9wvl\test\test_egtm_atom_3_phase_inverter_pwm.c: In function 'test_TC_02_002_init_config_sets_frequency_and_num_channels_in_init_call_and_led_gpio_configured':
C:\Users\KENNET~1\AppData\Local\Temp\tdd_build_caye9wvl\test\test_egtm_atom_3_phase_inverter_pwm.c:93:76: error: comparison of integer expressions of different signedness: 'int' and 'unsigned int' [-Werror=sign-compare]
   93 |     TEST_ASSERT_TRUE_MESSAGE((mock_IfxPort_setPinModeOutput_getCallCount() >= 1U), "Diagnostic LED GPIO should be configured as output at least once after PWM init");
      |                                                                            ^~
C:\Users\Kenneth Anioay\Downloads\infineon_POC_MVP\infineon_POC_MVP\unity/unity_internals.h:891:107: note: in definition of macro 'UNITY_TEST_ASSERT'
  891 | #define UNITY_TEST_ASSERT(condition, line, message)                                              do { if (condition) { /* nothing*/ } else { UNITY_TEST_FAIL((line), (message)); } } while (0)
      |                                                                                                           ^~~~~~~~~
C:\Users\KENNET~1\AppData\Local\Temp\tdd_build_caye9wvl\test\test_egtm_atom_3_phase_inverter_pwm.c:93:5: note: in expansion of macro 'TEST_ASSERT_TRUE_MESSAGE'
   93 |     TEST_ASSERT_TRUE_MESSAGE((mock_IfxPort_setPinModeOutput_getCallCount() >= 1U), "Diagnostic LED GPIO should be configured as output at least once after PWM init");
      |     ^~~~~~~~~~~~~~~~~~~~~~~~
C:\Users\KENNET~1\AppData\Local\Temp\tdd_build_caye9wvl\test\test_egtm_atom_3_phase_inverter_pwm.c: In function 'test_TC_03_002_repeated_updates_eventually_wrap_a_channel':
C:\Users\KENNET~1\AppData\Local\Temp\tdd_build_caye9wvl\test\test_egtm_atom_3_phase_inverter_pwm.c:125:5: error: unknown type name 'bool'
  125 |     bool wrapObserved = false;
      |     ^~~~
C:\Users\KENNET~1\AppData\Local\Temp\tdd_build_caye9wvl\test\test_egtm_atom_3_phase_inverter_pwm.c:4:1: note: 'bool' is defined in header '<stdbool.h>'; this is probably fixable by adding '#include <stdbool.h>'
    3 | #include "egtm_atom_3_phase_inverter_pwm.h"
  +++ |+#include <stdbool.h>
    4 | 
C:\Users\KENNET~1\AppData\Local\Temp\tdd_build_caye9wvl\test\test_egtm_atom_3_phase_inverter_pwm.c:125:25: error: 'false' undeclared (first use in this function)
  125 |     bool wrapObserved = false;
      |                         ^~~~~
C:\Users\KENNET~1\AppData\Local\Temp\tdd_build_caye9wvl\test\test_egtm_atom_3_phase_inverter_pwm.c:125:25: note: 'false' is defined in header '<stdbool.h>'; this is probably fixable by adding '#include <stdbool.h>'
C:\Users\KENNET~1\AppData\Local\Temp\tdd_build_caye9wvl\test\test_egtm_atom_3_phase_inverter_pwm.c:125:25: note: each undeclared identifier is reported only once for each function it appears in
C:\Users\KENNET~1\AppData\Local\Temp\tdd_build_caye9wvl\test\test_egtm_atom_3_phase_inverter_pwm.c:132:28: error: 'true' undeclared (first use in this function)
  132 |             wrapObserved = true;
      |                            ^~~~
C:\Users\KENNET~1\AppData\Local\Temp\tdd_build_caye9wvl\test\test_egtm_atom_3_phase_inverter_pwm.c:132:28: note: 'true' is defined in header '<stdbool.h>'; this is probably fixable by adding '#include <stdbool.h>'
C:\Users\KENNET~1\AppData\Local\Temp\tdd_build_caye9wvl\test\test_egtm_atom_3_phase_inverter_pwm.c: In function 'test_TC_04_001_isr_toggle_increments_once':
C:\Users\KENNET~1\AppData\Local\Temp\tdd_build_caye9wvl\test\test_egtm_atom_3_phase_inverter_pwm.c:149:21: error: implicit declaration of function 'mock_IfxPort_togglePin_getCallCount'; did you mean 'mock_IfxEgtm_enable_getCallCount'? [-Wimplicit-function-declaration]
  149 |     uint32 before = mock_IfxPort_togglePin_getCallCount();
      |                     ^~~~~~~~~~~~~~~~~~~~~~~~~~~~~~~~~~~
      |                     mock_IfxEgtm_enable_getCallCount
C:\Users\KENNET~1\AppData\Local\Temp\tdd_build_caye9wvl\test\test_egtm_atom_3_phase_inverter_pwm.c: In function 'test_TC_07_002_each_channel_wraps_independently_and_hal_called_once_per_update':
C:\Users\KENNET~1\AppData\Local\Temp\tdd_build_caye9wvl\test\test_egtm_atom_3_phase_inverter_pwm.c:288:5: error: unknown type name 'bool'
  288 |     bool atLeastTwoDifferent = false;
      |     ^~~~
C:\Users\KENNET~1\AppData\Local\Temp\tdd_build_caye9wvl\test\test_egtm_atom_3_phase_inverter_pwm.c:288:5: note: 'bool' is defined in header '<stdbool.h>'; this is probably fixable by adding '#include <stdbool.h>'
C:\Users\KENNET~1\AppData\Local\Temp\tdd_build_caye9wvl\test\test_egtm_atom_3_phase_inverter_pwm.c:288:32: error: 'false' undeclared (first use in this function)
  288 |     bool atLeastTwoDifferent = false;
      |                                ^~~~~
C:\Users\KENNET~1\AppData\Local\Temp\tdd_build_caye9wvl\test\test_egtm_atom_3_phase_inverter_pwm.c:288:32: note: 'false' is defined in header '<stdbool.h>'; this is probably fixable by adding '#include <stdbool.h>'
C:\Users\KENNET~1\AppData\Local\Temp\tdd_build_caye9wvl\test\test_egtm_atom_3_phase_inverter_pwm.c:293:31: error: 'true' undeclared (first use in this function)
  293 |         atLeastTwoDifferent = true;
      |                               ^~~~
C:\Users\KENNET~1\AppData\Local\Temp\tdd_build_caye9wvl\test\test_egtm_atom_3_phase_inverter_pwm.c:293:31: note: 'true' is defined in header '<stdbool.h>'; this is probably fixable by adding '#include <stdbool.h>'
cc1.exe: all warnings being treated as errors
